Pinterest Downloader: Version 1.9

Input URL: https://www.pinterest.com/tondafischer/fantasy-woman/
Folder URL: https://www.pinterest.com/tondafischer/fantasy-woman/

[ 1 ] Pin Id: 496803402655763935

Title: 𝓔𝓼𝓶𝓮𝓻𝓪𝓵𝓭𝓪

[ 2 ] Pin Id: 496803402655763973

Title: Miss Fortune

[ 3 ] Pin Id: 496803402655772309

Title: Spymaster... by Songbird-cosplay on DeviantArt
Link: https://www.deviantart.com/songbird-cosplay/art/Spymaster-587227046

[ 4 ] Pin Id: 496803402655928598

Title: Dynamite Red Sonja: Birth of the She-Devil Pre-Battle Version Fine Art Print by Jeehyung Lee
Link: https://www.sideshow.com/collectibles/dynamite-red-sonja-birth-of-the-she-devil-pre-battle-version-sideshow-collectibles-501064U

[ 5 ] Pin Id: 496803402655928602

Title: Larah Artemel by JuneJenssen on DeviantArt
Link: https://www.deviantart.com/junejenssen/art/Larah-Artemel-892062779

[ 6 ] Pin Id: 496803402655929849

Title: Chinese arts
Link: http://leagueoflegends.wikia.com/wiki/Category:Chinese_arts?file=Garen_DesertTrooperSkin_Ch.jpg

[ 7 ] Pin Id: 496803402655929869

Title: Book Cover 3, Jeremy chong
Link: https://www.artstation.com/artwork/33bZo

[ 8 ] Pin Id: 496803402655929871

Title: HD wallpaper: artwork, illustration, digital art, fan art, drawing, Sciamano240
Link: https://www.wallpaperflare.com/artwork-illustration-digital-art-fan-art-drawing-sciamano240-wallpaper-ytbxu

[ 9 ] Pin Id: 496803402655929891

Title: Class Struggles: The 5e Witch Project
Description: The Other Side blog: Class Struggles: The 5e Witch Project
Link: http://theotherside.timsbrannan.com/2015/12/class-struggles-5e-witch-project.html

[ 10 ] Pin Id: 496803402655958212

Title: ✨💀Gold💀✨, Monable .
Link: https://www.artstation.com/artwork/g2rDmE

[ 11 ] Pin Id: 496803402655958218

Title: Российский Сервис Онлайн-Дневников
Link: https://www.liveinternet.ru/users/sweet5/post468091806/

[ 12 ] Pin Id: 496803402655958221

Title: Claudia, Selene Regener
Link: https://www.artstation.com/artwork/DxVOeG

[ 13 ] Pin Id: 496803402655958223

Title: Sister of the Night, Selene Regener
Description: ArtStation - Sister of the Night, Selene Regener
Link: https://www.artstation.com/artwork/JBWR

[ 14 ] Pin Id: 496803402655958226

Title: James Coleman, 1949 | Walt Disney Fine Art
Link: https://io9.gizmodo.com/best-of-science-fiction-and-fantasy-art-the-chesley-aw-1600352966

[ 15 ] Pin Id: 496803402655958228

Title: Yathlanae by Leirixart on DeviantArt
Description: Yathlanae by Leirixart on DeviantArt
Link: https://www.deviantart.com/leirixart/art/Yathlanae-687171394

[ 16 ] Pin Id: 496803402655958231

Title: 53 Pics and memes to improve your mood.
Description: 53 Pics and memes to improve your mood. - Wow Gallery
Link: https://www.ebaumsworld.com/pictures/53-pics-and-memes-to-improve-your-mood/85993483/?image=85993509

[ 17 ] Pin Id: 496803402655958235

Title: Meanwhile Back in The Dungeon...: Photo
Link: https://meanwhilebackinthedungeon.tumblr.com/image/180502033179

[ 18 ] Pin Id: 496803402655958237

Title: illustration, Bella liu
Link: https://www.artstation.com/artwork/10k18

[ 19 ] Pin Id: 496803402655958238

Title: princess, Hoang tejieng
Link: https://www.artstation.com/artwork/6GrnN

[ 20 ] Pin Id: 496803402656006736

Description: Nat pendant ses leçon avec angel

[ 21 ] Pin Id: 496803402656006741

Description: Alessandra

[ 22 ] Pin Id: 496803402656006771

Description: Йен

[ 23 ] Pin Id: 496803402656006772

Title: Rumor: Gal Gadot's Wonder Woman Outfit Will Include Pants And A Jacket
Description: Rumor: Gal Gadot's Wonder Woman Outfit Will Include Pants And A Jacket
Link: https://io9.gizmodo.com/rumor-gal-gadots-wonder-woman-outfit-will-include-pant-1582880139

[ 24 ] Pin Id: 496803402656006784

Title: Commission: Tiwa by Cher-Ro on DeviantArt
Description: Commission: Tiwa by Cher-Ro on DeviantArt
Link: https://www.deviantart.com/cher-ro/art/Commission-Tiwa-703771155

[ 25 ] Pin Id: 496803402656006785

Title: Ice Princess by Selenada on DeviantArt
Link: https://www.deviantart.com/selenada/art/Ice-Princess-483129428

[ 26 ] Pin Id: 496803402656024759

Title: ArtStation - Explore
Link: https://www.artstation.com/artwork/5368w

[ 27 ] Pin Id: 496803402656024779

Title: Commission : Alynore by JuneJenssen on DeviantArt
Description: Commission : Alynore by JuneJenssen on DeviantArt
Link: https://www.deviantart.com/junejenssen/art/Commission-Alynore-651408067

[ 28 ] Pin Id: 496803402656024786

Description: Catarina

[ 29 ] Pin Id: 496803402656024830

Title: Irina by Nyaka-N on DeviantArt
Description: Irina by Nyaka-N on DeviantArt
Link: https://www.deviantart.com/nyaka-n/art/Irina-764736764

[ 30 ] Pin Id: 496803402656024833

Title: Kileanna by AnnaHelme on DeviantArt
Link: https://www.deviantart.com/annahelme/art/Kileanna-713518936

[ 31 ] Pin Id: 496803402656024834

Title: Portraits III
Link: https://forums.obsidian.net/topic/99990-portraits-iii/page/14/

[ 32 ] Pin Id: 496803402656024837

Title: Commission : Portrait by MarcelaFreire on DeviantArt
Link: https://www.deviantart.com/marcelafreire/art/Commission-Portrait-767749028

[ 33 ] Pin Id: 496803402656024843

Title: Black Heart Bela by BobKehl on DeviantArt
Description: Pirate art; swashbuckler; bandit; rogue; D&D; dnd; pathfinder; female; woman; sword
Link: https://www.deviantart.com/bobkehl/art/Black-Heart-Bela-771204493

[ 34 ] Pin Id: 496803402656024846

Title: Shani by TamikaProud on DeviantArt
Link: https://www.deviantart.com/tamikaproud/art/Shani-697847778

[ 35 ] Pin Id: 496803402656024847

Title: Cutthroat Kaari kalou by BobKehl on DeviantArt
Link: https://www.deviantart.com/bobkehl/art/Cutthroat-Kaari-kalou-787875845

[ 36 ] Pin Id: 496803402656024855

Title: Female Knight, Seung Chan Hong
Link: https://www.artstation.com/artwork/KrKXR4

[ 37 ] Pin Id: 496803402656024856

Title: Blue hair by ShatilovaVictoria on DeviantArt
Link: https://www.deviantart.com/shatilovavictoria/art/Blue-hair-691635326

[ 38 ] Pin Id: 496803402656027281

Title: BobKehl User Profile | DeviantArt
Description: Sunny and Coco the Red by BobKehl on DeviantArt
Link: https://www.deviantart.com/bobkehl

[ 39 ] Pin Id: 496803402656027287

Title: The Floating Panda by BobKehl on DeviantArt
Description: The Floating Panda by BobKehl on DeviantArt
Link: https://www.deviantart.com/bobkehl/art/The-Floating-Panda-803808524

[ 40 ] Pin Id: 496803402656027291

Title: As ilustrações de fantasia com mulheres piratas de Bob Kehl
Description: As ilustrações de fantasia com mulheres piratas de Bob Kehl
Link: https://estou-sem.blogspot.com/2021/06/ilustracoes-fantasia-mulheres-piratas-de-bob-kehl.html

[ 41 ] Pin Id: 496803402656027293

Title: WLOP is creating Comic, Illustrations | Patreon
Link: https://www.patreon.com/wlop

[ 42 ] Pin Id: 496803402656027306

Title: Art of Bob Kehl
Description: Art of Bob Kehl
Link: https://www.bobkehl.com/

[ 43 ] Pin Id: 496803402656027307

Title: Pirate Haven Tortuga by BobKehl on DeviantArt
Link: https://www.deviantart.com/bobkehl/art/Pirate-Haven-Tortuga-886572707#comments

[ 44 ] Pin Id: 496803402656027308

Link: http://media-cache-ec0.pinimg.com/736x/dd/2a/b1/dd2ab1a304e4e7118a06136581508c03.jpg

[ 45 ] Pin Id: 496803402656027311

Title: L. B. 💋 on Twitter
Link: https://twitter.com/lena58265425/status/1308444806604091393/photo/1

[ 46 ] Pin Id: 496803402656027312

Title: Portrait Pack 2024 Full
Link: https://www.nexusmods.com/pathfinderkingmaker/mods/92

[ 47 ] Pin Id: 496803402656027314

Title: Wild Sea Pirate II, Eve Ventrue
Link: https://www.artstation.com/artwork/wElAL

[ 48 ] Pin Id: 496803402656027404

Title: La Rose Noire by Helga-Helleborus on DeviantArt
Link: http://www.deviantart.com/art/La-Rose-Noire-398762164

[ 49 ] Pin Id: 496803402656028903

Title: Reyna Valorant

[ 50 ] Pin Id: 496803402656028908

Title: Arcane Vi wallpaper

[ 51 ] Pin Id: 496803402656028917

Title: Ireth Míriel on Twitter
Link: https://twitter.com/ireth_miriel/status/1468417139191128071?s=12

[ 52 ] Pin Id: 496803402656028919

Title: Fantasy women
Link: https://fantasy-women-art.tumblr.com/post/171168972070

[ 53 ] Pin Id: 496803402656028920

Title: wallpaper jogos-viper valorant
Link: https://www.youtube.com/watch?v=MtEttgw9-qU

[ 54 ] Pin Id: 496803402656028927

Title: trixdraws on Twitter
Description: (1) Inicio / Twitter
Link: https://twitter.com/trixdraws/status/1472671641490579460/photo/1

[ 55 ] Pin Id: 496803402656028930

Title: As ilustrações de fantasia com mulheres piratas de Bob Kehl
Description: As ilustrações de fantasia com mulheres piratas de Bob Kehl
Link: https://estou-sem.blogspot.com/2021/06/ilustracoes-fantasia-mulheres-piratas-de-bob-kehl.html

[ 56 ] Pin Id: 496803402656028933

Title: Wizard/Sorcerer D&D Character Dump
Link: https://imgur.com/gallery/6GEvd43

[ 57 ] Pin Id: 496803402656028940

Title: Valorant Viper 4k 1440x2560 4k Ultra HD Desktop Background Wallpaper for 4K UHD TV » WallpapersKit
Description: Valorant Viper 4K Wallpaper 1440x2560 Resolution
Link: https://www.wallpaperskit.com/wallpaper/1440x2560/valorant-viper-4k-wallpaper-hq/

[ 58 ] Pin Id: 496803402656028943

Title: BobKehl User Profile | DeviantArt
Link: https://www.deviantart.com/bobkehl/gallery

[ 59 ] Pin Id: 496803402656028945

Title: As ilustrações de fantasia com mulheres piratas de Bob Kehl
Description: As ilustrações de fantasia com mulheres piratas de Bob Kehl
Link: https://estou-sem.blogspot.com/2021/06/ilustracoes-fantasia-mulheres-piratas-de-bob-kehl.html

[ 60 ] Pin Id: 496803402656028947

Title: destiny
Link: https://busyempire.blogspot.com/2021/08/a-great-life-youve-got-beautiful-chance.html

[ 61 ] Pin Id: 496803402656028954

Title: ArtStation - Ramia, Serpentigena in 2021 | Fantasy art women, Sci fi concept art, Female fighter
Link: https://www.artstation.com/artwork/R3ZoEy

[ 62 ] Pin Id: 496803402656028959

Title: A Dark And Hollow Star, Christophe Young
Link: https://www.artstation.com/artwork/v22WB3

[ 63 ] Pin Id: 496803402656028972

Title: Chu Trúc Thanh

[ 64 ] Pin Id: 496803402656043334

Title: Aleksandra Skiba 💫 I'M ON PATREON 💫 on Twitter
Link: https://twitter.com/alexineskiba/status/1443262250777780237?s=12

[ 65 ] Pin Id: 496803402656043342

Title: Aprenda a desenhar os seus personagens de animes favoritos | Fan art anime | Anime
Link: https://linktr.ee/fan_art_pro

[ 66 ] Pin Id: 496803402656043344

Title: Aasimar D&D Character Dump
Description: Aasimar D&D Character Dump - Album on Imgur
Link: https://imgur.com/gallery/Ezhve2G

[ 67 ] Pin Id: 496803402656043346

Description: esta historia se tratara sobre la vida de un quirkless y como poco a … #acción # Acción # amreading # books # wattpad
Link: https://www.wattpad.com/story/219552899?utm_source=android&utm_medium=pinterest&utm_content=share_inline_media&wp_page=media_slideshow_button&wp_uname=sabowars&wp_originator=dUgvMaUObjvcIXFAnqAcZ9FMoSo4K%2B%2BVl5f1%2BPa3M9X3k/svtIwvayyzfOr/nbrwaorBNu0kAouAwHt6gXN8boqZ5IIk%2BJelYdEIj2gqY/DzhMyZJqQ4h3I1h55YzMsY

[ 68 ] Pin Id: 496803402656043347

Title: 王国花园的下午
Link: https://yalun.artstation.com/projects/VgX2qb

[ 69 ] Pin Id: 496803402656043354

Link: http://www.deviantart.com/art/Emancipation-Angel-393199315

[ 70 ] Pin Id: 496803402656043356

Title: DE REPENTE  on We Heart It
Description: DE REPENTE, De repente tudo vai ficando tão simples que assusta. A gente vai perdendo algumas necessidades, antes fundamentais e que hoje chegam a ser insignificantes. Vai reduzindo a bagagem e deixando na mala apenas as cenas e pessoas que valem a pena. As opiniões dos outros são unicamente dos outros, e mesmo que sejam sobre nós, não têm a mínima importância. Nada vai mudar...
Link: https://weheartit.com/articles/341856873-de-repente

[ 71 ] Pin Id: 496803402656043361

Title: YouTube
Link: https://www.youtube.com/redirect?event=comments&redir_token=QUFFLUhqa2hLdXpfaXJmLVNhNWdWTkZmNHNOY0trQnNDd3xBQ3Jtc0ttZkpvanBBU1JzTTJIT2N1UWk3SHN2bHFaX1RIY1p4SVdvMHR2Q0hZWm9qWnZEZU10dFlqQ2tocm1URm5qeXZkQUlvWWNfRWtQZU1vQzVKYmNRNFk5RUZRWm1FYmhLallIaU90ZUZxV3V2dE56b19hQQ&q=https://cliqueaquipin.blogspot.com/2022/01/dicas-para-rosto.html&stzid=Ugzyx-JWb1Y4hFh0JIJ4AaABAg

[ 72 ] Pin Id: 496803402656043363

Title: Tracer by StCygnus on DeviantArt
Link: http://www.deviantart.com/art/Tracer-639707817

[ 73 ] Pin Id: 496803402656051211

Title: Sam Yang on Instagram: “Yoga with Kara and Bruce 🐈 (1h 20m) saw this ref on pinterest and HAD to try the lighting here. I love dramatic rim lighting scenarios. You…”
Description: Sam Yang (@samdoesarts) • Фото и видео в Instagram
Link: https://www.instagram.com/p/CUfgHQCrf_t/

[ 74 ] Pin Id: 496803402656051215

Title: Traaaaacer by WANDAKUN on DeviantArt
Description: Traaaaacer by WANDAKUN on DeviantArt
Link: https://www.deviantart.com/wandakun/art/Traaaaacer-683510997

[ 75 ] Pin Id: 496803402656051243

Title: Cre Page: Liên Quân Sáng Tạo (facebook)

[ 76 ] Pin Id: 496803402656051256

Title: Tracer from Overwatch by jiuge on DeviantArt
Description: Tracer from Overwatch by jiuge
Link: https://www.deviantart.com/art/Tracer-from-Overwatch-627858180

[ 77 ] Pin Id: 496803402656051262

Title: Tracer Portrait, KAI (umigraphics)
Link: https://www.artstation.com/artwork/LPK5r

[ 78 ] Pin Id: 496803402656057830

Title: The Youngest Shimada - Bio
Link: https://www.wattpad.com/729971422-the-youngest-shimada-bio?utm_source=web&utm_medium=pinterest&utm_content=share_reading

[ 79 ] Pin Id: 496803402656057862

Title: UMIGRAPHICS ARTWORK
Description: umitaro GALLERY
Link: http://umigraphics.tumblr.com/post/154936728102

[ 80 ] Pin Id: 496803402656057957

Title: Арты, портреты и прочее творчество
Link: https://forum.bioware.ru/topic/33066/

[ 81 ] Pin Id: 496803402656063712

Title: ART06, an art print by Boule De poil
Link: https://www.inprnt.com/gallery/nalex/art06/

[ 82 ] Pin Id: 496803402656063748

Title: Mikki mouse

[ 83 ] Pin Id: 496803402656063776

Title: Homepage
Link: http://community.wizards.com/go/thread/view/75882/20987141/The_Most_Annoying_Rogue_Ever_-_Optimized_Halfling_Rogue?pg=1

[ 84 ] Pin Id: 496803402656071932

Title: The Art Showcase
Link: https://thecollectibles.tumblr.com/post/663218804699037696/art-by-sam-yang

[ 85 ] Pin Id: 496803402656092795

Title: ArtStation - Explore
Link: https://www.artstation.com/artwork/league-of-legend-katarina-fanart

[ 86 ] Pin Id: 496803402656092797

Title: ArtStation - Explore
Link: https://www.artstation.com/artwork/v2QAq3

[ 87 ] Pin Id: 496803402656092805

Title: Girl

[ 88 ] Pin Id: 496803402656092807

Title: Katarina Poster Art by Artgerm on DeviantArt
Description: Es ansel yo lo se
Link: http://www.deviantart.com/art/Katarina-Poster-Art-407609636

[ 89 ] Pin Id: 496803402656092812

Title: Image about art in Illustration 💙 by n2srin 3bd
Link: https://weheartit.com/entry/318924563

[ 90 ] Pin Id: 496803402656092823

Title: Katarina, Anna Maystrenko
Description: Katarina: La noxiana asesina.
Link: https://www.artstation.com/artwork/JE0zD

[ 91 ] Pin Id: 496803402656092827

Title: Dancing Girl, Bin X
Link: https://www.artstation.com/artwork/qYNKn

[ 92 ] Pin Id: 496803402656113476

Title: Melandra by Jorsch on DeviantArt
Description: Melandra by Jorsch
Link: https://www.deviantart.com/jorsch/art/Melandra-566015318

[ 93 ] Pin Id: 496803402656113486

Title: ° Kandomere Ramírez °
Description: cinnamonrolljakoby:“scoby20:“ So much badassery going on in one picture .(Whoever is running the Instagram account for Bright needs a pay raise !!!!)”This is gorgeous!”
Link: https://agent-kandomere.tumblr.com/

[ 94 ] Pin Id: 496803402656124082

Title: Silver Centurion leona by avvart on DeviantArt
Description: Silver Centurion leona by VinogradovAlex on deviantART
Link: http://www.deviantart.com/art/Silver-Centurion-leona-452466015

[ 95 ] Pin Id: 496803402656150953

Title: Aredhel by Selenada on DeviantArt
Link: https://www.deviantart.com/selenada/art/Aredhel-897064664

[ 96 ] Pin Id: 496803402656167151

Title: Sister of the Night by Selenada on DeviantArt
Description: Inspirações para desenhos.
Link: http://selenada.deviantart.com/art/Sister-of-the-Night-413724541

[ 97 ] Pin Id: 496803402656174039

Title: Ошибка 429
Link: https://vk.com/love_art_house

[ 98 ] Pin Id: 496803402656182601

Title: X-23 by NeoArtCorE on DeviantArt
Link: https://www.deviantart.com/neoartcore/art/X-23-803903107

[ 99 ] Pin Id: 496803402656182621

Title: Judy Alvarez by AyyaSAP on DeviantArt
Link: https://www.deviantart.com/ayyasap/art/Judy-Alvarez-866497113

[ 100 ] Pin Id: 496803402656351893

Title: Kaer - Commission by 1Enary1 on DeviantArt | Character portraits, Art, Character art
Link: https://www.deviantart.com/1enary1/art/Kaer-Commission-827261681

[ 101 ] Pin Id: 496803402656351913

Title: Commission: Alystoria by MarcelaFreire on DeviantArt
Link: https://www.deviantart.com/marcelafreire/art/Commission-Alystoria-770415655

[ 102 ] Pin Id: 496803402656351932

Title: Mer-iset x Dimitrii by LAS-T on DeviantArt
Description: Mer-iset x Dimitrii by LAS-T (detail)
Link: http://las-t.deviantart.com/art/Mer-iset-x-Dimitrii-524875139

[ 103 ] Pin Id: 496803402656351972

Title: Luna Aasimar | Wiki | LOTR Amino
Link: https://aminoapps.com/c/lotr/page/item/luna-aasimar/n2fK_I8bVQKPzRBDwkJ5zpj5eXWDJ8

[ 104 ] Pin Id: 496803402656355422

Title: Cyberpunk 2077 Clouds Hostess by rehg_2020
Description: Cyberpunk 2077 Kazuliski. Set in Night City, you play as V (Cherami Leigh), a mercenary going after a Relic, that is the key to immortality. In a world of Street Kids, Corporates and Nomads, become a NC Legend like Samurai, Johnny Silverhand, Saburo Arasaka, Rogue Amendiares, Morgan Blackhand or Alt Cunningham.
Link: https://twitter.com/rehg_2020/status/1351963295758995458/photo/1

[ 105 ] Pin Id: 496803402656383795

Title: Things I Like
Link: https://theagar.tumblr.com/post/182533732741/kassandra-by-prywinko

[ 106 ] Pin Id: 496803402656383801

Title: Legends of Runeterra Blonde Fighter 4K Ultra HD Mobile Wallpaper
Link: https://www.mordeo.org/wallpapers/legends-of-runeterra-blonde-fighter/

[ 107 ] Pin Id: 496803402656383813

Link: http://frc.proboards.com/thread/8507/collection-pictures-262288?page=64

[ 108 ] Pin Id: 496803402656392742

Title: Study, Foo Midori
Link: https://www.artstation.com/artwork/ymlG5

[ 109 ] Pin Id: 496803402656392747

Title: Amelia, June Jenssen
Link: https://www.artstation.com/artwork/9mQVao

[ 110 ] Pin Id: 496803402656392748

Title: Portraits
Link: https://forums.obsidian.net/topic/91743-portraits/page-1

[ 111 ] Pin Id: 496803402656392752

Title: Selenada - Professional, Digital Artist | DeviantArt
Description: Lupa
Link: http://selenada.deviantart.com/gallery/

[ 112 ] Pin Id: 496803402656392753

Title: Character development work, InHyuk Lee
Link: https://www.artstation.com/artwork/Qz1Y5Z

[ 113 ] Pin Id: 496803402656392759

Title: Galina - in the light of Dawn by TheFirstAngel on DeviantArt
Description: Galina - in the light of Dawn by TheFirstAngel
Link: https://www.deviantart.com/thefirstangel/art/Galina-in-the-light-of-Dawn-707291535

[ 114 ] Pin Id: 496803402656392764

Title: Fire Genasi 4
Link: https://www.flickr.com/photos/19178963@N04/5740501873

[ 115 ] Pin Id: 496803402656392766

Title: Cartographer Kyla Morgan, Bob Kehl
Link: https://www.artstation.com/artwork/0n8ByV

[ 116 ] Pin Id: 496803402656392767

Title: Face 12 by sandara on DeviantArt
Link: https://www.deviantart.com/sandara/art/Face-12-691795778

[ 117 ] Pin Id: 496803402656392768

Title: Kileanna by AnnaHelme on DeviantArt
Link: https://www.deviantart.com/annahelme/art/Kileanna-713518936

[ 118 ] Pin Id: 496803402656392772

Title: Here are some memes and fan art. (cuz i'm bored) | Fandom
Link: https://throneofglass.fandom.com/f/p/4400000000000034036

[ 119 ] Pin Id: 496803402656392776

Title: Crow by wlop on DeviantArt
Link: https://www.deviantart.com/wlop/art/Crow-768517454

[ 120 ] Pin Id: 496803402656392777

Title: စောက်ချောကြီးfa system(Complete)(ေစာက္ေခ်ာႀကီးfa system)(Complete)
Description: (host)_"ဝက်သားဖက်စ်(wtf**) လူကြားလို့မှမကောင်းရည်းစားတောင်မထားလိုက်ရဘ… #romance #Romance #amreading #books #wattpad
Link: https://www.wattpad.com/story/285796588?utm_source=android&utm_medium=pinterest&utm_content=share_inline_media&wp_page=media_slideshow_button&wp_uname=SanPhway&wp_originator=JJRXNVe3i7zJg11vVBEsQv7tV8ZC4TYUr51rDcdafga0985eH3QSY3xISViouKQV5dRx7iYSK%2BRReaSOiNeMmMhlr0YZJlBweaVtdfQ22W9EnSK54jwq2vIAaNdxKLAO

[ 121 ] Pin Id: 496803402656392779

Title: S T U D Y 01 Ponytail, N  I  X E U
Link: https://www.artstation.com/artwork/q9gWVa

[ 122 ] Pin Id: 496803402656403063

Title: Sunlight
Link: https://www.behance.net/gallery/130541641/Sunlight

[ 123 ] Pin Id: 496803402656403066

Title: Sunlight
Description: Sunlight on Behance
Link: https://www.behance.net/gallery/130541641/Sunlight

[ 124 ] Pin Id: 496803402656403071

Title: Pirate Palms by BobKehl on DeviantArt
Link: https://www.deviantart.com/bobkehl/art/Pirate-Palms-885093562

[ 125 ] Pin Id: 496803402656403074

Title: BobKehl User Profile | DeviantArt
Link: https://www.deviantart.com/bobkehl/gallery

[ 126 ] Pin Id: 496803402656403077

Title: Scars by Yioshka on DeviantArt
Link: https://www.deviantart.com/yioshka/art/Scars-835494920

[ 127 ] Pin Id: 496803402656405896

Title: Gedyneith Flaminica - Gwent Card, Anna Podedworna
Description: Anna Podedworna
Link: https://www.artstation.com/p/1D1e2

[ 128 ] Pin Id: 496803402656435130

Title: Petra, Karrah E
Link: https://www.artstation.com/artwork/EawqZ0

[ 129 ] Pin Id: 496803402656435133

Title: Kidds Treasure Art Print by Bobkehl
Link: https://society6.com/product/kidds-treasure_print?c_kid=s6-7396739p4a1v45&sku=s6-7396739p4a1v45&utm_source=pinterest&utm_medium=social&utm_campaign=2331

[ 130 ] Pin Id: 496803402656435143

Title: The Pirate Chronicler, Bob Kehl
Link: https://www.artstation.com/artwork/k42JQ6

[ 131 ] Pin Id: 496803402656435157

Title: Amelia by Drkav on DeviantArt
Link: https://www.deviantart.com/drkav/art/Amelia-873819810

[ 132 ] Pin Id: 496803402656439025

Title: Kuvshinov Ilya
Link: http://kuvshinov-ilya.tumblr.com/

[ 133 ] Pin Id: 496803402656439036

Title: ArtStation - HELEN OF TROY
Link: https://www.artstation.com/davidzavala/blog/GlML/helen-of-troy

[ 134 ] Pin Id: 496803402656439037

Title: Nika on Twitter
Link: https://twitter.com/_nikanono/status/1162601319166668800/photo/2

[ 135 ] Pin Id: 496803402656439039

Title: Black Turtleneck | Kuvshinov Ilya on Patreon
Link: https://www.patreon.com/creation?hid=1936799&u=366054

[ 136 ] Pin Id: 496803402656439043

Title: lark, Ilya Kuvshinov
Description: ArtStation - lark, Ilya Kuvshinov
Link: https://www.artstation.com/artwork/LOl8v

[ 137 ] Pin Id: 496803402656439045

Title: ArtStation - Explore
Description: ArtStation - Gloves, Ilya Kuvshinov
Link: https://www.artstation.com/artwork/gloves

[ 138 ] Pin Id: 496803402656439046

Title: 2 hours photo study, Rui Li
Description: ArtStation - 2 hours photo study, Rui Li
Link: https://www.artstation.com/artwork/6aPqvV

[ 139 ] Pin Id: 496803402656439058

Title: heart, Ilya Kuvshinov
Description: ArtStation - heart, Ilya Kuvshinov
Link: https://www.artstation.com/artwork/5EqYA

[ 140 ] Pin Id: 496803402656439059

Title: Kuvshinov Ilya
Description: Kuvshinov Ilya
Link: http://kuvshinov-ilya.tumblr.com/post/161777099740/lashes

[ 141 ] Pin Id: 496803402656439060

Title: Faith, Ilya Kuvshinov
Description: ArtStation - Faith, Ilya Kuvshinov
Link: https://www.artstation.com/artwork/1xgYe

[ 142 ] Pin Id: 496803402656439067

Title: Kuvshinov Ilya: Photo
Description: Kuvshinov Ilya : Photo
Link: http://kuvshinov-ilya.tumblr.com/image/154506813295

[ 143 ] Pin Id: 496803402656439072

Title: Snow white and her 7 dwarfs [BTS FF]
Link: https://www.wattpad.com/story/278564774?utm_source=android&utm_medium=pinterest&utm_content=share_inline_media&wp_page=media_slideshow_button&wp_uname=Nicyjoseph&wp_originator=EsDBZRAVrsEjpREgipNcIrUZa%2B9mqC2B0dsabUIlUjdhrqKjg/mXCLy8KJCIHB7ENShd0IRb9kPN4loSLpNm%2B4oU3wDGNegybTKJd5L0J4hCgBYogDfM3sV4RIQ8MI/f

[ 144 ] Pin Id: 496803402656439074

Title: Elden Ring - Melina the Maiden [ Live Wallpaper ] DOWNLOAD: https://youtu.be/XBBIgL-rQxA [Video] in 2022 | Dark souls art, Dark souls artwork, Anime art girl
Link: https://www.pinterest.ru/pin/1101059808871827082/

[ 145 ] Pin Id: 496803402656442811

Title: S T U D Y  00, N  I  X E U
Link: https://www.artstation.com/artwork/d8YewQ

[ 146 ] Pin Id: 496803402656442814

Title: Neon Cyberpunk Style Girl Wallpaper
Link: https://m.youtube.com/watch?v=2SoLr2zNqAw&feature=youtu.be

[ 147 ] Pin Id: 496803402656442816

Title: RAVEN: The Song of Death - Taelice
Link: https://www.wattpad.com/story/172348016?utm_source=android&utm_medium=pinterest&utm_content=share_inline_media&wp_page=media_slideshow_button&wp_uname=MudyahDyah&wp_originator=LSIA8dKpILNMY7y8OgqwTs0tE5SCU6osWEfaIpiDHkKwILjKvPBlVjMEWhrrQp3iXOQzNyLlt9re999sTp%2BQqGTKHRpMTy/dZ/PuEOxiMpMGXMNkIv7olbeU75wVptrQ

[ 148 ] Pin Id: 496803402656442826

Title: sexually burning
Link: https://shahjehankumma.tumblr.com/post/643537521898323968

[ 149 ] Pin Id: 496803402656447679

Title: Downtown Vampire, N  I  X E U
Description: ArtStation - Downtown Vampire, N I X E U
Link: https://www.artstation.com/artwork/2q9LPA

[ 150 ] Pin Id: 496803402656447686

Title: GUWEIZ on Twitter
Link: https://twitter.com/ttguweiz/status/1290289407489011712/photo/1

[ 151 ] Pin Id: 496803402656447695

Title: kunoichi, Phichaya(Scykiazor) boonton
Link: https://www.artstation.com/artwork/XBoK0a

[ 152 ] Pin Id: 496803402656515263

Title: Lenia, WLOP
Link: https://www.artstation.com/artwork/N8DAP?utm_campaign=notify&utm_medium=email&utm_source=notifications_mailer

[ 153 ] Pin Id: 496803402656524936

Title: Угадали?)
Link: https://youtube.com/channel/UCJ-aHbhqvLzagWclT5Lsg4A

[ 154 ] Pin Id: 496803402656524939

Title: GOLDEN Nerita, Lucia Hsiang
Link: https://www.artstation.com/artwork/oA4dmz

[ 155 ] Pin Id: 496803402656524971

Title: Cr : @39suki_peropero on Twitter

[ 156 ] Pin Id: 496803402656549824

Title: Butterfly, KD Chen
Link: https://www.artstation.com/artwork/DGebn

[ 157 ] Pin Id: 496803402656549825

Title: 19 illustrations 20 portraits
Description: Cara Jocelyn Delevingne by Viktor Miller-Gausa
Link: https://www.behance.net/gallery/21341523/19-illustrations-20-portraits

[ 158 ] Pin Id: 496803402656566716

Title: "Alice | Resident evil: The final chapter" by Roman Kupriyanov
Link: https://www.reddit.com/r/residentevil/comments/k0guy4/alice_resident_evil_the_final_chapter_by_roman/?utm_source=share&utm_medium=mweb

[ 159 ] Pin Id: 496803402656570472

Title: ImagineFX Anniversary Cover!, Rossdraws ✦
Description: Here's the Anniversary Cover! AGHHH Tutorial coming out on my Patreon soon!: patreon.com/rossdraws
Link: https://www.artstation.com/artwork/3b90B

[ 160 ] Pin Id: 496803402656570474

Title: Sam Yang on Twitter
Link: https://twitter.com/samdoesarts/status/1496533855695785990

[ 161 ] Pin Id: 496803402656570487

Title: Wonder woman 2, Eric Persson
Link: https://www.artstation.com/artwork/30NXo

[ 162 ] Pin Id: 496803402656639713

Title: Earth Elf, Aimee Lynette
Link: https://www.artstation.com/artwork/D5rrl0

[ 163 ] Pin Id: 496803402656639728

Title: Leyloria by Cher-Ro on DeviantArt
Link: https://www.deviantart.com/cher-ro/art/Leyloria-839995997

[ 164 ] Pin Id: 496803402656639731

Title: Thorn, June Jenssen
Link: https://www.artstation.com/artwork/RYQaQv

[ 165 ] Pin Id: 496803402656639737

Title: Tyrande Whisperwind by AzaliahArtz on DeviantArt
Link: https://www.deviantart.com/azaliahartz/art/Tyrande-Whisperwind-826854269

[ 166 ] Pin Id: 496803402656639739

Title: magic of the night by DenaHelmi on DeviantArt
Link: https://www.deviantart.com/denahelmi/art/magic-of-the-night-584724765

[ 167 ] Pin Id: 496803402656674059

Title: The fallen queen
Link: https://www.behance.net/gallery/137041015/The-fallen-queen/modules/775054697

[ 168 ] Pin Id: 496803402656695326

Title: ArtStation - Explore
Description: ArtStation - ImagineFX Cover Issue 114, Charlie Bowater
Link: https://www.artstation.com/artwork/imaginefx-cover-issue-114

[ 169 ] Pin Id: 496803402656695336

Title: Therarda - Hobbyist, Digital Artist | DeviantArt
Description: Therarda - Hobbyist, Digital Artist | DeviantArt
Link: https://www.deviantart.com/therarda/gallery

[ 170 ] Pin Id: 496803402656695339

Title: Anzu commission, Stella Colorado
Link: https://www.artstation.com/artwork/g2Q5y8

[ 171 ] Pin Id: 496803402656695343

Link: https://twitter.com/MagicnaAnavi/status/1474074104424771584/photo/1

[ 172 ] Pin Id: 496803402656733814

Title: Beauty by Firelight

[ 173 ] Pin Id: 496803402656733854

Title: Winter, Nibelart .
Link: https://www.artstation.com/artwork/Yex4mq

[ 174 ] Pin Id: 496803402656733869

Title: A Sky Full Of Stars by Charlie-Bowater on DeviantArt
Description: A Sky Full Of Stars by Charlie-Bowater on DeviantArt
Link: https://www.deviantart.com/charlie-bowater/art/A-Sky-Full-Of-Stars-457887268

[ 175 ] Pin Id: 496803402656733873

Title: The Avenger
Description: When you need a defender, there are none better than Petricore.

[ 176 ] Pin Id: 496803402656733875

Title: Ria 🏳️‍🌈 🐇 on Twitter
Link: https://twitter.com/ria_neearts/status/1366458360204308483/photo/1

[ 177 ] Pin Id: 496803402656751921

Title: Elven princess, Galina Butakova
Link: https://www.artstation.com/artwork/zNKr4

[ 178 ] Pin Id: 496803402656751924

Title: Turning of Tides
Description: Turning of Tides
Link: https://www.quotev.com/story/9419949/Turning-of-Tides

[ 179 ] Pin Id: 496803402656751926

Title: Kingdom Come, Carolin Aust
Link: https://www.artstation.com/artwork/oOo6dL

[ 180 ] Pin Id: 496803402656770817

Title: An Interesting Alliance (ON HOLD)
Description: An Interesting Alliance (PJO and Avengers Crossover)
Link: https://www.wattpad.com/story/149126042-an-interesting-alliance-pjo-and-avengers-crossover

[ 181 ] Pin Id: 496803402656770819

Title: Therarda - Hobbyist, Digital Artist | DeviantArt
Link: https://www.deviantart.com/therarda/gallery

[ 182 ] Pin Id: 496803402656770823

Title: qtsie
Description: Commission for the amazing trippinsanity!! One of her lovely OC’s Angie :D I really enjoyed drawing this one, so much attitude!! Long red streaks in her hair and red lips, can’t go wrong!! High-res available on my blog!
Link: http://qtsie.tumblr.com/post/83054812091/commission-for-the-amazing-trippinsanity-one-of

[ 183 ] Pin Id: 496803402656770825

Title: Amorae, June Jenssen
Link: https://www.artstation.com/artwork/3oGBn2

[ 184 ] Pin Id: 496803402656770830

Title: I Am Not Your Sidekick - I'm going to write an original
Link: https://www.wattpad.com/291690744?utm_source=ios&utm_medium=pinterest&utm_content=share_inline_media&wp_page=reading_inline&wp_uname=Allfandom_girl3&wp_originator=HeglnHpsVuOk3ioUUlIQtPe1mXx/sMQP1nYi4Y4UfsS8SmPvXhGi3zFT17Tris1jCzNqikl3a8ELXzcN9T59REfAFONgoCF/qZ4kJfnKsKYKGiJGVkECnB/mAxiRqHiM

[ 185 ] Pin Id: 496803402656770844

Title: Eadda by JuneJenssen on DeviantArt
Description: Eadda by JuneJenssen
Link: https://www.deviantart.com/junejenssen/art/Eadda-730406658

[ 186 ] Pin Id: 496803402656770846

Title: The Art Showcase
Link: https://thecollectibles.tumblr.com/post/629067200592052224/art-by-sam-yang

[ 187 ] Pin Id: 496803402656770854

Title: Gwyneth Berdara
Link: https://acourtofthornsandroses.fandom.com/wiki/Gwyneth_Berdara

[ 188 ] Pin Id: 496803402656770855

Title: 일러스트레이터 굥디 | Kyungji Park 🇰🇷’s Instagram profile post: “#협찬 @GYONG_D X @GASTONLUGA  ☔2021장마 캠페인☔  🇸🇪스웨덴 갬성 '비건레더 백팩' 전문 가스톤루가! 슬기롭게 장마를 보내기 위한 할인 이벤트를 준비했대요🙊  구매시 🌱GYONG15🌱 적용시 '15%' 할인!!! 할인 코드는…”
Description: 굥디 | Kyungji Park 🇰🇷 on Instagram: “#협찬 @GYONG_D X @GASTONLUGA ☔2021장마 캠페인☔ 🇸🇪스웨덴 갬성 '비건레더 백팩' 전문 가스톤루가! 슬기롭게 장마를 보내기 위한 할인 이벤트를 준비했대요🙊 구매시 🌱GYONG15🌱 적용시 '15%' 할인!!! 할인 코드는…”
Link: https://www.instagram.com/p/CSQs2u0HO98/?utm_medium=share_sheet

[ 189 ] Pin Id: 496803402656770864

Title: Cambia formas; Camilo Madrigal x ____
Description: La familia Rodríguez se muda a un pequeño pueblo pero... quién diría … #fanfic # Fanfic # amreading # books # wattpad
Link: https://www.wattpad.com/story/299165656?utm_source=android&utm_medium=pinterest&utm_content=share_inline_media&wp_page=media_slideshow_button&wp_uname=DinorahValverde&wp_originator=AIZmdd1ipnkA0932zs4YuqKaeRZuyBWlRBzfbT7uokHnWKZlTseuFjut%2BVD%2BcKugaaH%2BtudkJVHJ0P7BIn3IUn4IfbaVY4/o%2BPTR%2Bkdx%2BGbMmzX0ufNyIuqQPplNDuFe

[ 190 ] Pin Id: 496803402656770893

Title: Feyre

[ 191 ] Pin Id: 496803402656789619

Title: hxjcixng
Link: https://hxjcixng.tumblr.com/post/187693647476

[ 192 ] Pin Id: 496803402656789656

Title: Gotta feed the fury dude
Link: https://blackbelles.tumblr.com/post/678456000175620096

[ 193 ] Pin Id: 496803402656837882

Title: GW2 - Ritualist, Kme
Link: https://www.artstation.com/artwork/8ePBoq

[ 194 ] Pin Id: 496803402656837899

Title: horizon zero dawn comic - variant cover 3 by loish on DeviantArt
Link: https://www.deviantart.com/loish/art/horizon-zero-dawn-comic-variant-cover-3-851142699

[ 195 ] Pin Id: 496803402656837900

Title: eliza 💫k on Twitter
Link: https://mobile.twitter.com/elizastarkart/status/1405526744593944590/photo/1

[ 196 ] Pin Id: 496803402656837923

Title: Женский образ в цифровых рисунках
Description: Женский образ в цифровых рисунках | Калейдоскоп новостей | Яндекс Дзен
Link: https://zen.yandex.ru/media/kaleidoscopelive/jenskii-obraz-v-cifrovyh-risunkah-5d65146d1ee34f00add99450

[ 197 ] Pin Id: 496803402656837925

Title: Muriah, Nixri ✦
Link: https://www.artstation.com/artwork/lxe9Da

[ 198 ] Pin Id: 496803402656837926

Title: Ramia, Serpentigena
Link: https://www.artstation.com/artwork/R3ZoEy

[ 199 ] Pin Id: 496803402656837927

Title: Fatima, June Jenssen
Link: https://www.artstation.com/artwork/lxnLqe

[ 200 ] Pin Id: 496803402656837930

Title: Dzjana (Commission) by Therarda on DeviantArt
Link: https://www.deviantart.com/therarda/art/Dzjana-Commission-859145564

[ 201 ] Pin Id: 496803402656837933

Title: Ведьмы и магия в рисунках корейского художника
Description: Ведьмы и магия в рисунках корейского художника | Делать надо, а лень | Яндекс Дзен
Link: https://zen.yandex.ru/media/delatalen/vedmy-i-magiia-v-risunkah-koreiskogo-hudojnika-5e3bdb82785a7f205a6a9af0

[ 202 ] Pin Id: 496803402656842587

Title: ArtStation - Explore
Link: https://www.artstation.com/artwork/rAexV5

[ 203 ] Pin Id: 496803402656842594

Title: NCSOFT_lineage_season4_lala, Kim Sung Hwan
Link: https://www.artstation.com/artwork/8rDZR

[ 204 ] Pin Id: 496803402656842609

Title: Mielikki, Riikka Sofia Riekkinen
Link: https://www.artstation.com/artwork/2NPGv

[ 205 ] Pin Id: 496803402656842610

Title: Elements - Earth, Riikka Sofia Riekkinen
Description: Elements - Earth
Link: https://www.artstation.com/artwork/1azlo

[ 206 ] Pin Id: 496803402656842612

Title: St joan, bramasta aji
Description: ArtStation - St joan, bramasta aji
Link: https://www.artstation.com/artwork/go0X8

[ 207 ] Pin Id: 496803402656842617

Link: https://www.wattpad.com/story/282947787?utm_source=android&utm_medium=pinterest&utm_content=share_inline_media&wp_page=media_slideshow_button&wp_uname=darkdrag9901&wp_originator=4b/95g%2BK5/6XW6hLHd9iDBvuhe4%2B9uSw68wGTHwjxMZGIT9bFdM/lG8ASS%2Bq1RbUxBCcWAheQPwnulkGIvfNzD5jhfnQOeCGACDsdNs0KVlu5uuX4unINvSrcY8ntj2k

[ 208 ] Pin Id: 496803402656842620

Title: Can some1 tell me who made this masterpiece???
Description: 예스카지노 예스카지노★━┫ JASW77.COM ┣━★예스카지노 예스카지노주소◈예스카지노 예스카지노★━┫ JASW77.COM ┣━★예스카지노 예스카지노추천◈예스카지노 예스카지노★━┫ JASW77.COM ┣━★예스카지노 예스카지노사이트
Link: https://www.reddit.com/r/LoLFanArt/comments/f1dd6a/can_some1_tell_me_who_made_this_masterpiece/?utm_medium=android_app&utm_source=share

[ 209 ] Pin Id: 496803402656842621

Title: Keeper Art Laura Hollingsworth Gallery - Shannon Messenger
Link: https://shannonmessenger.com/keeper-of-lost-cities/laura-hollingsworth-gallery.html

[ 210 ] Pin Id: 496803402656842623

Title: Preferencje PJ i OH
Description: Cel tej opowieści wynika z tytułu. Osoby występujące w książce : - Pe… #fanfiction # Fanfiction # amreading # books # wattpad
Link: https://www.wattpad.com/story/117285208?utm_source=android&utm_medium=pinterest&utm_content=share_inline_media&wp_page=media_slideshow_button&wp_uname=Kapelusia&wp_originator=/a9/Css67d5052fut18H/uMtGLSdPekHQ5ioq6%2BG4AmSi0mOZEZKMYUhUYhdQvIvdrujlODvqlmDJ7stwmyYJLioFixypmj9GQc49pwbB3WmYhdEglue1tjHVfL1E0H4

[ 211 ] Pin Id: 496803402656842626

Title: Things I Like
Link: https://theagar.tumblr.com/post/177811708361

[ 212 ] Pin Id: 496803402656842629

Title: CORE Characters, Gerry Arthur
Description: ArtStation - CORE Characters, Gerry Arthur
Link: https://www.artstation.com/artwork/6NgEr

[ 213 ] Pin Id: 496803402656842631

Title: The magic of the Internet
Link: https://imgur.com/TVVc9gj

[ 214 ] Pin Id: 496803402656842632

Title: Lady Karina Crownsilver by blackstoneca on DeviantArt
Link: https://www.deviantart.com/blackstoneca/art/Lady-Karina-Crownsilver-739537825

[ 215 ] Pin Id: 496803402656842634

Title: Gaze!, Aleksei Vinogradov
Link: https://www.artstation.com/artwork/qOQPD

[ 216 ] Pin Id: 496803402656842638

Title: LEAGUE OF LEGENDS - KATARINA (SCARLETT JOHANSSON) , Mizuri
Link: https://www.artstation.com/artwork/Dx9Wye

[ 217 ] Pin Id: 496803402656842646

Title: Aloy exploratory painting, Mike Azevedo
Description: ArtStation - Aloy exploratory painting, Mike Azevedo
Link: https://www.artstation.com/artwork/r5dla

[ 218 ] Pin Id: 496803402656842649

Title: imgur.com
Link: http://imgur.com/C9SXuPp

[ 219 ] Pin Id: 496803402656842650

Title: Aloy, warrior, Horizon Zero Dawn, game, artwork, 720x1280 wallpaper
Link: https://wallpapersmug.com/w/download/720x1280/aloy-horizon-zero-dawn-game-artwork-744fe6

[ 220 ] Pin Id: 496803402656851448

Title: Purple, Aleksei Vinogradov
Link: https://www.artstation.com/artwork/4GGQl

[ 221 ] Pin Id: 496803402656851450

Title: The Misadventures of an IronDad - Higher, Further, Faster
Link: https://www.wattpad.com/863949390-the-misadventures-of-an-irondad-higher-further?utm_source=web&utm_medium=pinterest&utm_content=share_reading

[ 222 ] Pin Id: 496803402656851470

Title: Science Fiction & Fantasy
Link: http://sciencefictionally.tumblr.com/post/127321336085/char-portraits-arwen-by-magali-villeneuve

[ 223 ] Pin Id: 496803402656851478

Title: Black Widow, Cheol Joo Lee
Link: https://www.artstation.com/artwork/YaRz6w

[ 224 ] Pin Id: 496803402656851481

Title: Magali Villeneuve on Twitter
Link: https://twitter.com/cathaoir1/status/671681607284203521

[ 225 ] Pin Id: 496803402656861893

Title: Here to Raze Hell
Link: http://wearepaladin.tumblr.com/post/178394264103/mrs-by-emilis-emka

[ 226 ] Pin Id: 496803402656861895

Title: photo study elsa hoske by ChrisKimArt on DeviantArt
Link: http://www.deviantart.com/art/photo-study-elsa-hoske-439708571

[ 227 ] Pin Id: 496803402656863802

Title: Watercolor- Character Comissions , Seren
Link: https://www.artstation.com/artwork/oAd6RJ

[ 228 ] Pin Id: 496803402656863882

Title: Face Study, Cameron Mark
Link: https://www.artstation.com/artwork/28BmRJ

[ 229 ] Pin Id: 496803402656864234

Title: Sunkissed Faye, Rossdraws ✦
Description: ArtStation - Sunkissed Faye, Rossdraws ✦
Link: https://www.artstation.com/artwork/Vg8qNP

[ 230 ] Pin Id: 496803402656905372

Title: CyberClays — Shirley Yang - by  G-host Lee
Link: http://cyberclays.tumblr.com/post/145571782080/shirley-yang-by-g-host-lee/amp

[ 231 ] Pin Id: 496803402656905424

Title: Something Different (A Male Reader x K/DA Story) - Part 10
Link: https://www.wattpad.com/1088028392-something-different-a-male-reader-x-k-da-story?utm_source=web&utm_medium=pinterest&utm_content=share_reading

[ 232 ] Pin Id: 496803402656939026

Title: 001, Wuoooo
Link: https://www.artstation.com/artwork/XnaeZw

[ 233 ] Pin Id: 496803402656939028

Title: Arcane Mage by Nixri on DeviantArt
Description: Elfos e suas magias unicas runicas em corpos
Link: https://nixri.deviantart.com/art/Arcane-Mage-744497133

[ 234 ] Pin Id: 496803402656943973

Title: Kitty by Raichiyo33 on DeviantArt
Description: Kitty by Raichiyo33 on DeviantArt
Link: http://www.deviantart.com/art/Kitty-489852738

[ 235 ] Pin Id: 496803402656943977

Title: 25-05-2015 by NeoArtCorE on DeviantArt
Link: https://www.deviantart.com/neoartcore/art/25-05-2015-535232111

[ 236 ] Pin Id: 496803402656943990

Description: ♪ Arte de  J. Scott Campbell

[ 237 ] Pin Id: 496803402656944006

Title: Lux by Raichiyo33 on DeviantArt
Description: Lux by Raichiyo33 on DeviantArt
Link: https://www.deviantart.com/raichiyo33/art/Lux-460359495

[ 238 ] Pin Id: 496803402656944040

Title: Adventurer Maker PNG files!
Link: http://imgur.com/r/DFO/chAqw

[ 239 ] Pin Id: 496803402656944045

Title: Photo
Link: https://www.flickr.com/photos/152012189@N03/44371971130

[ 240 ] Pin Id: 496803402656952065

Title: Rey. , Mironishin Story
Link: https://www.artstation.com/artwork/nQX2no

[ 241 ] Pin Id: 496803402656952075

Title: Fel'anyr the High Elf Evocation Wizard
Link: https://www.reddit.com/r/DnDart/comments/rppzp3/felanyr_the_high_elf_evocation_wizard/?utm_source=share&utm_medium=ios_app&utm_name=iossmf

