Pinterest Downloader: Version 1.9

Input URL: https://www.pinterest.com/tondafischer/witcher/
Folder URL: https://www.pinterest.com/tondafischer/witcher/

[ 1 ] Pin Id: 496803402644539802

Description: ✌︎︎ૐ☾follow @kaceytaylero for more

[ 2 ] Pin Id: 496803402626907794

Title: The Witcher 3: Wild Hunt Skellige Armor, Marek Madej
Description: The Witcher 3: Wild Hunt Skellige Armor, Marek Madej on ArtStation at https://www.artstation.com/artwork/WGNRQ
Link: https://www.artstation.com/artwork/WGNRQ

[ 3 ] Pin Id: 496803402626907797

Title: thewitcher3ps4.com
Description: Game Wallpapers, game images, game pictures, The Witcher 3 Wild Hunt   http://thewitcher3ps4.com/the-witcher-3-gallery/
Link: http://thewitcher3ps4.com/the-witcher-3-gallery/

[ 4 ] Pin Id: 496803402626907799

Title: Yennefer from the Witcher 3 - Skyrim Mod Requests
Description: Yennefer Witcher 3 - wishing the thigh wasn't so exposed, any fighter/warrior knows they need protection on your legs, especially the inner thigh
Link: http://forums.nexusmods.com/index.php?/topic/2960664-yennefer-from-the-witcher-3/

[ 5 ] Pin Id: 496803402626907801

Title: The Witcher 3 Steelbooks
Description: The Witcher 3 Steelbooks | fierybeth
Link: https://fierybeth.wordpress.com/2015/03/24/the-witcher-3-steelbooks/

[ 6 ] Pin Id: 496803402626907803

Title: ArtStation - Explore
Description: The Witcher , Raquel Cornejo on ArtStation at https://www.artstation.com/artwork/ePE1b
Link: https://www.artstation.com/artwork/ePE1b

[ 7 ] Pin Id: 496803402626907804

Title: ArtStation - Explore
Description: ArtStation - Yennefer Fan Art [Witcher 3], Tomas Hjorth
Link: https://www.artstation.com/artwork/yennefer-fan-art-witcher-3

[ 8 ] Pin Id: 496803402626907806

Title: JoyReactor - смешные картинки и другие приколы: комиксы, гиф анимация, видео, лучший интеллектуальный юмор.
Description: Ciri,Witcher Персонажи,The Witcher,Ведьмак, Witcher, ,фэндомы,The Witcher 3,Ведьмак 3,cirilla
Link: http://joyreactor.cc/6539

[ 9 ] Pin Id: 496803402626907808

Title: thewitcher3ps4.com
Description: The Witcher 3: Wild Hunt  http://thewitcher3ps4.com/the-witcher-3-gallery/
Link: http://thewitcher3ps4.com/the-witcher-3-gallery/

[ 10 ] Pin Id: 496803402626907811

Title: Page not found
Description: "The flames obey one will here. Gaze upon your funeral pyre. I am Akira, and I will set your world ablaze to watch you burn."
Link: http://abduzeedo.com/witcher-3-gwent-cards-and-concept-art-marek-madej

[ 11 ] Pin Id: 496803402626907812

Title: The Witcher 3 Steelbooks
Description: The Witcher 3 Steelbooks | fierybeth
Link: https://fierybeth.wordpress.com/2015/03/24/the-witcher-3-steelbooks/

[ 12 ] Pin Id: 496803402626907813

Link: https://40.media.tumblr.com/f6bcca94fcfa6ce3b6af98b647d4f3eb/tumblr_nu8qedEWar1ufgoijo2_500.jpg

[ 13 ] Pin Id: 496803402626907815

Title: Page not found
Description: The Witcher 3 Gwent Cards and Concept Art
Link: http://abduzeedo.com/witcher-3-gwent-cards-and-concept-art-marek-madej

[ 14 ] Pin Id: 496803402626907816

Title: thewitcher3ps4.com
Description: The Witcher 3: Wild Hunt, Sergey Kalinin  http://thewitcher3ps4.com/the-witcher-3-gallery/
Link: http://thewitcher3ps4.com/the-witcher-3-gallery/

[ 15 ] Pin Id: 496803402626907818

Title: ArtStation - Explore
Description: Just a Witcher, Alvaro Ramirez on ArtStation at https://www.artstation.com/artwork/zQmdL
Link: https://www.artstation.com/artwork/zQmdL

[ 16 ] Pin Id: 496803402626907821

Title: This item is unavailable | Etsy
Description: Ciri cosplay from Witcher 3  Wild Hunt by darayacrafts on Etsy
Link: https://www.etsy.com/listing/234563707/ciri-cosplay-from-witcher-3-wild-hunt?utm_source=Pinterest&utm_medium=PageTools&utm_campaign=Share

[ 17 ] Pin Id: 496803402626907824

Title: Geralt And Yennefer by shalizeh on DeviantArt
Description: Geralt And Yennefer by shalizeh.deviantart.com on @DeviantArt
Link: http://shalizeh.deviantart.com/art/Geralt-And-Yennefer-538344353

[ 18 ] Pin Id: 496803402626907826

Title: thewitcher3ps4.com
Description: The Witcher 3 Wild Hunt:    http://thewitcher3ps4.com/the-witcher-3-gallery/confirms #clickintensity
Link: http://thewitcher3ps4.com/the-witcher-3-gallery/

[ 19 ] Pin Id: 496803402626907827

Title: Fantasy Art And Other Stuff: Photo
Description: Fantasy Art And Other Stuff : Photo
Link: http://fantasyart101.tumblr.com/image/144160315629

[ 20 ] Pin Id: 496803402626907828

Description: Dryad - the art of the Witcher 3
Link: https://scontent-vie1-1.xx.fbcdn.net/hphotos-xtl1/v/t1.0-9/11951879_971583019564806_3234951135026124683_n.jpg?oh=59cffc350cbb9f530bf0e1d2470fc9d7&oe=5670F060

[ 21 ] Pin Id: 496803402626907831

Title: Yennefer from the witcher 3 fan art. 💯 - Gaming
Description: #Gifts http://www.fantasygiftsunleashed.com/ https://twitter.com/fantasysite  https://www.facebook.com/flyingtr.fantasygifts/ https://www.instagram.com/fantasy.art.the.gifts/ #FantasyArt
Link: http://m.9gag.com/gag/am98rYd?ref=android.s

[ 22 ] Pin Id: 496803402626907833

Title: Geralt and Yennefer by Neirr on DeviantArt
Description: Geralt and Yennefer by Neirr on @DeviantArt
Link: http://neirr.deviantart.com/art/Geralt-and-Yennefer-561160405

[ 23 ] Pin Id: 496803402626907834

Title: i just really like video games.
Description: rannah-evae: “ Yennefer of Vengerberg (hq) Witcher 3: The Wild Hunt ”
Link: http://eventhroughthedarkestofdays.tumblr.com/post/129368809706/rannah-evae-yennefer-of-vengerberg-hq

[ 24 ] Pin Id: 496803402626907835

Title: Ciri (Cirilla) – The Witcher 3: Wild Hunt | The... - sekigan
Description: Ciri (Cirilla) – The Witcher 3: Wild Hunt | The Witcher cosplay | Pinterest
Link: http://sekigan.tumblr.com/post/121021874138/ciri-cirilla-the-witcher-3-wild-hunt-the

[ 25 ] Pin Id: 496803402626907839

Title: Vesemir | Characters | The witcher, The witcher wild hunt, Witcher 3 characters
Description: Vesemir - The Witcher Wiki
Link: https://www.pinterest.com/pin/341147740500986915/

[ 26 ] Pin Id: 496803402626907843

Title: Yennefer of Vengerberg (Fanart), Tomas Hjorth
Description: ArtStation - Yennefer of Vengerberg (Fanart), Tomas Hjorth
Link: https://www.artstation.com/artwork/NERAg

[ 27 ] Pin Id: 496803402626907844

Title: The Witcher 3 - Ciri by IvanCEs on DeviantArt
Description: The Witcher 3 - Ciri by IvanCEs
Link: http://ivances.deviantart.com/art/The-Witcher-3-Ciri-475572353

[ 28 ] Pin Id: 496803402626907845

Title: ArtStation - Explore
Description: Great drawing of Ciri, cool armor. Love this character. She's more badass than Geralt even before she becomes a witcher. (art by Klaus Wittmann)
Link: https://www.artstation.com/artwork/ciri-redesign

[ 29 ] Pin Id: 496803402626907846

Description: Triss Merigold - 9GAG
Link: http://9gag.com/gag/aGxE44K?ref=mobile

[ 30 ] Pin Id: 496803402626907857

Title: ArtStation - Explore
Description: Ciri, Carlo Marcelo on ArtStation at https://www.artstation.com/artwork/ciri-d3f5179b-ed54-4f02-861d-cd21c5e8ca04
Link: https://www.artstation.com/artwork/ciri-d3f5179b-ed54-4f02-861d-cd21c5e8ca04

[ 31 ] Pin Id: 496803402626907861

Description: Ilya Kuvshinov
Link: https://www.facebook.com/kr0npr1nz/photos/a.1455803511324858.1073741830.1450562941848915/1615827101989164/?type=1&theater

[ 32 ] Pin Id: 496803402626907863

Link: http://i.playground.ru/i/02/61/13/10/pix/image.jpg

[ 33 ] Pin Id: 496803402626907866

Title: Exotication...
Description: kr0npr1nz:  Ciri fan art!https://www.patreon.com/creation?hid=2472274
Link: http://exotication.tumblr.com/

[ 34 ] Pin Id: 496803402626907867

Title: Cyberdelics: Photo
Description: Cyberdelics : Photo
Link: http://rendermax.tumblr.com/image/123895138962

[ 35 ] Pin Id: 496803402626907868

Title: The Hunter Hunted Down by LeafOfSteel on DeviantArt
Description: The Hunter Hunted Down by LeafOfSteel on deviantART
Link: http://leafofsteel.deviantart.com/art/The-Hunter-Hunted-Down-99741021

[ 36 ] Pin Id: 496803402626907871

Description: Triss by olei on @DeviantArt

[ 37 ] Pin Id: 496803402626907876

Title: ArtStation - Explore
Description: Yennefer of Vengerberg by  _understroke. Witcher fan-art. ArtStation
Link: https://www.artstation.com/artwork/yennefer-og-vengerberg

[ 38 ] Pin Id: 496803402626907877

Description: Yennefer

[ 39 ] Pin Id: 496803402626907879

Title: ArtStation - Explore
Description: Yennefer of Vengerberg, Shaila Sikdere on ArtStation at https://www.artstation.com/artwork/yennefer-of-vengerberg-0bfbebbb-f3a4-497c-b649-d399f8187210
Link: https://www.artstation.com/artwork/yennefer-of-vengerberg-0bfbebbb-f3a4-497c-b649-d399f8187210

[ 40 ] Pin Id: 496803402626907881

Title: Yennefer/Йеннифэр/Йеннефер[The Witcher]
Description: Yennefer/Йеннифэр/Йеннефер[The Witcher]
Link: http://vk.com/public104180819

[ 41 ] Pin Id: 496803402626907882

Description: Yennefer by lucy shen

[ 42 ] Pin Id: 496803402626907885

Title: ____________________
Description: phamoz:  Yennefer Witcher 3
Link: http://featherheadd.tumblr.com/post/125377090727/phamoz-yennefer-witcher-3

[ 43 ] Pin Id: 496803402626907886

Title: Миры переехали!
Description: Yennefer | Wiedźmin
Link: https://vk.com/thewitcher_2

[ 44 ] Pin Id: 496803402626907888

Title: g-e-r-a-l-t
Description: kingsiha: my chil d…. i love ciri so much lmao I AM WEAK!!! commission info + support me on patreon !
Link: http://g-e-r-a-l-t.tumblr.com/post/142955740659/kingsiha-my-chil-d-i-love-ciri-so-much-lmao-i

[ 45 ] Pin Id: 496803402626907890

Title: Niki Vaszi
Description: Ciri
Link: http://nikivaszi.tumblr.com/post/142291045399/ciri

[ 46 ] Pin Id: 496803402626907891

Title: Bring Me The Head Of Yennefer of Vengerberg
Description: Bring Me The Head Of Yennefer of Vengerberg
Link: http://kotaku.com/bring-me-the-head-of-yennefer-of-vengerberg-1761851437

[ 47 ] Pin Id: 496803402626907892

Title: The Witcher fanart, Dmitriy Soloviov
Description: The Witcher fаnart, Dmitriy Solovyov on ArtStation at https://www.artstation.com/artwork/GkAe3
Link: https://www.artstation.com/artwork/GkAe3

[ 48 ] Pin Id: 496803402626939103

Description: Triss,  Yennefer y Ciri

[ 49 ] Pin Id: 496803402626939106

Title: ArtStation - Explore
Description: Yennefer of vengerberg, _ understroke on ArtStation at https://www.artstation.com/artwork/yennefer-og-vengerberg
Link: https://www.artstation.com/artwork/yennefer-og-vengerberg

[ 50 ] Pin Id: 496803402626939107

Title: Tumblr
Description: Zireael Lady of Time and Space
Link: https://safe.txmblr.com/svc/embed/iframe/lordafronerd/134674570422?w=540&h=720#embed-56a0000789dae689287741

[ 51 ] Pin Id: 496803402626939112

Link: http://shapard.tumblr.com/image/145363706069

[ 52 ] Pin Id: 496803402626939116

Title: Triss Merigold by Ron-faure on DeviantArt
Description: Triss Merigold by Ron-faure on DeviantArt
Link: http://www.deviantart.com/art/Triss-Merigold-545124047

[ 53 ] Pin Id: 496803402626939119

Title: Niki Vaszi
Description: Geralt of Rivia“World doesn`t need a hero. It needs a professional.” http://nikivaszi.tumblr.com/
Link: http://nikivaszi.tumblr.com/post/143162191084/geralt-of-rivia-world-doesn-t-need-a-hero-it

[ 54 ] Pin Id: 496803402626939123

Title: Yennefer of Vengerberg Fan Page
Description: Yennefer of Vengerberg Fan Page
Link: http://yennefer-fan.tumblr.com/post/142796057758

[ 55 ] Pin Id: 496803402626939124

Title: the witcher a night to remember, Igor Avdeev
Description: -- Share via Artstation iOS App, Artstation © 2016
Link: https://www.artstation.com/p/kG2zx

[ 56 ] Pin Id: 496803402626939125

Title: The Witcher , Raquel Cornejo
Description: -- Share via Artstation iOS App, Artstation © 2016
Link: https://www.artstation.com/p/ePE1b

[ 57 ] Pin Id: 496803402626939127

Title: Yennefer of Vengerberg
Link: http://witcher.wikia.com/wiki/Yennefer_of_Vengerberg?file=Official_promo_artwork.jpg

[ 58 ] Pin Id: 496803402626939128

Title: Art of Marina Ortega
Description: Geralt of Rivia and Lesheb - fanart by Art of Marina Ortega
Link: http://www.artofmarinaortega.com/#illustration

[ 59 ] Pin Id: 496803402626939130

Description: The Witcher 3 Geralt of Rivia Game of the year

[ 60 ] Pin Id: 496803402626939135

Title: All Things Gaming
Link: http://gamersgarbonzo.tumblr.com/post/129010222750/september-13-2015-at-0105pm

[ 61 ] Pin Id: 496803402626939145

Description: Yennefer of Vengerberg... awful personality bud she's a true beauty

[ 62 ] Pin Id: 496803402626939147

Description: Cirilla Fiona Elen Riannon (Gwent Card) - The Witcher 3: Wild Hunt
Link: http://www.redbubble.com/people/animestuff/works/20354724-cirilla-fiona-elen-riannon-gwent-card-the-witcher-3-wild-hunt

[ 63 ] Pin Id: 496803402626939150

Title: JoyReactor - смешные картинки и другие приколы: комиксы, гиф анимация, видео, лучший интеллектуальный юмор.
Description: нарисовал сам,арт,красивые картинки,Witcher 3,The Witcher,Ведьмак, Witcher, ,фэндомы,fanart,Арт-клуб,разное,Геральт,Witcher Персонажи
Link: http://joyreactor.cc/all/19291

[ 64 ] Pin Id: 496803402626939153

Description: "Will you have a drink with me?" Triss Merigold #thewitcher3 #awesome #trissmerigold Man I love this picture

[ 65 ] Pin Id: 496803402626939154

Description: from The Witcher 3
Link: http://i.imgur.com/pBmyapB.png

[ 66 ] Pin Id: 496803402626939156

Title: Gwynbleidd and Zireael by xla-hainex on DeviantArt
Description: So many years and never had an account here ... I have to change it. I started to read The Witcher, previously I played game... and I thought that draw Geralt and Ciri. So.. Pencil...
Link: http://wildgoska.deviantart.com/art/Gwynbleidd-and-Zireael-567086311

[ 67 ] Pin Id: 496803402626939159

Title: techrobo.org
Description: Can we get a spin off where we play Triss Merigold from 'The Witcher' want to be her.
Link: http://www.techrobo.org/witcher-3-wild-hunt-release-date-official-gameplay/

[ 68 ] Pin Id: 496803402626939161

Title: Ciri by MonoriRogue on DeviantArt
Description: Ciri by MonoriRogue.deviantart.com on @DeviantArt
Link: http://monorirogue.deviantart.com/art/Ciri-538268214

[ 69 ] Pin Id: 496803402626939162

Description: Triss Merigold by Alena Ekaterinburg

[ 70 ] Pin Id: 496803402626939164

Title: artissimo
Description: fantasy hunter by fred rambaudSparrow Volume 8: Glenn Barr
Link: http://artissimo.tumblr.com/post/133672117669/fantasy-hunter-by-fred-rambaud

[ 71 ] Pin Id: 496803402627003299

Title: i just really like video games.
Description: Best wishes for ..(write reason to celebrate , here ) .
Link: http://eventhroughthedarkestofdays.tumblr.com/post/135765233465

[ 72 ] Pin Id: 496803402627003346

Title: Yennefer of Vengerberg Fan Page
Description: Yennefer of Vengerberg Fan Page
Link: http://yennefer-fan.tumblr.com/post/142465515188/doctorberghan-i-see-people-vehemently-waving-the

[ 73 ] Pin Id: 496803402627003353

Description: Yennefer Witcher 3

[ 74 ] Pin Id: 496803402627003362

Title: daud.tk
Description: The Witcher - Triss Merigold
Link: http://daud.tk/post/97797048113/the-witcher-3-wild-hunt-triss-merigold-x

[ 75 ] Pin Id: 496803402627003342

Title: ciri, 白鹿
Description: ciri, Feihong Chen on ArtStation at https://www.artstation.com/artwork/k2aQz
Link: https://www.artstation.com/artwork/k2aQz

[ 76 ] Pin Id: 496803402627003364

Title: Ciri Sketch by Koyorin on DeviantArt
Description: Ciri Sketch by Koyorin.deviantart.com on @DeviantArt
Link: http://koyorin.deviantart.com/art/Ciri-Sketch-547610680

[ 77 ] Pin Id: 496803402627003368

Title: Geralt Portrait by YamaOrce on DeviantArt
Description: Geralt Portrait by YamaOrce fighter knight mercenary soldier chainmail chain mail armor clothes clothing fashion player character npc | Create your own roleplaying game material w/ RPG Bard: www.rpgbard.com | Writing inspiration for Dungeons and Dragons DND D&D Pathfinder PFRPG Warhammer 40k Star Wars Shadowrun Call of Cthulhu Lord of the Rings LoTR + d20 fantasy science fiction scifi horror design | Not Trusty Sword art: click artwork for source
Link: http://yamaorce.deviantart.com/art/Geralt-Portrait-525808896

[ 78 ] Pin Id: 496803402627049056

Title: Ciri by AnubisDHL on DeviantArt
Description: Ciri by AnubisDHL on @DeviantArt
Link: http://anubisdhl.deviantart.com/art/Ciri-560129119

[ 79 ] Pin Id: 496803402627049058

Title: Overwatch——pharah, mist XG
Description: Pharah~ Looks nice!
Link: https://www.artstation.com/artwork/bOr6k

[ 80 ] Pin Id: 496803402627060006

Title: SakimiArt
Description: Ciri from witcher 3, Lover her design especially her outfit ! PSD, High red Jpg,video tutorial►https://www.patreon.com/posts/ciri-term-23-3584106
Link: http://sakimichan.tumblr.com/post/131312194272/ciri-from-witcher-3-lover-her-design-especially

[ 81 ] Pin Id: 496803402627060009

Title: RPG Female Character Portraits: Photo
Description: Ciri
Link: http://char-portraits.tumblr.com/image/117703422908

[ 82 ] Pin Id: 496803402627109661

Title: The Witcher 3: Wild Hunt Yennefer Costume, Marek Madej
Description: The Witcher 3: Wild Hunt Yennefer Costume, Marek Madej on ArtStation at https://www.artstation.com/artwork/50N8w
Link: https://www.artstation.com/artwork/50N8w

[ 83 ] Pin Id: 496803402627173134

Description: The Witcher 3: Wild Hunt  Nothing at the link but I  really like this image of Geralt..
Link: http://blog.gamefreaks.co.nz/post/101962741704/the-witcher-3-wild-hunt-to-receive-16-free-dlc

[ 84 ] Pin Id: 496803402627175346

Title: Noelito Flow
Description: Klaus Wittmann (detail) also repin & like please. Check out Noelito Flow #music. Noel. Thank you http://www.twitter.com/noelitoflow http://www.instagram.com/rockstarking http://www.facebook.com/thisisflow
Link: https://www.youtube.com/user/Noelitoflow

[ 85 ] Pin Id: 496803402627175348

Link: http://www.itsartmag.com/features/itsart/wp-content/uploads/2014/06/The_Witcher_3_Wild_Hunt_A_general_of_the_Wild_Hunt_2_render.jpg

[ 86 ] Pin Id: 496803402627175353

Link: https://scontent-cdg2-1.xx.fbcdn.net/hphotos-xat1/v/t1.0-9/11401110_853783328024993_8169055778869468284_n.jpg?oh=e510333221fd32c7973f15ff6d2e9ded&oe=55E6F1E7

[ 87 ] Pin Id: 496803402627175362

Title: The Witcher 3 / Steelbooks - ShockBlast
Description: The Witcher 3 / Steelbooks   dailyshit design    ShockBlast
Link: https://www.shockblast.net/the-witcher-3-steelbooks/

[ 88 ] Pin Id: 496803402627190889

Title: ArtStation - Explore
Description: maiden costume concept, Eve Ventrue on ArtStation at https://www.artstation.com/artwork/maiden-costume-concept
Link: https://www.artstation.com/artwork/maiden-costume-concept

[ 89 ] Pin Id: 496803402627190895

Title: New Witcher 3 Screens and Concept Art
Description: New Witcher 3 Screens and Concept Art - Imgur
Link: http://imgur.com/gallery/lxc3v/new

[ 90 ] Pin Id: 496803402627190896

Title: The Witcher 3 / Steelbooks - ShockBlast
Description: The Witcher 3 / Steelbooks   dailyshit design    ShockBlast
Link: https://www.shockblast.net/the-witcher-3-steelbooks/

[ 91 ] Pin Id: 496803402627280609

Title: Triss Merigold by ynorka on DeviantArt
Description: Triss Merigold by ynorka.deviantart.com on @DeviantArt
Link: http://ynorka.deviantart.com/art/Triss-Merigold-548598910

[ 92 ] Pin Id: 496803402627280612

Title: OFFLINE
Description: Triss Merigold (all spoilers)
Link: http://forums.cdprojektred.com/threads/51724-Triss-Merigold-(all-spoilers)

[ 93 ] Pin Id: 496803402627280613

Title: Burning Witch [Redraw] by hifarry on DeviantArt
Link: http://hifarry.deviantart.com/art/Burning-Witch-Redraw-574575933

[ 94 ] Pin Id: 496803402627280614

Title: Nobody smart plays fair.
Description: Triss Merigold! I live for dem bunssss
Link: http://yeneferofvengerberg.tumblr.com/post/143453288546

[ 95 ] Pin Id: 496803402627293489

Title: The safer way to store your photos
Description: Triss Merigold
Link: http://s592.photobucket.com/user/Sp33Demon333/media/gwent/Neutral/Triss%20Merigold_zpsgp1bstre.jpg.html

[ 96 ] Pin Id: 496803402627293491

Description: Yennefer of Vengerberg & Triss Merigold

[ 97 ] Pin Id: 496803402627293493

Description: Ciri & Triss
Link: http://images.akamai.steamusercontent.com/ugc/394424245396576365/21E43861033273468084F37B8CC1AE43966C0C01/

[ 98 ] Pin Id: 496803402627293501

Title: Triss Merigold by Neirr on DeviantArt
Description: Triss Merigold by Neirr on DeviantArt
Link: http://www.deviantart.com/art/Triss-Merigold-598648773

[ 99 ] Pin Id: 496803402627293502

Title: thewitcher3ps4.com
Description: The Witcher 3 concept art → Triss Merigold  http://thewitcher3ps4.com/the-witcher-3-gallery/
Link: http://thewitcher3ps4.com/the-witcher-3-gallery/

[ 100 ] Pin Id: 496803402627293505

Title: The Witcher 3: Wild Hunt - Official Website
Description: Triss http://the-witcher.tumblr.com/tagged/Geralt-of-Rivia
Link: http://thewitcher.com/witcher3

[ 101 ] Pin Id: 496803402627293507

Title: Triss Merigold by adelhaid on DeviantArt
Description: The Witcher 2: Assassins of Kings  Triss Merigold by adelhaid Photo by JustMoolti Rather unusual photoshoot for me
Link: http://adelhaid.deviantart.com/art/Triss-Merigold-514384323

[ 102 ] Pin Id: 496803402627293510

Title: The Witcher - Ladies by DemonLeon3D on DeviantArt
Description: The Witcher - Ladies by DemonLeon3D on DeviantArt
Link: http://demonleon3d.deviantart.com/art/The-Witcher-Ladies-579198295

[ 103 ] Pin Id: 496803402627293517

Description: Triss Merigold
Link: http://67.media.tumblr.com/6467d3e0358de7c97f65129190aec330/tumblr_oag9gw4DqM1vsq4fko5_400.png

[ 104 ] Pin Id: 496803402627293533

Description: Triss Merigold

[ 105 ] Pin Id: 496803402627293537

Title: Triss by olei on DeviantArt
Description: We've been playing The Witcher 3 together, my bunny and me. I was so into the idea of Geralt getting together with Triss that I had to draw a picture of the two of them. Then the Yennifer stuff hap...
Link: http://flatasabird.deviantart.com/art/Triss-549517050

[ 106 ] Pin Id: 496803402627293540

Title: art (арт) / смешные картинки и другие приколы: комиксы, гиф анимация, видео, лучший интеллектуальный юмор.
Description: Raichiyo33,artist,art,арт,красивые картинки,Triss Merigold,The Witcher,Ведьмак, Witcher, ,Игры,Игровой арт,game art
Link: http://joyreactor.cc/tag/art/2562

[ 107 ] Pin Id: 496803402627293498

Title: Triss Merigold, Sandra Charlet
Description: Triss Merigold, Sandra Charlet on ArtStation at https://www.artstation.com/artwork/vz4X3
Link: https://www.artstation.com/artwork/vz4X3

[ 108 ] Pin Id: 496803402627293549

Title: ArtStation - Explore
Description: Triss Merigold, Xavier Collette on ArtStation at https://www.artstation.com/artwork/3aeBA
Link: https://www.artstation.com/artwork/3aeBA

[ 109 ] Pin Id: 496803402627293563

Title: Yennefer of Vengerberg Fan Page
Description: “‘She was called Yennefer! Yennefer of Vengerberg. And she was a most famous sorceress! May I not live to see the dawn if I lie!’ – a fisherwoman from the Isles of Skellige ” The Tower of the Swallow
Link: http://yennefer-fan.tumblr.com/post/146738645063/she-was-called-yennefer-yennefer-of-vengerberg

[ 110 ] Pin Id: 496803402627293568

Title: Yennefer of Vengerberg Fan Page: Photo
Description: Yennefer of Vengerberg Fan Page : Photo
Link: http://yennefer-fan.tumblr.com/image/144452310728

[ 111 ] Pin Id: 496803402627293572

Title: witcher3 2015-08-12 02-06-22
Description: witcher3 2015-08-12 02-06-22 | by MonsterrBoots
Link: https://www.flickr.com/photos/135325085@N04/20674395619/in/album-72157655386874854/

[ 112 ] Pin Id: 496803402627293578

Description: yennefer - Google Search
Link: https://www.google.ru/search?q=yennefer&es_sm=122&source=lnms&tbm=isch&sa=X&ved=0CAcQ_AUoAWoVChMI_p3A8_zYyAIVxA9yCh1GEg4u&biw=1920&bih=949#imgdii=KvCOuinQb7TjLM:;KvCOuinQb7TjLM:;UdTWLKBexeLjRM:&imgrc=KvCOuinQb7TjLM:

[ 113 ] Pin Id: 496803402627293586

Title: Witcher 3 - Yennefer Alternative Costume by phamoz on DeviantArt
Description: Witcher 3 - Yennefer Alternative Costume by phamoz on DeviantArt
Link: http://thewitcherfans.deviantart.com/art/Witcher-3-Yennefer-Alternative-Costume-546343897

[ 114 ] Pin Id: 496803402627293594

Title: Niki Vaszi
Description: Papa Vesemir http://nikivaszi.tumblr.com/
Link: http://nikivaszi.tumblr.com/post/142239427489/papa-vesemir

[ 115 ] Pin Id: 496803402627293601

Title: Tumblr
Description: I love you, Yen.
Link: http://archiaart.tumblr.com/post/121966066546/i-love-you-yen

[ 116 ] Pin Id: 496803402627293605

Description: Yennefer of Vengerberg (Gwent Card) - The Witcher 3: Wild Hunt
Link: http://www.redbubble.com/people/animestuff/works/20443807-yennefer-of-vengerberg-gwent-card-the-witcher-3-wild-hunt

[ 117 ] Pin Id: 496803402627293619

Title: JoyReactor - смешные картинки и другие приколы: комиксы, гиф анимация, видео, лучший интеллектуальный юмор.
Description: astoralexander,Geralt of Rivia,Witcher Персонажи,The Witcher,Ведьмак, Witcher, ,фэндомы,Ciri,Yennefer
Link: http://joyreactor.cc/all/22234

[ 118 ] Pin Id: 496803402627293644

Title: theminttu
Description: Geralt, Ciri
Link: http://theminttu.tumblr.com/?og=1

[ 119 ] Pin Id: 496803402627293648

Title: Ciri face, Paweł Mielniczuk
Description: Ciri face I did for The Witcher 3. Lowpoly hair was created by Bill Daly. Outfit was created by Marcin Błaszczak. I was also responsible together with Patryk Brzozowski for creating facial mimic pipeline for dialogs and cutscenes. Easy to transfer universal face topology and 96 bone, pose driven, face rig was used for all characters in the game.
Link: https://www.artstation.com/artwork/XdA4l

[ 120 ] Pin Id: 496803402627293652

Title: Ciri confirmed as the Witcher 3's second playable character - Save/Continue
Description: Ciri confirmed as the Witcher 3's second playable character - Save/Continue
Link: http://www.savecontinue.com/2014/12/ciri-confirmed-witcher-3s-second-playable-character/

[ 121 ] Pin Id: 496803402627293659

Title: The Witcher III - Ciri by diabolumberto on DeviantArt
Description: The Witcher III - Ciri by diabolumberto.deviantart.com on @DeviantArt
Link: http://diabolumberto.deviantart.com/art/The-Witcher-III-Ciri-605794084

[ 122 ] Pin Id: 496803402627293662

Description: Cirilla
Link: http://farcryprimal.tumblr.com/post/136976664896/x

[ 123 ] Pin Id: 496803402627293664

Description: The Vigilante / Elaine Nomad

[ 124 ] Pin Id: 496803402627293668

Title: Ciri - The Witcher 3 by YamaOrce on DeviantArt
Description: Ciri - The Witcher 3 by YamaOrce.deviantart.com on @DeviantArt
Link: http://yamaorce.deviantart.com/art/Ciri-The-Witcher-3-563043041

[ 125 ] Pin Id: 496803402627293673

Description: Cirilla
Link: http://farcryprimal.tumblr.com/post/135405704101/long-ago-in-a-valley-far-away-lived-a-girl-she

[ 126 ] Pin Id: 496803402627293677

Title: The Witcher 3 - Ciri Fanart by W-E-Z on DeviantArt
Description: The Witcher 3 - Ciri Fanart by W-E-Z on DeviantArt
Link: http://ythejoshuatreey.deviantart.com/art/The-Witcher-3-Ciri-Fanart-603965398

[ 127 ] Pin Id: 496803402627293678

Description: Cirilla Fiona Elen Riannon (Gwent Card) - The Witcher 3: Wild Hunt
Link: http://www.redbubble.com/people/animestuff/works/20522277-cirilla-fiona-elen-riannon-gwent-card-the-witcher-3-wild-hunt

[ 128 ] Pin Id: 496803402627293639

Title: Game Desktop Wallpaper
Description: Games HD Widescreen Wallpapers | The Witcher 3 Wild Hunt Ciri Game Wallpaper http://www.fabuloussavers.com/The_Witcher_3_Wild_Hunt_Ciri_Wallpapers_freecomputerdesktopwallpaper.shtml
Link: http://www.fabuloussavers.com/games-desktop-wallpapers.shtml

[ 129 ] Pin Id: 496803402627293699

Title: yennefer geralt
Description: yennefer geralt - Szukaj w Google
Link: https://www.google.pl/search?q=yennefer+geralt&espv=2&biw=1600&bih=741&source=lnms&tbm=isch&sa=X&ved=0ahUKEwjXt5Tvqb7KAhWml3IKHRKfCnwQ_AUIBigB#imgdii=1rf7duatif5DkM:;1rf7duatif5DkM:;GTtO85Ju0V4V-M:&imgrc=1rf7duatif5DkM:

[ 130 ] Pin Id: 496803402627293702

Description: Geralt of Rivia (Gwent Card) - The Witcher 3: Wild Hunt
Link: http://www.redbubble.com/people/animestuff/works/20522194-geralt-of-rivia-gwent-card-the-witcher-3-wild-hunt

[ 131 ] Pin Id: 496803402627293690

Title: CIRI by TransmissionDream on DeviantArt
Description: CIRI by TransmissionDream
Link: http://transmissiondream.deviantart.com/art/CIRI-537286141

[ 132 ] Pin Id: 496803402627293792

Title: Expired - domain expired
Description: The Witcher 3: Wild Hunt - Blood and Wine PlayStation 4 #Geralt, #PS4, #WildHunt, find at http://lowpricebooks.co
Link: http://lowpricebooks.co/#jp-carousel-11130

[ 133 ] Pin Id: 496803402627320880

Description: Witches http://the-witcher.tumblr.com/

[ 134 ] Pin Id: 496803402627320887

Description: Witches http://the-witcher.tumblr.com/

[ 135 ] Pin Id: 496803402627320891

Title: g-e-r-a-l-t
Description: Geralt and Yen
Link: http://g-e-r-a-l-t.tumblr.com/post/140541834234

[ 136 ] Pin Id: 496803402627320899

Title: Siren Art - The Witcher 3: Wild Hunt Art Gallery
Description: Siren - The Witcher 3: Wild Hunt
Link: http://www.creativeuncut.com/gallery-25/tw3wh-siren.html

[ 137 ] Pin Id: 496803402627320912

Description: Yennefer of Vengerberg (Gwent Card) - The Witcher 3: Wild Hunt
Link: http://www.redbubble.com/people/animestuff/works/20355052-yennefer-of-vengerberg-gwent-card-the-witcher-3-wild-hunt

[ 138 ] Pin Id: 496803402627320914

Title: Ciri by Carlo-Marcelo on DeviantArt
Description: Ciri by Carlo-Marcelo pale female elf sword fighter ranger eladrin armor clothes clothing fashion player character npc | Create your own roleplaying game material w/ RPG Bard: www.rpgbard.com | Writing inspiration for Dungeons and Dragons DND D&D Pathfinder PFRPG Warhammer 40k Star Wars Shadowrun Call of Cthulhu Lord of the Rings LoTR + d20 fantasy science fiction scifi horror design | Not Trusty Sword art: click artwork for source
Link: http://carlo-marcelo.deviantart.com/art/Ciri-529287859

[ 139 ] Pin Id: 496803402627320915

Description: Vesemir (Gwent Card) - The Witcher 3: Wild Hunt
Link: http://www.redbubble.com/people/animestuff/works/20435327-vesemir-gwent-card-the-witcher-3-wild-hunt

[ 140 ] Pin Id: 496803402627320927

Title: Together Again - Geralt and Ciri (Witcher 3) by Shinobi2u on DeviantArt
Description: Together Again - Geralt and Ciri (Witcher 3) by Shinobi2u.deviantart.com on @DeviantArt
Link: http://shinobi2u.deviantart.com/art/Together-Again-Geralt-and-Ciri-Witcher-3-483574298

[ 141 ] Pin Id: 496803402627320930

Title: Announcing the Winners of The Witcher Art Contest
Description: Announcing the Winners of The Witcher Art Contest :: Blog :: Dark Horse Comics
Link: http://www.darkhorse.com/Blog/2067/announcing-winners-witcher-art-contest

[ 142 ] Pin Id: 496803402627320932

Description: Geralt & Ciri by Alexander K.

[ 143 ] Pin Id: 496803402627320937

Description: Ves (Gwent Card) - The Witcher 3: Wild Hunt
Link: http://www.redbubble.com/people/animestuff/works/20397300-ves-gwent-card-the-witcher-3-wild-hunt

[ 144 ] Pin Id: 496803402627320940

Title: Pretty Stuffs!
Description: Triss
Link: http://adiostemplars.tumblr.com/post/121765551655

[ 145 ] Pin Id: 496803402627320944

Title: Gaze upon The Witcher 3: Wild Hunt's steelbook art | Engadget
Description: The Witcher 3 / Steelbooks on Behance
Link: http://www.engadget.com/2015/01/04/gaze-upon-the-witcher-3-wild-hunts-steelbook-art/

[ 146 ] Pin Id: 496803402627320957

Description: ✧ #characterconcepts ✧ The Witcher 3 Wild Hunt
Link: http://mgnews.ru/image/normal/58851/the-witcher-3-wild-hunt-1408008421955793.jpg

[ 147 ] Pin Id: 496803402627332051

Description: Havekar Healer (Gwent Card) - The Witcher 3: Wild Hunt
Link: http://www.redbubble.com/people/animestuff/works/20389854-havekar-healer-gwent-card-the-witcher-3-wild-hunt

[ 148 ] Pin Id: 496803402627335352

Description: Philippa Eilhart (Gwent Card) - The Witcher 3: Wild Hunt
Link: http://www.redbubble.com/people/animestuff/works/20379070-philippa-eilhart-gwent-card-the-witcher-3-wild-hunt

[ 149 ] Pin Id: 496803402627364364

Title: Markeda1one’s albums
Description: Triss Merigold by Markeda1one on Flickr
Link: https://www.flickr.com/photos/markeda1one/albums/with/72157650825884673

[ 150 ] Pin Id: 496803402627364367

Title: Triss Merigold (all spoilers)
Description: Triss Merigold (all spoilers) - Page 391
Link: http://forums.cdprojektred.com/threads/51724-Triss-Merigold-(all-spoilers)/page391

[ 151 ] Pin Id: 496803402629375812

Description: Yennefer of Vengerberg.

[ 152 ] Pin Id: 496803402629375819

Title: Official Witcher 3 art from https://www.candb.com/en/artcollectivegallery/94/artwork-by-cd-projekt-red.html
Description: Official Witcher 3 art from https://www.candb.com/en/artcollectivegallery/94/artwork-by-cd-projekt-red.html - Album on Imgur
Link: http://imgur.com/gallery/Ts1IX

[ 153 ] Pin Id: 496803402629375898

Title: Triss Merigold by Ron-faure on DeviantArt
Description: Triss Merigold by Ron-faure.deviantart.com on @DeviantArt
Link: http://ron-faure.deviantart.com/art/Triss-Merigold-545124047

[ 154 ] Pin Id: 496803402629375960

Link: https://3c.web.de/mail/client/mailbody/tmai14511f02522f0060/true

[ 155 ] Pin Id: 496803402629544027

Title: Medic to the Frontlines!
Description: geekhideout: “ Ciri Chainmail concept.. Awesome!!! ”
Link: http://lethargic-ninja.tumblr.com/post/137247277693/geekhideout-ciri-chainmail-concept-awesome

[ 156 ] Pin Id: 496803402629639430

Title: jaeon009
Description: Yennefer, my centenarian waifu
Link: http://jaeon009.tumblr.com/post/148490650792/yennefer-my-centenarian-waifu

[ 157 ] Pin Id: 496803402629639436

Title: Error
Description: The Witcher Yennefer
Link: https://m.vk.com/photo-55623462_433479435

[ 158 ] Pin Id: 496803402629639438

Title: Yennefer of Vengerberg Fan Page
Description: Yennefer of Vengerberg Fan Page
Link: https://tmblr.co/ZT0A7k2FQJh4P

[ 159 ] Pin Id: 496803402629639460

Title: The Witcher - Christmas Ladies by MilliganVick on DeviantArt
Description: The Witcher - Christmas Ladies by MilliganVick.deviantart.com on @DeviantArt
Link: http://milliganvick.deviantart.com/art/The-Witcher-Christmas-Ladies-650841920

[ 160 ] Pin Id: 496803402629639481

Title: Yennefer from The Witcher 3 - Gaming
Description: Yennefer from The Witcher 3 - 9GAG
Link: http://9gag.com/gag/a3Lwne5?ref=mobile

[ 161 ] Pin Id: 496803402629673367

Title: thestars-themoon
Description: Ciri                                                                                                                                                                                 Mais
Link: http://thestars-themoon.tumblr.com/post/133810720889/ajay-ghalle-x

[ 162 ] Pin Id: 496803402629688054

Description: twitter.com
Link: https://pbs.twimg.com/media/CvDZmZOXYAAQ_c4.jpg

[ 163 ] Pin Id: 496803402629688593

Title: Virink What To Draw
Description: ведьмак3, цири, девушка, caricature, sketch, illustration, game, witcher3, карандаш, творчество
Link: https://virink.com/art/311749

[ 164 ] Pin Id: 496803402629816321

Title: Virink What To Draw
Description: illustration, sketch, карандаш, caricature, девушка, цири, witcher3
Link: https://virink.com/art/318423

[ 165 ] Pin Id: 496803402644480716

Title: Badass duo
Link: https://www.reddit.com/r/witcher/comments/au78ga/badass_duo/

[ 166 ] Pin Id: 496803402644480740

Description: White Wolf Geralt of Rivia

[ 167 ] Pin Id: 496803402644480741

Title: Old pulp retro pop cool stuff - illustration post
Description: Old pulp retro pop cool stuff - Imgur
Link: https://imgur.com/gallery/0MH1S

[ 168 ] Pin Id: 496803402644480747

Title: Triss_1 by WednesdayM0rning on DeviantArt
Description: Triss_1 by WednesdayM0rning
Link: https://www.deviantart.com/wednesdaym0rning/art/Triss-1-756683827

[ 169 ] Pin Id: 496803402644480750

Title: Geralt and Roach by DiteVlk on DeviantArt
Description: Geralt and Roach by DiteVlk on DeviantArt
Link: http://www.deviantart.com/art/Geralt-and-Roach-676714110

[ 170 ] Pin Id: 496803402644480755

Title: Gamers love to play Games Art Blog
Description: Ciri, our Queen
Link: https://spiritoger.tumblr.com/post/164257324239/ciri-our-queen

[ 171 ] Pin Id: 496803402644480757

Description: Yevaine battle gear

[ 172 ] Pin Id: 496803402644480761

Description: Flash

[ 173 ] Pin Id: 496803402644480765

Title: Error
Description: Новости
Link: https://vk.com/feed?z=photo-34375179_456249113/wall-34375179_665933

[ 174 ] Pin Id: 496803402644480767

Title: Yennefer of Vengerberg (Fanart), Tomas Hjorth
Link: https://www.artstation.com/artwork/NERAg

[ 175 ] Pin Id: 496803402644480775

Title: Exotication...
Description: Witcher 3 fan art by phamoz
Link: http://exotication.tumblr.com/post/125719848167/cyberclays-yennefer-alternative-costume

[ 176 ] Pin Id: 496803402644480778

Title: Error
Description: Photo
Link: https://vk.com/wall-34375179_665933?z=photo-34375179_456249113/wall-34375179_665933

[ 177 ] Pin Id: 496803402644480781

Description: -- Share via Artstation iOS App, Artstation © 2015

[ 178 ] Pin Id: 496803402644480791

Title: The Witcher (Ведьмак, Witcher) :: сообщество фанатов / картинки, гифки, прикольные комиксы, интересные статьи по теме.
Description: The Witcher,Ведьмак, Witcher, ,фэндомы,Цири,Witcher Персонажи,Геральт
Link: http://witcher.reactor.cc/153

[ 179 ] Pin Id: 496803402644480801

Description: El lobo 🐺 rayo

[ 180 ] Pin Id: 496803402644480804

Title: The Witcher (Ведьмак, Witcher) :: сообщество фанатов / картинки, гифки, прикольные комиксы, интересные статьи по теме.
Description: The Witcher (Ведьмак, Witcher, ) :: сообщество фанатов / красивые картинки и арты, гифки, прикольные комиксы, интересные статьи по теме.
Link: http://witcher.reactor.cc/352

[ 181 ] Pin Id: 496803402644480807

Description: Poxa vida

[ 182 ] Pin Id: 496803402644480814

Description: f Bard urban city tavern

[ 183 ] Pin Id: 496803402644539756

Description: Ciri , the witcher.

[ 184 ] Pin Id: 496803402644539757

Link: http://68.media.tumblr.com/31fbd3bfcd192e9ed273f57276576d49/tumblr_o92spl1Zqo1sog1k0o5_1280.png

[ 185 ] Pin Id: 496803402644539764

Link: https://fb-s-c-a.akamaihd.net/h-ak-fbx/v/t34.0-12/18360658_1927810863911145_1965827962_n.jpg?oh=2f038b22f08eaf4f3eb013fd6cf6ef66&oe=59116E6B&__gda__=1494303663_ee656082c9899512b2ce1cb7d99f4ed2

[ 186 ] Pin Id: 496803402644539767

Description: By astoralexander on deviantart

[ 187 ] Pin Id: 496803402644539768

Description: Cirilla Fiona Elen Riannon/Zireael/Цирилла

[ 188 ] Pin Id: 496803402644539770

Title: Трисс Меригольд (Triss Merigold) :: Witcher Персонажи :: The Witcher :: сообщество фанатов / картинки, гифки, прикольные комиксы, интересные статьи по теме.
Description: The Witcher,Ведьмак, Witcher, ,фэндомы,Triss Merigold,Witcher Персонажи,Xenbis,artist,фендомы
Link: http://witcher.reactor.cc/tag/%D0%A2%D1%80%D0%B8%D1%81%D1%81+%D0%9C%D0%B5%D1%80%D0%B8%D0%B3%D0%BE%D0%BB%D1%8C%D0%B4

[ 189 ] Pin Id: 496803402644539776

Title: Ciri by zumidraws on DeviantArt
Description: Ciri by zumidraws on @DeviantArt
Link: https://www.deviantart.com/zumidraws/art/Ciri-765900222

[ 190 ] Pin Id: 496803402644539780

Title: Community wall photos
Link: https://vk.com/feed?z=photo-101972843_456239679/wall-101972843_29510

[ 191 ] Pin Id: 496803402644539781

Title: The Witcher - Wild Hunt (Modern) by astoralexander on DeviantArt
Description: The Witcher - Wild Hunt (Modern) by astoralexander
Link: http://astoralexander.deviantart.com/art/The-Witcher-Wild-Hunt-Modern-616772843?q=gallery:astoralexander/46243666&qo=7

[ 192 ] Pin Id: 496803402644539803

Title: Keelah Se'lai
Description: Schwertgesellin created by Keelah Selai
Link: http://asgardianwarriorr.tumblr.com/post/136610025693

[ 193 ] Pin Id: 496803402644539809

Description: Ciri - The Witcher III

[ 194 ] Pin Id: 496803402644539817

Title: When he compliments your accent
Description: When he compliments your accent #TheWitcher3 #PS4 #WILDHUNT #PS4share #games #gaming #TheWitcher #TheWitcher3WildHunt
Link: https://www.reddit.com/r/witcher/comments/68isin/when_he_compliments_your_accent/?utm_source=ifttt

[ 195 ] Pin Id: 496803402644539820

Title: Ástor Alexander on Twitter
Description: I made a set of #Witcher3 portraits. @CDPROJEKTRED @witchergame . Yennefer fans, I hope you're happy now.pic.twitter.com/FpWvGqGl9N
Link: https://twitter.com/AstorAlexander/status/1098819408875548677

[ 196 ] Pin Id: 496803402644539821

Title: Ástor Alexander on Twitter
Description: I made a set of #Witcher3 portraits. @CDPROJEKTRED @witchergame . Yennefer fans, I hope you're happy now.pic.twitter.com/FpWvGqGl9N
Link: https://twitter.com/AstorAlexander/status/1098819408875548677

[ 197 ] Pin Id: 496803402644539823

Title: Something strange in this pumpkin patch... [Geralt cosplay by me]
Description: Something strange in this pumpkin patch... [Geralt cosplay by me] #TheWitcher3 #PS4 #WILDHUNT #PS4share #games #gaming #TheWitcher #TheWitcher3WildHunt
Link: https://www.reddit.com/r/witcher/comments/ar83ay/something_strange_in_this_pumpkin_patch_geralt/?utm_source=ifttt

[ 198 ] Pin Id: 496803402644555151

Title: Flickr
Description: shes my wife ok im love her
Link: https://m.flickr.com/#/photos/midhras/24538779556/in/set-72157651245484653/

[ 199 ] Pin Id: 496803402643411873

Title: Women Fighters In Reasonable Armor
Link: http://womenfighters.tumblr.com/page/19

[ 200 ] Pin Id: 496803402643411884

Title: This item is unavailable - Etsy
Link: https://www.etsy.com/listing/615789607/ciri-of-cintra-armor-theatrical-quality?utm_source=Pinterest&utm_medium=PageTools&utm_campaign=Share&utm_term=so.lp.d2.v1&share_time=1533640681000

[ 201 ] Pin Id: 496803402645137299

Description: The Witcher | TW | Cirilla

[ 202 ] Pin Id: 496803402645137300

Title: The Witcher
Description: Click to join Witcher fandom on thefandome.com #witcher #game #fantasy #fandom #thefandome
Link: http://thefandome.com/fandoms/id/58

[ 203 ] Pin Id: 496803402645137330

Title: Ciri by AnubisDHL on DeviantArt
Description: Ciri by AnubisDHL
Link: https://www.deviantart.com/anubisdhl/art/Ciri-764529036

[ 204 ] Pin Id: 496803402645359930

Link: https://scontent-fra3-1.xx.fbcdn.net/hphotos-xfp1/v/t34.0-12/11908199_919743811430294_1312324705_n.jpg?oh=4279b65171e005ccb902442b2f081b0e&oe=55DDFE2B

[ 205 ] Pin Id: 496803402645582183

Title: Ciri | The Witcher 3 Fanart by Leshiye-Art on DeviantArt
Description: Ciri | The Witcher 3 Fanart by Lehira-Rutherford on @DeviantArt
Link: http://lehira-rutherford.deviantart.com/art/Ciri-The-Witcher-3-Fanart-678530180

[ 206 ] Pin Id: 496803402645582186

Title: Цирилла / Cirilla / The Witcher / Ведьмак 3

[ 207 ] Pin Id: 496803402645673521

Description: The Witcher, Yennefer
Link: https://s-media-cache-ak0.pinimg.com/1200x/83/15/9f/83159fd80b6671cf53851d930af653ec.jpg

[ 208 ] Pin Id: 496803402646355716

Description: Ciri The Witcher 3

[ 209 ] Pin Id: 496803402646355723

Description: Triss Merigold

[ 210 ] Pin Id: 496803402646355726

Link: https://scontent-mxp1-1.xx.fbcdn.net/t31.0-8/14612432_592788947560343_4667015603265547394_o.jpg

[ 211 ] Pin Id: 496803402646391201

Description: Astrid Reyes 5
Link: https://fb-s-b-a.akamaihd.net/h-ak-xap1/v/t34.0-12/17888025_1870603416524111_751455722_n.jpg?oh=e00353b8c2b9a009199777b8b7235a49&oe=58ED728D&__gda__=1491963398_5004bb08354280cfdbae27205ab6eea8

[ 212 ] Pin Id: 496803402646391204

Title: The Witcher on Twitter
Link: https://twitter.com/witchergame/status/806867294743830532

[ 213 ] Pin Id: 496803402646391208

Description: The Witcher | TW | Cirilla
Link: https://i.pinimg.com/1200x/38/25/50/3825503fb52f3bbc195aa0eca59253f1.jpg

[ 214 ] Pin Id: 496803402646391209

Title: Cirilla Fiona Elen Riannon by NastyaSkaya on DeviantArt
Description: Cirilla Fiona Elen Riannon by NastyaSkaya on DeviantArt
Link: https://www.deviantart.com/nastyaskaya/art/Cirilla-Fiona-Elen-Riannon-657072102

[ 215 ] Pin Id: 496803402654001046

Title: Cirilla by byakko-kun on DeviantArt
Link: https://www.deviantart.com/byakko-kun/art/Cirilla-687407806

[ 216 ] Pin Id: 496803402656057954

Title: Pinterest
Link: https://pin.it/XFfOJuR

[ 217 ] Pin Id: 496803402656182652

Title: Ciri The WitcherIII Wild Hunt, Adrian Contreras (BigTrav)
Link: https://www.artstation.com/artwork/w6RJrX

[ 218 ] Pin Id: 496803402656631725

Title: Ciri by Vanette Kosman
Description: Ciri by Vanette Kosman : ReasonableFantasy
Link: https://www.reddit.com/r/ReasonableFantasy/comments/jnj2yk/ciri_by_vanette_kosman/?utm_source=share&utm_medium=ios_app&utm_name=iossmf

[ 219 ] Pin Id: 496803402656674028

Title: You in the eyes
Link: https://vic-of-thor.tumblr.com/post/658044415402704896

[ 220 ] Pin Id: 496803402657057899

Title: Goliath Barbarian, Dimitris Koutsogiannakis
Link: https://www.artstation.com/artwork/oOLzXm

[ 221 ] Pin Id: 496803402657075246

Title: bev johnson: Photo
Link: https://bevsi.tumblr.com/image/189984189571

[ 222 ] Pin Id: 496803402657075254

Title: Inna-Vjuzhanina - Professional, Digital Artist | DeviantArt
Link: https://www.deviantart.com/inna-vjuzhanina

[ 223 ] Pin Id: 496803402657075258

Title: Kittrose: Photo
Link: https://kittrose.tumblr.com/image/190404964582

[ 224 ] Pin Id: 496803402657075263

Title: Inktober 2019, Leandro Franci
Description: ArtStation - Inktober 2019, Leandro Franci
Link: https://www.artstation.com/artwork/oOeP4O

[ 225 ] Pin Id: 496803402657075296

Title: Jumanji Welcome To The Jungle - Chapter One
Link: https://www.wattpad.com/1041197687-jumanji-welcome-to-the-jungle-chapter-one?utm_source=web&utm_medium=pinterest&utm_content=share_reading

[ 226 ] Pin Id: 496803402657075301

Title: Child of Surprise by Inna-Vjuzhanina on DeviantArt
Description: Child of Surprise by Inna-Vjuzhanina on DeviantArt
Link: https://www.deviantart.com/inna-vjuzhanina/art/Child-of-Surprise-830903886

[ 227 ] Pin Id: 496803402657075303

Title: Yennefer

[ 228 ] Pin Id: 496803402657075311

Title: #thewitcher - Twitter Search / Twitter
Link: https://twitter.com/search?q=%23thewitcher

[ 229 ] Pin Id: 496803402657075315

Title: Geralt, Tara Phillips
Link: https://www.artstation.com/artwork/mqV4yv

[ 230 ] Pin Id: 496803402657075317

Title: The Rings Of Power on Twitter
Link: https://twitter.com/thewitcher_net/status/1210909997602754562/photo/1

[ 231 ] Pin Id: 496803402657075319

Title: #thewitcher - Twitter Search / Twitter
Link: https://twitter.com/search?q=%23thewitcher

[ 232 ] Pin Id: 496803402657075323

Title: ArtStation - Explore
Description: ArtStation - Geralt of Rivia - netflix series fanart, Natalie Herrera
Link: https://www.artstation.com/artwork/Pmrw2L

[ 233 ] Pin Id: 496803402657075325

Title: ArtStation - Explore
Description: "Geralt - Wolf on the Hunt" by Alba Palacio
Link: https://www.artstation.com/artwork/58yxO8

[ 234 ] Pin Id: 496803402657075327

Title: White Wolf by Inna-Vjuzhanina on DeviantArt
Link: https://www.deviantart.com/inna-vjuzhanina/art/White-Wolf-827602060

[ 235 ] Pin Id: 496803402657075335

Title: The Witcher

[ 236 ] Pin Id: 496803402657075336

Title: sakimichan@ on Twitter
Link: https://twitter.com/sakimichanart/status/1217213406371033089/photo/1

[ 237 ] Pin Id: 496803402657075339

Title: Why the CGI is so bad in the show?
Link: https://www.reddit.com/r/netflixwitcher/comments/edkkpr/why_the_cgi_is_so_bad_in_the_show/

[ 238 ] Pin Id: 496803402657075346

Link: https://twitter.com/bestofanyac/status/1473697210202300416/photo/1

[ 239 ] Pin Id: 496803402657075347

Link: https://twitter.com/witchernetflxtv/status/1400456676122107915

[ 240 ] Pin Id: 496803402657075359

Title: CIRI - Freya Allan by Darko-simple-ART on DeviantArt
Link: https://www.deviantart.com/darko-simple-art/art/CIRI-Freya-Allan-858952838

[ 241 ] Pin Id: 496803402657099342

Title: The Witcher Close Up Maxi Poster
Link: https://www.grindstore.com/products/the-witcher-close-up-maxi-poster-1059642.html

[ 242 ] Pin Id: 496803402657099347

Title: Latest Posters
Description: Latest Posters
Link: https://www.imdb.com/media/rm451602945/rg1624939264

[ 243 ] Pin Id: 496803402657099350

Title: The Witcher Wallpaper - IdleWP
Link: https://www.idlewp.com/the-witcher-wallpaper/

[ 244 ] Pin Id: 496803402657099362

Title: CD PROJEKT RED RU on Twitter
Link: https://twitter.com/CDPR_RU/status/1480861684810067972

[ 245 ] Pin Id: 496803402657099365

Title: CIRI "ZIREAEL", Zu Yuan Cesar
Description: ArtStation - CIRI "ZIREAEL", Zu Yuan Cesar
Link: https://www.artstation.com/artwork/nYLL8r

[ 246 ] Pin Id: 496803402657099367

Title: Magic Necklace
Link: https://powerlisting.fandom.com/wiki/Magic_Necklace

[ 247 ] Pin Id: 496803402657099374

Title: The Witcher 3 - Yennefer, Jhony Caballero
Link: https://www.artstation.com/artwork/g2RDrK

[ 248 ] Pin Id: 496803402657099376

Title: The Witcher 3 Ciri Cosplay Is an Enchanting Mirror Image of the Princess
Description: The Witcher 3 Ciri Cosplay Is an Enchanting Mirror Image of the Princess
Link: https://www.dualshockers.com/the-witcher-3-ciri-cosplay-2/

[ 249 ] Pin Id: 496803402657099377

Title: Ciri The WitcherIII Wild Hunt, Adrian Contreras (BigTrav)
Link: https://www.artstation.com/artwork/w6RJrX

[ 250 ] Pin Id: 496803402657099388

Title: Novel cover The witcher vol.6 by Xiling on DeviantArt
Link: http://www.deviantart.com/art/Novel-cover-The-witcher-vol-6-684671387

[ 251 ] Pin Id: 496803402657099392

Title: Witcher, Dima Fisher
Link: https://www.artstation.com/artwork/L2ylz0

[ 252 ] Pin Id: 496803402657099394

Title: Geralt and Roach by DiteVlk on DeviantArt
Description: Geralt and Roach by DiteVlk on DeviantArt
Link: http://www.deviantart.com/art/Geralt-and-Roach-676714110

[ 253 ] Pin Id: 496803402657099396

Link: https://twitter.com/alexineskiba/status/1496189125195673601?s=21

[ 254 ] Pin Id: 496803402657109357

Title: The Witcher fanart, Dmitriy Soloviov
Description: ArtStation - The Witcher fanart, Dmitriy Soloviov
Link: https://www.artstation.com/artwork/GkAe3

[ 255 ] Pin Id: 496803402657109375

Title: The Witcher Arts
Description: We all know Geralt loves cats
Link: http://thewitcherarts.tumblr.com/post/147396742279/%D0%BE%D0%B1%D1%8B%D1%87%D0%BD%D0%BE-%D0%BA%D0%BE%D1%88%D0%BA%D0%B8-%D0%BD%D0%B5-%D1%81%D0%BB%D0%B8%D1%88%D0%BA%D0%BE%D0%BC-%D1%82%D0%BE-%D0%B6%D0%B0%D0%BB%D1%83%D1%8E%D1%82-%D0%B2%D0%B5%D0%B4%D1%8C%D0%BC%D0%B0%D0%BA%D0%BE%D0%B2

[ 256 ] Pin Id: 496803402657109379

Title: the witcher ciri 4k iPhone X Wallpapers
Link: https://www.ilikewallpaper.net/iphone-x-wallpaper/the-witcher-ciri-4k/89398

[ 257 ] Pin Id: 496803402657109383

Title: Ciri Art by Hillary Bardin
Link: https://www.artstation.com/artwork/8wlyoO

[ 258 ] Pin Id: 496803402657109388

Title: Steam Community ::  :: The Witcher 4: Cirilla
Link: https://steamcommunity.com/sharedfiles/filedetails/?id=2059372014

[ 259 ] Pin Id: 496803402657109393

Title: Cool Ciri wallpaper I found - Wallpaper
Link: https://9gag.com/gag/az91XgK

[ 260 ] Pin Id: 496803402657115345

Title: Game wallpaper
Description: 👉 Check more Gaming Wallpapers
Link: https://wallpaperforu.com/category/game/?utm_source=pinterest&utm_medium=organic&utm_campaign=wallpaper

[ 261 ] Pin Id: 496803402657115368

Title: Ciri
Link: https://witcher.fandom.com/es/wiki/Ciri

[ 262 ] Pin Id: 496803402657115370

Title: Steam Community :: Screenshot :: Ciri
Link: https://steamcommunity.com/sharedfiles/filedetails/?id=1970910170

[ 263 ] Pin Id: 496803402657115379

Title: Ciri (The Witcher 3 Wild Hunt) by EzioMaverick on DeviantArt
Link: https://www.deviantart.com/eziomaverick/art/Ciri-The-Witcher-3-Wild-Hunt-845651724

[ 264 ] Pin Id: 496803402657115385

Title: Ciri

[ 265 ] Pin Id: 496803402657115395

Title: The Witcher Arts
Link: http://thewitcherarts.tumblr.com/post/147588619009/%D1%81%D0%BA%D1%80%D0%B8%D0%BD%D1%88%D0%BE%D1%82-%D0%B2%D0%B5%D0%B4%D1%8C%D0%BC%D0%B0%D0%BA-%D0%B2%D0%B5%D0%B4%D1%8C%D0%BC%D0%B0%D0%BA3-thewitcher

[ 266 ] Pin Id: 496803402657115398

Title: Steam Community :: Error
Link: https://steamcommunity.com/sharedfiles/filedetails/?id=2093361046

[ 267 ] Pin Id: 496803402657115404

Title: the witcher 3 wild hunt 2020 4k iPhone X Wallpapers
Description: the witcher 3 wild hunt 2020 4k #TheWitcher3 #games #Ps4Games #XboxGames #PcGames #4k #2020Games #iPhoneXWallpaper
Link: https://www.ilikewallpaper.net/iphone-x-wallpaper/the-witcher-3-wild-hunt-2020-4k/85634

[ 268 ] Pin Id: 496803402657125653

Title: Steam Community :: Screenshot :: 𝑪𝒊𝒓𝒊 ♡
Link: https://steamcommunity.com/sharedfiles/filedetails/?id=2010001880

[ 269 ] Pin Id: 496803402657125662

Title: Yennefer(The Witcher 3 WildHunt) by EzioMaverick on DeviantArt
Link: https://www.deviantart.com/eziomaverick/art/Yennefer-The-Witcher-3-WildHunt-848588291

[ 270 ] Pin Id: 496803402657125664

Title: Косплей — специальный выпуск: The Witcher
Link: https://www.igromania.ru/article/30864/Kospley-specialnyy_vypusk_The_Witcher.html

[ 271 ] Pin Id: 496803402657125665

Title: Steam Community :: Error
Link: https://steamcommunity.com/sharedfiles/filedetails/?id=2009632241

[ 272 ] Pin Id: 496803402657125683

Title: The Witcher (@witchergame) / Twitter
Link: https://twitter.com/witchergame

[ 273 ] Pin Id: 496803402657531738

Title: Princess Cirilla and Geralt of Rivia with Roach, Katerina Strokach
Link: https://www.artstation.com/artwork/G8geGV

[ 274 ] Pin Id: 496803402658243875

Title: Triss Merigold
Description: The Witcher 3: Wild Hunt

[ 275 ] Pin Id: 496803402658356351

Title: Yennefer by uger on DeviantArt
Description: Yennefer of Vengerberg
Link: http://uger.deviantart.com/art/Yennefer-539002313

[ 276 ] Pin Id: 496803402658356402

Title: Ciri Witcher 3 by BlondynkiTezGraja on DeviantArt
Description: Ciri Witcher 3 by BlondynkiTezGraja.deviantart.com on @DeviantArt
Link: http://blondynkitezgraja.deviantart.com/art/Ciri-Witcher-3-645183792

[ 277 ] Pin Id: 496803402658521574

Title: Йеннифэр: истории из жизни, советы, новости, юмор и картинки — Лучшее | Пикабу
Link: http://pikabu.ru/tag/%D0%99%D0%B5%D0%BD%D0%BD%D0%B8%D1%84%D1%8D%D1%80/best

[ 278 ] Pin Id: 496803402658521576

Title: Yennefer of Vengerberg by Aloha512 on DeviantArt
Link: http://www.deviantart.com/art/Yennefer-of-Vengerberg-693265901

[ 279 ] Pin Id: 496803402658521578

Title: Yennefer of Vengerberg, Jaqueline Florencio
Description: ArtStation - Yennefer of Vengerberg, Jaqueline Florencio
Link: https://www.artstation.com/artwork/6a4qEr

[ 280 ] Pin Id: 496803402658521584

Title: When he compliments your accent
Description: When he compliments your accent #TheWitcher3 #PS4 #WILDHUNT #PS4share #games #gaming #TheWitcher #TheWitcher3WildHunt
Link: https://www.reddit.com/r/witcher/comments/68isin/when_he_compliments_your_accent/?utm_source=ifttt

[ 281 ] Pin Id: 496803402658521598

Title: Yennefer of Vengerberg by Deilson on DeviantArt
Link: https://www.deviantart.com/deilson/art/Yennefer-of-Vengerberg-795430260

[ 282 ] Pin Id: 496803402658521600

Title: Yennefer of Vengerberg, Massimiliano Bianchini
Link: https://www.artstation.com/artwork/LB1Yr

[ 283 ] Pin Id: 496803402658521607

Title: yennefer icon

[ 284 ] Pin Id: 496803402658521622

Title: Yennefer of Vengerberg Fan Page
Description: Yennefer of Vengerberg Fan Page
Link: https://tmblr.co/ZT0A7k2WMI_aD

[ 285 ] Pin Id: 496803402658521624

Title: Untitled
Link: https://vk.com/album-90317715_245140978

[ 286 ] Pin Id: 496803402658521632

Title: Yennefer of Vengerberg Fan Page
Link: http://yennefer-fan.tumblr.com/post/148049740143/

[ 287 ] Pin Id: 496803402658521659

Title: Yennefer of Vengerberg by AnubisDHL on DeviantArt
Link: https://www.deviantart.com/anubisdhl/art/Yennefer-of-Vengerberg-646251302

[ 288 ] Pin Id: 496803402658521663

Title: Yennefer of Vengerberg Fan Page: Photo
Link: https://yennefer-fan.tumblr.com/image/188855639778

[ 289 ] Pin Id: 496803402658521675

Title: Aleksandra Skiba 💀🧎‍♀️ on Twitter
Link: https://twitter.com/alexineskiba/status/1506663749754699776/photo/1

