Pinterest Downloader: Version 1.9

Input URL: https://www.pinterest.com/tondafischer/guweiz/
Folder URL: https://www.pinterest.com/tondafischer/guweiz/

[ 1 ] Pin Id: 496803402656439080

Title: GUWEIZ on Twitter
Description: Página Inicial / Twitter
Link: https://twitter.com/ttguweiz/status/1364950964587933701/photo/1

[ 2 ] Pin Id: 496803402656439082

Title: GUWEIZ on Twitter
Link: https://twitter.com/ttguweiz/status/1368562741699432454/photo/1

[ 3 ] Pin Id: 496803402656439083

Title: GUWEIZ on Twitter
Link: https://twitter.com/ttguweiz/status/1333781149101920265?s=12

[ 4 ] Pin Id: 496803402656439084

Title: 炜炜 is on Instagram • 598 posts on their profile
Link: https://instagram.com/guweiz?utm_medium=copy_link

[ 5 ] Pin Id: 496803402656439085

Title: Login on Twitter
Link: https://twitter.com/casey_seyy/likes

[ 6 ] Pin Id: 496803402656439086

Title: Snow white and her 7 dwarfs [BTS FF]
Link: https://www.wattpad.com/story/278564774?utm_source=android&utm_medium=pinterest&utm_content=share_inline_media&wp_page=media_slideshow_button&wp_uname=Nicyjoseph&wp_originator=EsDBZRAVrsEjpREgipNcIrUZa%2B9mqC2B0dsabUIlUjdhrqKjg/mXCLy8KJCIHB7ENShd0IRb9kPN4loSLpNm%2B4oU3wDGNegybTKJd5L0J4hCgBYogDfM3sV4RIQ8MI/f

[ 7 ] Pin Id: 496803402656439087

Title: GUWEIZ on Twitter
Link: https://twitter.com/ttguweiz/status/1364950964587933701/photo/3

[ 8 ] Pin Id: 496803402656439089

Title: Z.W. Gu's this artwork is the lockscreen for the iPhone 11 Pro Max. The dragon is an auspicious symbol among the community where I presently live and hence, it's for me as well.
Description: Z.W. Gu's this artwork is the lockscreen for the iPhone 11 Pro Max. The dragon is an auspicious symbol among the community where I presently live and hence it's for me as well.
Link: https://www.reddit.com/r/wallpapers/comments/gy8kuv/zw_gus_this_artwork_is_the_lockscreen_for_the/?utm_source=ifttt

[ 9 ] Pin Id: 496803402656439091

Title: Bad guys, Z.W. Gu
Link: https://www.artstation.com/artwork/Ooov5e

[ 10 ] Pin Id: 496803402656439092

Title: GUWEIZ on Twitter
Link: https://twitter.com/ttguweiz/status/1296092113088602112/photo/3

[ 11 ] Pin Id: 496803402656439093

Title: GUWEIZ on Twitter
Link: https://twitter.com/ttguweiz/status/1464954935800303617/photo/1

[ 12 ] Pin Id: 496803402656439095

Title: War 4, Z.W. Gu
Description: ArtStation - Z.W. Gu
Link: https://www.artstation.com/artwork/GXrzY4

[ 13 ] Pin Id: 496803402656439096

Title: GUWEIZ on Twitter
Link: https://twitter.com/ttguweiz/status/1414219089287925762?s=20

[ 14 ] Pin Id: 496803402656439097

Title: Inspector, Z.W. Gu
Description: ArtStation - Inspector, Z.W. Gu
Link: https://www.artstation.com/artwork/KaoXz9

[ 15 ] Pin Id: 496803402656439098

Title: GUWEIZ on Twitter
Link: https://twitter.com/ttguweiz/status/1190996708563378177

[ 16 ] Pin Id: 496803402656439100

Title: GUWEIZ on Twitter
Description: (20) 首頁 / Twitter
Link: https://twitter.com/ttguweiz/status/1397551805106573312/photo/1

[ 17 ] Pin Id: 496803402656439102

Title: Cat, Z.W. Gu
Description: Countryside by Z.W. Gu on ArtStation.
Link: https://www.artstation.com/artwork/nPdNK

[ 18 ] Pin Id: 496803402656439105

Title: GUWEIZ on Twitter
Link: https://twitter.com/ttguweiz/status/1402625127909449730/photo/1

[ 19 ] Pin Id: 496803402656439106

Title: ‎Japanese Wallpaper
Link: https://apple.co/3Mds9jw

[ 20 ] Pin Id: 496803402656439115

Title: GUWEIZ on Twitter
Link: https://twitter.com/ttguweiz/status/960523284436537346

[ 21 ] Pin Id: 496803402656439117

Title: GUWEIZ on Twitter
Link: https://twitter.com/ttguweiz/status/1013794365309767681

[ 22 ] Pin Id: 496803402656439118

Title: GUWEIZ on Twitter
Link: https://twitter.com/ttguweiz/status/1462416442771456003/photo/1

[ 23 ] Pin Id: 496803402656439120

Title: GUWEIZ on Twitter
Link: https://twitter.com/ttguweiz/status/974292045123604480

[ 24 ] Pin Id: 496803402656442769

Title: Canal, Z.W. Gu
Link: https://www.artstation.com/artwork/Vdz3XN

[ 25 ] Pin Id: 496803402656442789

Title: GUWEIZ on Twitter
Link: https://twitter.com/ttguweiz/status/1338851071154786305/photo/1

[ 26 ] Pin Id: 496803402656442791

Title: Ash, Z.W. Gu
Description: ArtStation - Ash, Z.W. Gu
Link: https://www.artstation.com/artwork/4bLW31

[ 27 ] Pin Id: 496803402656442794

Title: 炜炜 on Instagram: “Bad guys 7”
Link: https://www.instagram.com/p/CHcIUY7nQ9O/

[ 28 ] Pin Id: 496803402656442795

Title: Anime⚡️
Link: https://onelink.to/everpix

[ 29 ] Pin Id: 496803402656442796

Title: Tweets con contenido multimedia de GUWEIZ (@ttguweiz)
Link: https://twitter.com/ttguweiz/media?lang=es

[ 30 ] Pin Id: 496803402656442798

Title: Hood, Z.W. Gu
Description: ArtStation - Hood, Z.W. Gu
Link: https://www.artstation.com/artwork/z9Dqw

[ 31 ] Pin Id: 496803402656442799

Title: GUWEIZ - Digital Artist | DeviantArt
Description: Lantern by GUWEIZ on DeviantArt
Link: https://www.deviantart.com/guweiz/gallery

[ 32 ] Pin Id: 496803402656442802

Title: 🖤R3D🖤 on TikTok
Link: https://vm.tiktok.com/ZSdJXShgj/?k=1

[ 33 ] Pin Id: 496803402656442817

Link: https://twitter.com/ttguweiz/status/1426543147174174725/photo/4

[ 34 ] Pin Id: 496803402656442830

Title: GUWEIZ on Twitter
Description: Pagina principală / Twitter
Link: https://twitter.com/ttguweiz/status/1416754095457669124/photo/1

[ 35 ] Pin Id: 496803402656442835

Title: 𝐘𝐎𝐔𝐑 𝐒𝐌𝐈𝐋𝐄 君の笑顔 | 𝐓𝐎𝐊𝐘𝐎 𝐑𝐄𝐕𝐄𝐍𝐆𝐄𝐑𝐒  - introduction : about the reader
Link: https://www.wattpad.com/1152207576-%F0%9D%90%98%F0%9D%90%94-%F0%9D%90%92%F0%9D%90%88%F0%9D%90%84%F0%9D%90%93%F0%9D%90%8A%F0%9D%90%8E%F0%9D%90%91%F0%9D%90%95%F0%9D%90%8D%F0%9D%90%84%F0%9D%90%92introduction-about-the?utm_source=web&utm_medium=pinterest&utm_content=share_reading

[ 36 ] Pin Id: 496803402656442838

Title: GUWEIZ on Twitter
Link: https://twitter.com/ttguweiz/status/967408246452441094

[ 37 ] Pin Id: 496803402656442841

Title: Cat basket, Z.W. Gu
Description: ArtStation - Z.W. Gu
Link: https://www.artstation.com/artwork/Q8xod

[ 38 ] Pin Id: 496803402656442844

Title: This is the first piece of Artwork that I’ve seen in a long time, where the artist actually took in mind how bodily proportions would look like when sitting/slouching, and this is perfect work of Art does that brilliantly! If anyone knows the artist , post their name down below! - Awesome
Link: https://9gag.com/gag/awMp2bx?ref=pn

[ 39 ] Pin Id: 496803402656447673

Title: GUWEIZ on Twitter
Link: https://twitter.com/ttguweiz/status/1390301329264812034/photo/1

[ 40 ] Pin Id: 496803402656447676

Title: Docks 2, Z.W. Gu
Link: https://www.artstation.com/artwork/w8YoZY

[ 41 ] Pin Id: 496803402656447688

Title: GUWEIZ on Twitter
Link: https://twitter.com/ttguweiz/status/1290289407489011712/photo/1

[ 42 ] Pin Id: 496803402656447690

Title: GUWEIZ on Twitter
Link: https://twitter.com/ttguweiz/status/1454081389750407170/photo/1

[ 43 ] Pin Id: 496803402656447691

Title: GUWEIZ on Twitter
Link: https://twitter.com/ttguweiz/status/918859840276987904

[ 44 ] Pin Id: 496803402656448253

Title: GUWEIZ on Twitter
Description: Anime
Link: https://twitter.com/ttguweiz/status/1021408334656573441

[ 45 ] Pin Id: 496803402656448267

Title: Armor by GUWEIZ on DeviantArt
Link: https://www.deviantart.com/guweiz/art/Armor-689398430

[ 46 ] Pin Id: 496803402656448271

Title: Snow, Z.W. Gu
Link: https://www.artstation.com/artwork/LKVQK

[ 47 ] Pin Id: 496803402656448273

Title: Watching, Z.W. Gu
Link: https://www.artstation.com/artwork/zOOxld

[ 48 ] Pin Id: 496803402656464855

Title: GUWEIZ on Twitter
Link: https://twitter.com/ttguweiz/status/1231597740733259778/photo/1

[ 49 ] Pin Id: 496803402656464856

Title: 100 ảnh đẹp tổng hợp để dùng làm hình điện thoại
Link: https://www.taoanhdep.com/2020/07/100-hinh-anh-dep-lam-hinh-nen-dien-thoai.html?m=1

[ 50 ] Pin Id: 496803402656464857

Title: Sit by GUWEIZ on DeviantArt
Description: Sit by GUWEIZ
Link: https://www.deviantart.com/art/Sit-707140755

[ 51 ] Pin Id: 496803402656464858

Title: GUWEIZ (@ttguweiz) / Twitter
Link: https://twitter.com/ttguweiz

[ 52 ] Pin Id: 496803402656464861

Title: GUWEIZ on Twitter
Link: https://twitter.com/ttguweiz/status/874220608703217666

[ 53 ] Pin Id: 496803402656464862

Title: Free hd wallpapers for desktop, ipad, tablets, iphone, android phone
Description: Warrior, straw hat, girl, artwork, 480x800 wallpaper
Link: https://wallpapersmug.com/w/download/480x800/warrior-straw-hat-artwork-b6f46913970

[ 54 ] Pin Id: 496803402656464863

Title: Antique, Z.W. Gu
Description: ArtStation - Antique, Z.W. Gu
Link: https://www.artstation.com/artwork/qAkbGR

[ 55 ] Pin Id: 496803402656464864

Title: Wallpaper
Description: #wallpaper #garota #anime

[ 56 ] Pin Id: 496803402656464868

Title: Samurai
Link: https://kveldulv.artstation.com/projects/1Q2Jq

[ 57 ] Pin Id: 496803402656464870

Title: Samurai Girl Warrior HD wallpaper download
Link: https://www.besthdwallpaper.com/fantasy/samurai-girl-warrior-dt_en-US-18034.html

[ 58 ] Pin Id: 496803402656464872

Title: Firefly by GUWEIZ on DeviantArt
Description: Firefly by GUWEIZ on DeviantArt
Link: https://www.deviantart.com/guweiz/art/Firefly-578690885

[ 59 ] Pin Id: 496803402656464874

Title: Gun, Z.W. Gu
Description: ArtStation - Z.W. Gu
Link: https://www.artstation.com/artwork/1naPgK

[ 60 ] Pin Id: 496803402656464875

Title: Two by GUWEIZ on DeviantArt
Link: https://www.deviantart.com/guweiz/art/Two-634961946

[ 61 ] Pin Id: 496803402656464876

Title: Fruity, Z.W. Gu
Description: ArtStation - Fruity, Z.W. Gu
Link: https://www.artstation.com/artwork/yzxYJ

[ 62 ] Pin Id: 496803402656464878

Title: City, Z.W. Gu
Link: https://www.artstation.com/artwork/9zmdo

[ 63 ] Pin Id: 496803402656464880

Title: 1920x1080px, 1080P free download | Black Widow Movie Artwork, black-widow, movies, superheroes, artist, artwork, HD wallpaper
Link: https://www.peakpx.com/en/hd-wallpaper-desktop-knkih/download/1920x1080

[ 64 ] Pin Id: 496803402656464882

Title: Horned Samurai Girl ✧Live wallpaper✧
Link: https://mylivewallpapers.com/fantasy/horned-samurai-girl-live-wallpaper/

[ 65 ] Pin Id: 496803402656464883

Title: Anime⚡️
Link: https://onelink.to/everpix

[ 66 ] Pin Id: 496803402656476688

Title: Big hat, beautiful girl, art, 1080x2160 wallpaper
Link: https://wallpapersmug.com/w/download/1080x2160/big-beautiful-girl-art-c3511024358

[ 67 ] Pin Id: 496803402656476702

Title: GUWEIZ on Twitter
Description: GUWEIZ в Твиттере: «Knight, painted over old work… »
Link: https://twitter.com/ttguweiz/status/842726102376235012

[ 68 ] Pin Id: 496803402656515247

Title: GUWEIZ on Twitter
Link: https://twitter.com/ttguweiz/status/978643203673899008

[ 69 ] Pin Id: 496803402656515255

Title: GUWEIZ on Twitter
Link: https://twitter.com/ttguweiz/status/1380520399818027008

[ 70 ] Pin Id: 496803402656515271

Title: Digital Painting Inspiration Vol. 15
Description: Digital Painting Inspiration #015 - Paintable
Link: https://paintable.cc/digital-painting-inspiration-015/

