Pinterest Downloader: Version 1.9

Input URL: https://www.pinterest.com/tondafischer/digital-landscapes/
Folder URL: https://www.pinterest.com/tondafischer/digital-landscapes/

[ 1 ] Pin Id: 496803402658678953

Title: Tohad - Professional, Digital Artist | DeviantArt
Link: https://www.deviantart.com/tohad/gallery/8567088/illustrations-and-artworks

[ 2 ] Pin Id: 496803402658717044

Title: Sunset art
Link: https://www.reddit.com/r/iWallpaper/comments/fdx5ac/sunset_art/?utm_source=ifttt

[ 3 ] Pin Id: 496803402658717046

Title: Sylvain Sarrailh Portfolio - Forest of Liars : Sunset on the wood bridge
Link: https://tohad.artstation.com/projects/xGvvR

[ 4 ] Pin Id: 496803402658717048

Title: The Big Blue, Quentin Marsollier
Link: https://www.artstation.com/artwork/AqJlAz

[ 5 ] Pin Id: 496803402658717053

Title: Big Kitty
Link: https://ko-fi.com/s/0485fac648

[ 6 ] Pin Id: 496803402658717054

Title: Jinlong by 塗壁.
Description: Jinlong by 塗壁. : ImaginaryLeviathans
Link: https://www.reddit.com/r/ImaginaryLeviathans/comments/u2nhqv/jinlong_by_%E5%A1%97%E5%A3%81/

[ 7 ] Pin Id: 496803402658717057

Title: Без названия
Link: https://at.tumblr.com/mila2010/source-httpswwwpinterestcompin68744779394/vqoc60ymguhl

[ 8 ] Pin Id: 496803402658717062

Title: Uncharted Book Cover, Sylvain Sarrailh
Description: ArtStation - Uncharted Book Cover, Sylvain Sarrailh
Link: https://www.artstation.com/artwork/DXox9

[ 9 ] Pin Id: 496803402658717065

Description: Anton Pavlenko

[ 10 ] Pin Id: 496803402658717066

Title: the art of animation
Link: http://theartofanimation.tumblr.com/post/53598395704/masataka-n

[ 11 ] Pin Id: 496803402658717068

Title: Beautiful Art's wallpaper

[ 12 ] Pin Id: 496803402658717072

Title: IPhone Wallpapers - Wallpapers For IPhone 14, IPhone 13 And IPhone 12
Link: https://iphoneswallpapers.com/

[ 13 ] Pin Id: 496803402658717073

Title: Devils Castle IPhone 13 Wallpaper - IPhone Wallpapers
Link: https://iphoneswallpapers.com/devils-castle-iphone-13-wallpaper/

[ 14 ] Pin Id: 496803402658720089

Title: Wallpaper | frio
Link: https://blogdageografia.com/wallpaper/

[ 15 ] Pin Id: 496803402658720155

Title: Minimalist Wallpapers for Iphone - PixelsTalk.Net
Link: https://www.pixelstalk.net/minimalist-wallpapers-iphone/

[ 16 ] Pin Id: 496803402658720156

Title: Boggab is back
Link: https://boggab98.tumblr.com/post/692671631290662912/started-experimenting-with-pixel-art-here-a-study

[ 17 ] Pin Id: 496803402658736137

Title: Ming
Description: tming
Link: https://www.pinterest.com/TMing22/

[ 18 ] Pin Id: 496803402658736143

Title: Multnomah Falls
Link: http://buttnekkiddoodles.com/2015/11/16/northwest-meanderings/image-345/

[ 19 ] Pin Id: 496803402658736144

Title: Pin on Chinese Brush Painting
Description: Mountain artwork like the examples below is just the thing to satisfy your thirst for color and creativity.
Link: https://www.oddnugget.com/the-internets-mountain-art-is-the-bomb.html?stuff=67630

[ 20 ] Pin Id: 496803402658736147

Description: восток
Link: https://i.pinimg.com/736x/ad/80/12/ad8012ba8e1180f3599d781f6a64b3d1.jpg

[ 21 ] Pin Id: 496803402658736151

Title: Environment sketches 01, Slawek Fedorczuk
Description: ArtStation - Environment sketches 01, Slawek Fedorczuk
Link: https://www.artstation.com/artwork/qRrDe

[ 22 ] Pin Id: 496803402658757889

Title: Lonely Rock, Amir Zand
Description: ArtStation - Lonely Rock, Amir Zand
Link: https://www.artstation.com/artwork/W0O4Q

[ 23 ] Pin Id: 496803402658775265

Title: Landscape variants, Weika
Link: https://www.artstation.com/artwork/5XQ5PJ

[ 24 ] Pin Id: 496803402658775271

Title: Paintings of Rock Bridges. Done for gallery exhibition.
Description: Paintings of Rock Bridges. Done for gallery exhibition. on Behance
Link: https://www.behance.net/gallery/23777463/Paintings-of-Rock-Bridges-Done-for-gallery-exhibition

[ 25 ] Pin Id: 496803402658798125

Title: 40++ Mobile, Laptop and Desktop Wallpaper HD (High Resolution) #4
Link: http://www.friendbookmark.com/photos/701/40-mobile-laptop-and-desktop-wallpaper-hd-high-resolution-4

[ 26 ] Pin Id: 496803402659317311

Title: Vibrant Retro Scene - 5 Images
Link: https://www.etsy.com/ca/listing/1381858619/vibrant-retro-scene-5-images

[ 27 ] Pin Id: 496803402659317319

Title: Get Your Hands on the Best HD Images: Free Download Available #HighDefinition #ImageBank
Description: Looking for the best quality HD images for your next project? Look no further than our direct download options, offering the highest resolution images available. #HighDefinition #FreeDownload #ImageBank #HighQuality #DirectCopy
Link: https://in.pinterest.com/workingdynamic/

[ 28 ] Pin Id: 496803402659317320

Title: Dunes IPhone Wallpaper HD - IPhone Wallpapers
Description: Dunes IPhone Wallpaper HD - IPhone Wallpapers : iPhone Wallpapers
Link: https://iphoneswallpapers.com/dunes-iphone-wallpaper-hd/?ssp_iabi=1677615898708

[ 29 ] Pin Id: 496803402659618434

Title: crumbling wizard's tower in a grassy field under a swirling night sky by Atey Ghailan, Paul Cezanne,
Link: https://www.fiverr.com/share/j2Ro97

[ 30 ] Pin Id: 496803402659618437

Title: inspired by Vincent's starry night.

[ 31 ] Pin Id: 496803402659618440

Title: Stunning landscape painting by Ivan Camille Corot, vibrant, grassy fields, magical lighting, majesti
Link: https://www.fiverr.com/share/j2Ro97

[ 32 ] Pin Id: 496803402659664413

Title: Sαve? Follow Me-!! { 🍉 Jelly Queens 🍉 } Thαnk you cuties luvv u 💭✨

[ 33 ] Pin Id: 496803402659664419

Title: See the waterfall elfs..., Yare Yue
Description: ArtStation - See the waterfall elfs..., Yare Yue
Link: https://www.artstation.com/artwork/Vg26K5

[ 34 ] Pin Id: 496803402659664422

Title: 20+ ~3D Ai Art~ 2k23
Link: https://weheartit.com/entry/365134156

[ 35 ] Pin Id: 496803402659664427

Title: Light Fall, Daniel Conway
Link: https://www.artstation.com/artwork/kDBO5x

[ 36 ] Pin Id: 496803402659664439

Title: Landscape variants, Weika
Link: https://www.artstation.com/artwork/5XQ5PJ

[ 37 ] Pin Id: 496803402659664447

Title: Landscape variants, Weika
Link: https://www.artstation.com/artwork/5XQ5PJ

[ 38 ] Pin Id: 496803402659664448

Title: Vast Valley in the Mountains
Description: An illustration of a vast luscious valley on a bright summers day. With a clear blue lake. With vibrant greens and blues. at its base. Perfect for a wallpaper. #landscape #wallpaper #nature #tree #mountain

[ 39 ] Pin Id: 496803402659664452

Title: Autumn Painting IPhone Wallpaper HD - IPhone Wallpapers
Description: Artistic Wallpapers - IPhone Wallpapers : iPhone Wallpapers
Link: https://iphoneswallpapers.com/autumn-painting-iphone-wallpaper-hd/

[ 40 ] Pin Id: 496803402659664460

Title: Tranquil Beach by SampadArt Gallery
Link: https://fineartamerica.com/featured/5-tranquil-beach-sampad-art.html

[ 41 ] Pin Id: 496803402659664463

Title: Mist

[ 42 ] Pin Id: 496803402659664473

Title: picnic, Sin jong hun
Link: https://www.artstation.com/artwork/q9PzYN

[ 43 ] Pin Id: 496803402659664477

Title: -❀-✿-⋆Tʊɣếζ T¡ղɦ L¡ղɦ⋆ღ᭄ꦿ࿐

[ 44 ] Pin Id: 496803402659664478

Title: NEW COVER

[ 45 ] Pin Id: 496803402659664484

Title: September challenge #1, Robin Lhebrard
Link: https://www.artstation.com/artwork/qALnWe

[ 46 ] Pin Id: 496803402659664487

Title: aydın kip (@shxapay) / Twitter
Link: https://twitter.com/shxapay

[ 47 ] Pin Id: 496803402659664509

Title: Lonely Rock, Amir Zand
Description: ArtStation - Lonely Rock, Amir Zand
Link: https://www.artstation.com/artwork/W0O4Q

[ 48 ] Pin Id: 496803402659664511

Title: Mountain Valley by Xiaosheng Bai
Description: Mountain Valley by Xiaosheng Bai
Link: https://www.reddit.com/r/ImaginaryWildlands/comments/bcqasp/mountain_valley_by_xiaosheng_bai/?utm_source=ifttt

[ 49 ] Pin Id: 496803402659664514

Title: video nature by beutefulplace-inst.

[ 50 ] Pin Id: 496803402659664516

Title: “Humbly We Wail”                          —the Trees
Link: https://aseasoninsurvivalmode.wordpress.com/2012/11/30/humbly-we-wail/

[ 51 ] Pin Id: 496803402659675710

Title: Our Secret Paradise
Link: https://www.magicmurals.com/our-secret-paradise.html

[ 52 ] Pin Id: 496803402659675711

Title: Haven - Benchmark Illustration, Grady Frederick
Link: https://www.artstation.com/artwork/ybkmq5

[ 53 ] Pin Id: 496803402659675723

Title: Green heart, Sylvain Sarrailh
Link: https://www.artstation.com/artwork/lxnqG5

[ 54 ] Pin Id: 496803402659681902

Title: Valley of Golden Light
Link: https://www.magicmurals.com/valley-of-golden-light.html

[ 55 ] Pin Id: 496803402659725168

Title: Majestic Mountain 07
Description: This is a majestic painting of a landscape. You can get it as a metal poster on Displate!
Link: https://displate.com/displate/6194602?art=63b6ef0a21dde

[ 56 ] Pin Id: 496803402659757239

Title: Lush Forest Haven Pathway Wall Art Poster: Perfect for Nature Lovers and Hikers
Link: https://displate.com/jeremiahzac/the-window-collection

[ 57 ] Pin Id: 496803402659757260

Title: 'Shallow stream' Poster by Psalms and Psychoses  | Displate
Description: 'Shallow stream' Poster by Psalms and Psychoses | Displate
Link: https://displate.com/displate/6276481

[ 58 ] Pin Id: 496803402659757302

Title: Waterfall Lagoon Wall Art Poster: Perfect for Beach Lovers and Nature Enthusiasts
Link: https://displate.com/jeremiahzac/the-window-collection

[ 59 ] Pin Id: 496803402659769624

Title: 'Great smoky landscape' Poster by Nordika  | Displate
Description: 'Great smoky landscape' Poster by Nordika | Displate
Link: https://displate.com/displate/6366480

[ 60 ] Pin Id: 496803402659769636

Title: Premium Photo | Dark anime forest sunset
Link: https://www.freepik.com/premium-photo/dark-anime-forest-sunset_36127031.htm

[ 61 ] Pin Id: 496803402659769642

Title: Nature-Inspired Mountain Valley Wall Art Poster for Home Decor: Escape to Serenity
Description: Bring the beauty of the great outdoors into your home with this stunning mountain valley wall art poster. Perfect for nature lovers and adventure enthusiasts. #mountainvalley #natureart #walldecor #homedecor #landscapephotography #naturelovers #adventuretime #outdooradventures #wallart #poster #mountainlove #mountainlife #mountainart #hiking #camping #scenicview.
Link: https://displate.com/jeremiahzac/the-window-collection

[ 62 ] Pin Id: 496803402659769650

Title: Metal Wall Art Poster of a Purple Mountain Valley
Description: Bring the beauty of the great outdoors into your home with this stunning mountain valley wall art poster. Perfect for nature lovers and adventure enthusiasts. #mountainvalley #natureart #walldecor #homedecor #landscapephotography #naturelovers #adventuretime #outdooradventures #wallart #poster #mountainlove #mountainlife #mountainart #hiking #camping #scenicview.
Link: https://displate.com/jeremiahzac/the-window-collection

[ 63 ] Pin Id: 496803402659769651

Title: Waterfall Lagoon Wall Art Poster: Perfect for Beach Lovers and Nature Enthusiasts
Description: Transform your living space into a tropical paradise with this stunning waterfall lagoon wall art poster. The serene scene captures the beauty and tranquility of nature in the tropics. The high-quality print and vibrant colors will make a statement in any room. #tropicalwaterfall #natureart #walldecor #homedecor #landscapephotography #naturelovers #beachlife #wallart #poster #waterfalllove #waterfalllife #waterfallart #scenicview #tropicalparadise #tropicalvibes #islandlife.
Link: https://displate.com/jeremiahzac/the-window-collection

[ 64 ] Pin Id: 496803402659773603

Title: Magical Moonlit Forest - Enchanting Nighttime Fantasy Scene
Description: Lose yourself in the enchanted beauty of the Magical Moonlit Forest design. This captivating nighttime fantasy scene is a celebration of nature's magic, with the moon and stars casting a bewitching glow over the mystical woodland. #night #moonlight #painting #landscape
Link: https://www.redbubble.com/i/poster/Magical-Moonlit-Forest-Enchanting-Nighttime-Fantasy-Scene-by-cocorf/143980486.E40HW

[ 65 ] Pin Id: 496803402659773605

Title: Forest Valley Landscape | Oil Painting | Pacific North West | Phone Background | Digital Art
Link: https://linktr.ee/flowstate_

[ 66 ] Pin Id: 496803402659780809

Title: vivid watercolor pinks, oranges, grey, white, blues, teal and metallic gold silver and copper leaf h
Link: https://www.fiverr.com/share/d8GgjY

[ 67 ] Pin Id: 496803402659800701

Title: Cloudy iPhone Wallpapers with AI-Generated Art in Makoto Shinkai Style, Midjourney, Zenova Gallery

[ 68 ] Pin Id: 496803402659804012

Title: Dark sunset landscape swamp painting by gustav klimt in astrolabe colors
Description: Dark sunset landscape swamp painting by gustav klimt in astrolabe colors
Link: https://www.fiverr.com/share/d89ENa

[ 69 ] Pin Id: 496803402659804014

Title: Love you 🤔

[ 70 ] Pin Id: 496803402659804031

Description: Fore more awesome video's visit my YouTube channel, share & subscribe for support, link is in my bio. #art #artist #drawing #photography #artwork #photooftheday #painting #illustration #digitalart #follow #design #nature #picoftheday #photo #sketch #style #arte #happy #cute #draw #artoftheday #darkwallpaper #wallpaper #wallpapers #hdwallpaper #iphonewallpaper #hdwallpapers #aestheticwallpapers #amazingwallpaper #kstatus #dark #d #amazing #hd #kwallpaper #wallpaperhd #coolwallpapers #hdpic
Link: https://youtu.be/G6pvYX2C90M

[ 71 ] Pin Id: 496803402659804033

Description: For self love and relationship video's visit my youtube channel link in bio & don't forget to subscribe for support. #darkwallpaper #wallpaper #wallpapers #hdwallpaper #iphonewallpaper #hdwallpapers #iphonewallpapers #darkwallpapers #amazingwallpapers #aestheticwallpapers #wallpaperstore #animatedwallpapers #photography #dark #d #amazing #hd #kwallpaper #wallpaperhd #coolwallpapers #hdpic #nature #suset #sunrise #moon #moonnight #night #4k #1080hd #aesthetic #animation #art #3d #painting
Link: https://youtu.be/G6pvYX2C90M

[ 72 ] Pin Id: 496803402659804037

Title: In-The-Heart-Of-The-Forest-iphone-5-wallpaper-wbix
Link: https://www.flickr.com/photos/113841017@N03/11858739563/in/photostream

[ 73 ] Pin Id: 496803402659804044

Title: Wallpapers

[ 74 ] Pin Id: 496803402659811524

Title: River

[ 75 ] Pin Id: 496803402659811525

Title: red, pink, yellow, green, blue, dark sunset over landscape oil painting with giant snow covered moun
Description: red, pink, yellow, green, blue, dark sunset over landscape oil painting with giant snow covered mountain in the background and lush forest with waterfalls in the foreground in autumn in space squid colors by Antoni Gaudi
Link: https://www.fiverr.com/share/DGAAbX

[ 76 ] Pin Id: 496803402659814753

Title: Sunset Mountain | Digital Art | Phone Wallpaper | Fantasy World | Landscape Idea
Link: https://linktr.ee/flowstate_

[ 77 ] Pin Id: 496803402659814755

Title: waterfall  in summer pine fog forest landscape by Paul Barson, 32k, malachite
Description: waterfall in summer pine fog forest landscape by Paul Barson, 32k, malachite
Link: https://www.fiverr.com/share/j2Ro97

[ 78 ] Pin Id: 496803402659814763

Title: Pinterest
Description: Сохранённые фотографии – 550 фотографий | Fantasy art landscapes, Environment concept art, Fantasy illustration
Link: https://pin.it/KK2JZ09

[ 79 ] Pin Id: 496803402659814764

Title: Paisagem
Description: #paisagem #natureza #nature #fotografia #photography #landscape #o #viagem #sol #photo #turismo #praia #brazil #foto #sunset

[ 80 ] Pin Id: 496803402659818224

Title: Fuji Vibes IPhone Wallpaper HD - IPhone Wallpapers
Link: https://iphoneswallpapers.com/fuji-vibes-iphone-wallpaper-hd/?ssp_iabi=1683015001672

[ 81 ] Pin Id: 496803402659818261

Title: Pagoda on tehe Glowing Lake
Description: This is an aesthetic illustration of a blue and red pagoda perched atop a rocky outcropping, overlooking a glowing greeny-blue lake during sunset. The dramatic interplay of colors, from the deep reds and blues of the pagoda to the luminous greens and blues of the lake, creates a captivating and otherworldly scene. The level of detail in the illustration is stunning, from the textured stone of the pagoda to the shimmering reflections of the sunset on the water. #pagoda #wallpaper #aesthetic #calm

