Pinterest Downloader: Version 1.9

Input URL: https://www.pinterest.com/tondafischer/mass-effect/
Folder URL: https://www.pinterest.com/tondafischer/mass-effect/

[ 1 ] Pin Id: 496803402627018682

Title: This item is unavailable | Etsy
Description: Liara T'soni Mass Effect illustrated poster // by shuckledesigns
Link: https://www.etsy.com/listing/220275570/liara-tsoni-mass-effect-illustrated?ref=sr_gallery_19&ga_search_query=mass+effect&ga_page=2&ga_search_type=all&ga_view_type=gallery

[ 2 ] Pin Id: 496803402627018685

Title: Tali'Zorah Art - Mass Effect 2 Art Gallery
Description: TaliZorah - Pictures  Characters Art - Mass Effect 2
Link: http://www.creativeuncut.com/gallery-13/me2-tali-zorah.html

[ 3 ] Pin Id: 496803402627018687

Title: Mass Effect 3 Characters by Patryk Garrett | Cuded
Description: Mass Effect's Geth are a fine example of Artificial Intelligence that has been designed by Aliens. They have a hive mind which could be quite an interesting mechanic.
Link: http://www.cuded.com/2012/04/mass-effect-3-characters-by-patryk-garrett/

[ 4 ] Pin Id: 496803402627018694

Title: Mass Effect 3 Characters by Patryk Garrett | Cuded
Description: Kris inspiration (Kasumi Goto)
Link: http://www.cuded.com/2012/04/mass-effect-3-characters-by-patryk-garrett/

[ 5 ] Pin Id: 496803402627018695

Title: Commander Shepard by MagicnaAnavi on DeviantArt
Description: This is definitely what my FemShep looked like. Bioware just doesn't know it yet
Link: http://magicnaanavi.deviantart.com/art/Commander-Shepard-403943694

[ 6 ] Pin Id: 496803402627018697

Title: You can buy Mass Effect and Mirror's Edge museum-grade fine art
Description: Cool Stuff We Like Here @ CoolPile.com ------- << Original Comment >> ------- Mass Effect Miranda
Link: http://www.eurogamer.net/articles/2012-11-30-you-can-buy-mass-effect-and-mirrors-edge-museum-grade-fine-art

[ 7 ] Pin Id: 496803402627018701

Description: Digital Art by HuggyBear742
Link: http://www.creativesonline.info/2/http:/www.inspirationalart.info/2/2015/03/24/digital-art-huggybear742/

[ 8 ] Pin Id: 496803402627018703

Description: Miranda

[ 9 ] Pin Id: 496803402627018705

Title: Shep! by uncannyknack on DeviantArt
Description: Mass Effect - Shepard by John Gallagher *
Link: http://uncannyknack.deviantart.com/art/Shep-446265043

[ 10 ] Pin Id: 496803402627018708

Description: Friends mass effect

[ 11 ] Pin Id: 496803402627018709

Title: IN YOUR HEART SHALL BURN
Description: Mass Effect - Garrus - Fan Art.
Link: http://empty-ocean.tumblr.com/

[ 12 ] Pin Id: 496803402627018710

Title: DeviantArt: More Like Mass effect - battle by Gomios13
Description: New Mags In by XanaToast
Link: http://www.deviantart.com/morelikethis/451833282?offset=15

[ 13 ] Pin Id: 496803402627018714

Title: Jack
Description: Jack from mass effect 2
Link: http://masseffect.wikia.com/wiki/Jack

[ 14 ] Pin Id: 496803402627018715

Title: FemShep Sentinel II - Mass Effect (2016) by RedLineR91 on DeviantArt
Description: FemShep Sentinel II - Mass Effect (2016) by RedLineR91.deviantart.com on @DeviantArt
Link: http://redliner91.deviantart.com/art/FemShep-Sentinel-II-Mass-Effect-2016-603607184

[ 15 ] Pin Id: 496803402627018717

Title: Pixalry
Description: Mass Effect Tarot Cards - Created by Alteya
Link: http://pixalry.io/page/2

[ 16 ] Pin Id: 496803402627018718

Title: Casual Shepard by Arlmuffin on DeviantArt
Description: Obviously Mass Effect, but I can't help but think of an M-Girl Traveller character. Casual Shepard by Arlmuffin on deviantART
Link: http://arlmuffin.deviantart.com/art/Casual-Shepard-413287294

[ 17 ] Pin Id: 496803402627018719

Description: Female Turian. Now I don't only want my own Turian, now I want to be one! :O
Link: http://fc08.deviantart.net/fs70/i/2011/135/4/d/xern_polito_resubmit_____by_rikona-d3gg8om.jpg

[ 18 ] Pin Id: 496803402627018721

Title: RTFM
Description: RTFM or things are gonna get FUBAR.
Link: http://femshepping.tumblr.com/page/3

[ 19 ] Pin Id: 496803402627018723

Title: Mass Effect :: сообщество фанатов / картинки, гифки, прикольные комиксы, интересные статьи по теме.
Description: Mass Effect,фэндомы,ME art,Femshep,Kaidan,lyndraws
Link: http://me.reactor.cc/484

[ 20 ] Pin Id: 496803402627018724

Description: Liara

[ 21 ] Pin Id: 496803402627018725

Title: A Traveller's Journal
Description: Mass Effect - Liara
Link: http://riviere-cartia.tumblr.com/post/138254008711

[ 22 ] Pin Id: 496803402627018726

Description: Liara
Link: http://65.media.tumblr.com/e0ca52be142cfa8533556c84a342160d/tumblr_nw422ecfAE1qfh2bxo1_500.png

[ 23 ] Pin Id: 496803402627018728

Title: Mass Effect :: сообщество фанатов / картинки, гифки, прикольные комиксы, интересные статьи по теме.
Description: Mass Effect,фэндомы,Miranda Lawson,ME персонажи,Alteya,таро
Link: http://me.reactor.cc/953

[ 24 ] Pin Id: 496803402627018729

Description: Mass Effect - EDI

[ 25 ] Pin Id: 496803402627018732

Description: Shepard - Mass Effect

[ 26 ] Pin Id: 496803402627018733

Description: What you up to? by Asarimaniac.deviantart.com on @deviantART
Link: http://asarimaniac.deviantart.com/art/What-you-up-to-468296219

[ 27 ] Pin Id: 496803402627018735

Title: Mass Effect :: сообщество фанатов / картинки, гифки, прикольные комиксы, интересные статьи по теме.
Description: shallete,Legion,ME персонажи,Mass Effect,фэндомы,таро
Link: http://me.reactor.cc/944

[ 28 ] Pin Id: 496803402627018736

Title: ME: Wrex by Alteya on DeviantArt
Description: Wrex as The Emperor - Mass Effect Tarot
Link: http://alteya.deviantart.com/art/ME-Wrex-594567955

[ 29 ] Pin Id: 496803402627018737

Title: Mass Effect :: сообщество фанатов / картинки, гифки, прикольные комиксы, интересные статьи по теме.
Description: Mass Effect,фэндомы,Asari,ME art
Link: http://me.reactor.cc/141

[ 30 ] Pin Id: 496803402627018738

Title: Character Breakdown: Commander Shepard
Description: Mass Effect 3 - Jane Shepard (Female Main Character)
Link: http://beagamecharacter.com/2013/01/30/character-breakdown-commander-shepard/

[ 31 ] Pin Id: 496803402627018741

Title: Asari Art - Mass Effect Art Gallery
Description: Asari from Mass Effect
Link: http://www.creativeuncut.com/gallery-05/me-asari.html

[ 32 ] Pin Id: 496803402627018742

Title: This item is unavailable | Etsy
Description: Large 11 x 17 Mass Effect Tali'Zorah vas by AnabelMartinezArt
Link: http://www.etsy.com/listing/175191144/large-11-x-17-mass-effect-talizorah-vas?ref=shop_home_feat_1

[ 33 ] Pin Id: 496803402627018743

Description: Mass Effect 2

[ 34 ] Pin Id: 496803402627049036

Description: Mass Effect Liara Shepard

[ 35 ] Pin Id: 496803402627049039

Title: Liara - Mass Effect - Concept art, Sci-fiCoolvibe – Digital Art
Description: Futuristic, Cyberpunk Atmosphere, Future, Sci-Fi, Cyber Girl, Liara the Shadow Broker - Mass Effect
Link: http://coolvibe.com/2011/liara/

[ 36 ] Pin Id: 496803402627049041

Title: A Photographer on the Citadel - Liara Profile by pineappletree on DeviantArt
Description: Liara T-Soni
Link: http://pineappletree.deviantart.com/art/A-Photographer-on-the-Citadel-Liara-Profile-314935997

[ 37 ] Pin Id: 496803402627049052

Description: Miranda Lawson - Mass Effect

[ 38 ] Pin Id: 496803402627049054

Description: Liara...Mass Effect

[ 39 ] Pin Id: 496803402627060047

Description: Miranda Lawson (Mass Effect) Photo by Hannuki.deviantart.com
Link: http://hannuki.deviantart.com/art/Angry-Miri-D-434101465

[ 40 ] Pin Id: 496803402627060049

Title: SovietDOOMer User Profile | DeviantArt
Description: Character: Miranda Lawson / From: BioWare's 'Mass Effect' Video Game Series / Cosplayer: Maria Khanna (aka Maria Hanna Cosplay, aka Hannuki)
Link: http://vladimir-holstinin.deviantart.com/gallery/39031602/Miranda-Lawson

[ 41 ] Pin Id: 496803402627060050

Title: Great Cosplay
Link: http://greatcosplay.tumblr.com/post/49219155408/tali?utm_source=feedly

[ 42 ] Pin Id: 496803402627060051

Description: cosplayandanimes:  Miranda Lawson - Mass Effect source
Link: http://cosplay-and-costumes.tumblr.com/tagged/girls

[ 43 ] Pin Id: 496803402627060053

Title: Hannuki as Miranda Lawson from Mass Effect
Description: Character: Miranda Lawson / From: BioWare's 'Mass Effect' Video Game Series / Cosplayer: Maria Khanna (aka Maria Hanna Cosplay, aka Hannuki)
Link: http://dailycosplay.com/2014/February/25b.html?sim=05291

[ 44 ] Pin Id: 496803402627061781

Description: 台湾電車ヒーロー祭り
Link: http://www.pixiv.net/member_illust.php?mode=medium&illust_id=56397381

[ 45 ] Pin Id: 496803402627114865

Description: Liara.
Link: http://24.media.tumblr.com/87779e53323444eaab6e107a8a3ab362/tumblr_mmhbk8SXOs1qmxbhzo1_500.png

[ 46 ] Pin Id: 496803402627114868

Title: Asari... by Baka-neearts on DeviantArt
Description: Asari... by Baka-chanLove.deviantart.com on @DeviantArt
Link: http://baka-chanlove.deviantart.com/art/Asari-600800274

[ 47 ] Pin Id: 496803402627114871

Title: My Name Is Jack (ME3 version) by Nightfable on DeviantArt
Description: My Name Is Jack (ME3 version) by Nightfable.deviantart.com on @deviantART
Link: http://nightfable.deviantart.com/art/My-Name-Is-Jack-ME3-version-443868193

[ 48 ] Pin Id: 496803402627114874

Title: Twitter. It’s what’s happening
Description: Tali and Shepard on Rannoch
Link: https://twitter.com/#!/UndyingHunter/status/193394534099595264/photo/1

[ 49 ] Pin Id: 496803402627114875

Title: Tali'Zorah wanting Shepard by LordHayabusa357 on DeviantArt
Description: Tali
Link: http://lordhayabusa357.deviantart.com/art/Tali-Zorah-wanting-Shepard-412128674

[ 50 ] Pin Id: 496803402627114878

Title: Vakarian by Hayter on DeviantArt
Description: Vakarian by Hayter.deviantart.com on @deviantART
Link: http://hayter.deviantart.com/art/Vakarian-333130967

[ 51 ] Pin Id: 496803402627114882

Title: Wrath of Pyramid Head
Description: N/A
Link: http://rachniqueen.tumblr.com/post/109819354066/actualanders-a-room-that-looks-out-on

[ 52 ] Pin Id: 496803402627114887

Title: ME2: operative Miranda Lawson by Spiritius on DeviantArt
Description: #MassEffect Art Miranda
Link: http://spiritius.deviantart.com/art/ME2-operative-Miranda-Lawson-180483173

[ 53 ] Pin Id: 496803402627114890

Title: Mass Effect OC - Last Moments by Eddy-Shinjuku on DeviantArt
Description: Mass Effect OC - Last Moments by Eddy-Shinjuku on deviantART
Link: http://eddy-shinjuku.deviantart.com/art/Mass-Effect-OC-Last-Moments-452962606

[ 54 ] Pin Id: 496803402627114894

Title: I do have an armor by Skllhrt on DeviantArt
Description: I do have armor by Skllhrt.deviantart.com on @deviantART
Link: http://skllhrt.deviantart.com/art/I-do-have-an-armor-387427933

[ 55 ] Pin Id: 496803402627114903

Description: Moar Femshep
Link: http://itsprecioustime.tumblr.com/post/116939377306/paragade-girl

[ 56 ] Pin Id: 496803402627114904

Title: ME: Joker by Alteya on DeviantArt
Description: ME: Joker by Alteya on DeviantArt
Link: http://www.deviantart.com/art/ME-Joker-604972001

[ 57 ] Pin Id: 496803402627114907

Title: Miranda Lawson by brinx-II on DeviantArt
Description: Miranda Lawson by ~brinx2
Link: http://brinx2.deviantart.com/art/Miranda-Lawson-353362162

[ 58 ] Pin Id: 496803402627114917

Title: Kasumi Goto - Mass Effect 2 | 3 - Character Profile
Description: Kasumi Goto - Mass Effect 2 | 3 - Character Profile
Link: http://www.writeups.org/fiche.php?id=5417

[ 59 ] Pin Id: 496803402627114927

Title: ArtStation - Explore
Link: https://www.artstation.com/artwork/mass-effect

[ 60 ] Pin Id: 496803402627114939

Title: geekdraw.com
Description: Mass Effect 3 Kasumi Goto | Patryk Olejniczak
Link: http://geekdraw.com/display/ShowImage?imageUrl=/storage/blog-images/Patryck-Olejniczak-Mass-Effect-3-Kasumi-Goto.jpeg?__SQUARESPACE_CACHEVERSION=1324654356330

[ 61 ] Pin Id: 496803402627114942

Title: Commander Shepard by MagicnaAnavi on DeviantArt
Description: Commander Shepard.
Link: http://magicnaanavi.deviantart.com/art/Commander-Shepard-403943694

[ 62 ] Pin Id: 496803402627114947

Title: S H A L A - Mass Effect OC by Eddy-Shinjuku on DeviantArt
Description: -
Link: http://eddy-shinjuku.deviantart.com/art/S-H-A-L-A-Mass-Effect-OC-420329063

[ 63 ] Pin Id: 496803402627114951

Description: Tali'Zorah vas Normandy
Link: http://writeups.org/img/fiche/5517a.jpg

[ 64 ] Pin Id: 496803402627114972

Title: Tali Zorah by Mabiruna on DeviantArt
Description: Tali Zorah by Mabiruna.deviantart.com on @DeviantArt
Link: http://mabiruna.deviantart.com/art/Tali-Zorah-499287677

[ 65 ] Pin Id: 496803402627114974

Title: Garrus Cosplay at Phoenix Comicon
Description: That's one hell of a garrus cosplay!
Link: http://www.flickr.com/photos/meginsanity/8883000166/

[ 66 ] Pin Id: 496803402627173092

Description: Tali

[ 67 ] Pin Id: 496803402627173100

Title: Miranda Lawson by beastGeallow on DeviantArt
Description: Miranda Lawson by beastGeallow.deviantart.com on @deviantART
Link: http://beastgeallow.deviantart.com/art/Miranda-Lawson-281759293

[ 68 ] Pin Id: 496803402627173117

Title: Mass Effect - Liara and Male Shepard by ToxicQuinn on DeviantArt
Description: Mass Effect - Liara and Male Shepard by ToxicQuinn.deviantart.com on @deviantART
Link: http://toxicquinn.deviantart.com/art/Mass-Effect-Liara-and-Male-Shepard-345297775

[ 69 ] Pin Id: 496803402627173127

Description: Jack
Link: http://images1.wikia.nocookie.net/__cb20120322140421/masseffect/images/5/54/ME3_Jack.png

[ 70 ] Pin Id: 496803402627180831

Title: femShep Speedpaint, Ivan Skudnev
Link: https://www.artstation.com/artwork/G1G3z

[ 71 ] Pin Id: 496803402627180835

Title: Femshep Cosplay - Mass Effect - Cosplay
Description: Femshep Cosplay - Mass Effect
Link: http://9gag.com/gag/aW6O7Od

[ 72 ] Pin Id: 496803402627180837

Title: Mass Effect :: сообщество фанатов / картинки, гифки, прикольные комиксы, интересные статьи по теме.
Description: ME art,фэндомы,ME персонажи,Femshep,Commander Shepard
Link: http://me.reactor.cc/933

[ 73 ] Pin Id: 496803402627180838

Title: Shepard by arienai-ten on DeviantArt
Description: Shepard by arienai-ten
Link: http://arienai-ten.deviantart.com/art/Shepard-616734225

[ 74 ] Pin Id: 496803402627180839

Description: Official girl Shepard (Fem Shep) for Mass Effect 3. Looks fantastic!
Link: http://www.amazon.com/PC-Games/b/?_encoding=UTF8&node=229575&tag=pinterest07bf-20&linkCode=ur2&camp=1789&creative=390957

[ 75 ] Pin Id: 496803402627180840

Title: Mass Effect :: сообщество фанатов / картинки, гифки, прикольные комиксы, интересные статьи по теме.
Description: Mass Effect,фэндомы,ME art,Garrus,Femshep
Link: http://me.reactor.cc/224

[ 76 ] Pin Id: 496803402627180843

Title: Ошибка 429
Description: Сохранённые фотографии | 26 фотографий
Link: https://vk.com/photo316755957_405275927

[ 77 ] Pin Id: 496803402627180845

Title: selfies exist in the future right?
Description: mass effect femshep Jane Shepard liara t'soni shiara
Link: http://rebloggy.com/post/mass-effect-scribbles-femshep-jane-shepard-liara-t-soni-shiara/115910762634

[ 78 ] Pin Id: 496803402627180846

Title: Savior of The Galaxy by GLPing on DeviantArt
Description: Savior of The Galaxy by GLPing.deviantart.com on @DeviantArt
Link: http://glping.deviantart.com/art/Savior-of-The-Galaxy-609379451

[ 79 ] Pin Id: 496803402627180850

Title: Mass Effect :: сообщество фанатов / картинки, гифки, прикольные комиксы, интересные статьи по теме.
Description: Hawke should not be allowed to even come near the Normandy. It might blow up. Or catch fire.
Link: http://me.reactor.cc/108

[ 80 ] Pin Id: 496803402627180856

Title: ୧(•̀ᴗ•́)وмаrсeline❀*՞
Description: ୧(•̀ᴗ•́)وмаrсeline❀*՞
Link: http://marceline2174.tumblr.com/post/135701639289/one-last-time

[ 81 ] Pin Id: 496803402627180858

Title: the fresh prince of tyvia
Description: nerdinski: “ Femshep/Liara illustration for Deja Pink! ”
Link: http://hauteclare.tumblr.com/post/145226353035

[ 82 ] Pin Id: 496803402627180859

Title: Mass Effect :: сообщество фанатов / картинки, гифки, прикольные комиксы, интересные статьи по теме.
Description: Mass Effect,фэндомы,ME art,Femshep,ME персонажи
Link: http://me.reactor.cc/670

[ 83 ] Pin Id: 496803402627180862

Title: Garrus :: ME персонажи :: Mass Effect :: сообщество фанатов / картинки, гифки, прикольные комиксы, интересные статьи по теме.
Description: Mass Effect,фэндомы,Femshep,Commander Shepard,ME персонажи,Garrus Vacarian
Link: http://me.reactor.cc/tag/Garrus/139

[ 84 ] Pin Id: 496803402627180864

Title: Jane Shepard
Description: Jane Shepard by kate-niemczyk.deviantart.com #MassEffect #Femshep
Link: http://kate-niemczyk.deviantart.com/art/Jane-Shepard-460786705

[ 85 ] Pin Id: 496803402627320900

Title: N7 by HuggyBear742 on DeviantArt
Description: N7 by HuggyBear742.deviantart.com on @deviantART
Link: http://huggybear742.deviantart.com/art/N7-408631135

[ 86 ] Pin Id: 496803402627320955

Title: Tumblr
Description: Source: bittersiha
Link: http://kingsiha.tumblr.com/post/131660803882/im-alive-i-promise-school-is-just-chaotic-but

[ 87 ] Pin Id: 496803402627332089

Title: Jack by AlexJoyce on DeviantArt
Description: Jack by AlexJoyce
Link: http://alexjoyce.deviantart.com/art/Jack-613445615

[ 88 ] Pin Id: 496803402627332091

Title: hella paragon
Description: who is like us? #masseffect
Link: http://mervley.tumblr.com/post/68811805962

[ 89 ] Pin Id: 496803402627332092

Description: FemShep
Link: http://fuckyeah-masseffect.tumblr.com/image/82759613493

[ 90 ] Pin Id: 496803402627332094

Title: Fem Sheppard - Mass Effect
Description: Fem Shepard, Mass Effect.
Link: http://www.flickr.com/photos/izildur/9469838010/in/pool-cosplayworld

[ 91 ] Pin Id: 496803402627332096

Title: Jack Mass Effect by SabryN7 on DeviantArt
Description: here we have the lovely Jack! she is a character in Mass Effect 2 and 3 though playing a larger role in 2 than 3 she is still one of my favourites
Link: http://sabryn7.deviantart.com/art/Jack-Mass-Effect-302040806

[ 92 ] Pin Id: 496803402627332101

Description: Mass Effect
Link: http://www.pinterest.com/agiantrobot/mass-effect/

[ 93 ] Pin Id: 496803402627332103

Description: Mass Effect
Link: http://browse.deviantart.com/?q=drow%20makeup&order=9&offset=96#/d4w1vry

[ 94 ] Pin Id: 496803402627332104

Title: Mass Effect: Kasumi Goto by ruthiebutt on DeviantArt
Description: Mass Effect: Kasumi Goto by *ruthieee on deviantART
Link: http://lorna-ka.deviantart.com/art/Mass-Effect-Kasumi-Goto-345059236

[ 95 ] Pin Id: 496803402627332107

Title: Miranda Lawson_ Mass Effect Fan Art by JotaPonce on DeviantArt
Description: Miranda Lawson_ Mass Effect Fan Art by ~JotaPonce
Link: http://jotaponce.deviantart.com/art/Miranda-Lawson-Mass-Effect-Fan-Art-302131487?q=%20sort:time%20mass%20effect&qo=109

[ 96 ] Pin Id: 496803402627332108

Title: Tali Sumie style by MyCKs on DeviantArt
Description: Mass Effect
Link: http://mycks.deviantart.com/art/Tali-Sumie-style-355789260

[ 97 ] Pin Id: 496803402627332110

Link: http://41.media.tumblr.com/c008e9db55362e331fac00ebc506a246/tumblr_o2uyw5Empj1v9088wo1_500.png

[ 98 ] Pin Id: 496803402627332111

Title: Miranda Lawson pose by N7-KGG-MASSEFFECT on DeviantArt
Description: Miranda Lawson pose by N7-KGG-MASSEFFECT on DeviantArt
Link: http://n7-kgg-masseffect.deviantart.com/art/Miranda-Lawson-pose-309845045

[ 99 ] Pin Id: 496803402627332123

Title: Mass Effect 3 - Miranda by patryk-garrett on DeviantArt
Description: Miranda Lawson from the Mass Effect series - done by patryk-garrett on deviantart
Link: http://patryk-garrett.deviantart.com/art/Mass-Effect-3-Miranda-193679655?q=boost:popular%20in:fanart%20mass%20effect&qo=4

[ 100 ] Pin Id: 496803402627332128

Description: Ashley Williams | Mass Effect
Link: https://41.media.tumblr.com/0551fd6a5631d538f3c5e2f0d411aee3/tumblr_nvfzl2ZEVp1tazemyo3_1280.jpg

[ 101 ] Pin Id: 496803402627332134

Title: mass effect on Tumblr
Description: mass effect-Shep
Link: http://www.tumblr.com/tagged/mass+effect

[ 102 ] Pin Id: 496803402627332133

Title: Miranda Lawson - Mass Effect 2 by MadeleineInk on DeviantArt
Description: Miranda Lawson - Mass Effect 2 by MadeleineInk.deviantart.com on @DeviantArt
Link: http://madeleineink.deviantart.com/art/Miranda-Lawson-Mass-Effect-2-601376530

[ 103 ] Pin Id: 496803402628419760

Title: A Photographer on the Citadel - Daydreaming Liara by pineappletree on DeviantArt
Description: A Photographer on the Citadel - Daydreaming Liara by pineappletree
Link: http://pineappletree.deviantart.com/art/A-Photographer-on-the-Citadel-Daydreaming-Liara-530126220?q=sort:time%20favby:LordPaulos&qo=286

[ 104 ] Pin Id: 496803402628735385

Title: Mass Effect - Kasumi by Levelanix on DeviantArt
Description: Mass Effect - Kasumi by Levelanix.deviantart.com on @deviantART
Link: http://levelanix.deviantart.com/art/Mass-Effect-Kasumi-416095026

[ 105 ] Pin Id: 496803402628735395

Title: For Thessia by Katakanasta on DeviantArt
Description: For Thessia by Katakanasta.deviantart.com on @deviantART #masseffect #asari
Link: http://katakanasta.deviantart.com/art/For-Thessia-304060974

[ 106 ] Pin Id: 496803402628735398

Description: Liara
Link: http://th06.deviantart.net/fs71/PRE/i/2014/069/d/1/liara_in_sport_suit_ver_2_by_asarimaniac-d79nc8v.jpg

