Pinterest Downloader: Version 1.9

Input URL: https://www.pinterest.com/tondafischer/baldurs-gate-3/
Folder URL: https://www.pinterest.com/tondafischer/baldurs-gate-3/

[ 1 ] Pin Id: 496803402660814917

Title: Baldurs Gate 3
Description: Baldurs Gate, Baldurs Gate 3, Baldurs Gate Enhanced Game photos and wallpapers.
Link: https://www.ixpap.com/baldurs-gate-3-wallpaper/

[ 2 ] Pin Id: 496803402660814921

Title: Karlach

[ 3 ] Pin Id: 496803402660814930

Title: Gale

[ 4 ] Pin Id: 496803402660814932

Title: Gale of Waterdeep. Baldur’s Gate 3 T-shirt. Now available on TeePublic
Description: 🧙‍♂️✨ Embracing the mystique of the arcane! 🔮✨ Behold, a tribute to Gale of Waterdeep, the enigmatic wizard from Baldur's Gate 3 and Dungeons & Dragons. 📜🌟 Dive into the realms of magic and adventure with us! 🌌💫 #GaleOfWaterdeep #Gale #BaldursGate3 #DnD #Wizard #T-shirt #TeePublic
Link: https://www.teepublic.com/t-shirt/50296359-gale-the-legendary-wizard-of-waterdeep-baldurs-gat?store_id=214355

[ 5 ] Pin Id: 496803402660814933

Title: Gale of Waterdeep. Baldur’s Gate 3 T-shirt. Now available on TeePublic
Link: https://www.teepublic.com/t-shirt/50296460-gale-the-legendary-wizard-of-waterdeep-baldurs-gat?store_id=214355

[ 6 ] Pin Id: 496803402660814938

Title: Jaheira from Baldur's Gate 3
Description: Jaheira is undoubtedly one of the most formidable characters in Baldur's Gate 3.
Link: https://www.gamerg.one/post/baldurs-gate-3-must-read-beginners-guide

[ 7 ] Pin Id: 496803402660814941

Title: Astarion
Link: https://youtu.be/5tIt-qJpEd8

[ 8 ] Pin Id: 496803402660814945

Title: Baldur's Gate 3 - Lae'zel - Kazuliski
Link: https://www.youtube.com/playlist?list=PLOIsDPYijmGOJ4oDvuYeXGkFMVJjwhJr4

[ 9 ] Pin Id: 496803402660820039

Title: @・ꈊ・@
Link: https://tmblr.co/ZpBZXlb2NELGay00

[ 10 ] Pin Id: 496803402660820045

Description: (3) TimetheHobo on X: "The real relationship triangle tbh. Act 3 making me stress on my choices. 😂 #BaldursGate3 #bg3spoilers https://t.co/vMetfxHzwc" / X
Link: https://twitter.com/timethehobo/status/1696078464926052739

[ 11 ] Pin Id: 496803402660820082

Title: Top 20 Astarion Baldurs Gate 3 Wallpapers [ 4k, HD ]
Link: http://m.gettywallpapers.com/astarion-baldurs-gate-3-wallpapers/

[ 12 ] Pin Id: 496803402660820098

Title: Shiroishi art
Link: https://www.tumblr.com/shiroishi8/725892871135330304

[ 13 ] Pin Id: 496803402660833545

Title: eurodynamic
Description: eurodynamic on Tumblr
Link: https://www.tumblr.com/blog/view/eurodynamic/725752534716891136

[ 14 ] Pin Id: 496803402660833557

Title: lord-woolsley
Description: lord-woolsley on Tumblr
Link: https://www.tumblr.com/blog/view/lord-woolsley/726725197248577536

[ 15 ] Pin Id: 496803402660833561

Title: Photo
Description: 🌵 #Baldurs_Gate_3, #kyotosparty, #Karlach,.. | JoyReactor: Игры
Link: https://vk.com/photo-218493483_457245440

[ 16 ] Pin Id: 496803402660833572

Title: Weenwem
Description: (3) Weenwem on Tumblr
Link: https://www.tumblr.com/weenwem

[ 17 ] Pin Id: 496803402660833574

Title: Karlach

[ 18 ] Pin Id: 496803402660841798

Title: wroniec on X
Link: https://twitter.com/wrroniec/status/1705245242583069025

[ 19 ] Pin Id: 496803402660841815

Link: https://steamuserimages-a.akamaihd.net/ugc/2011473347043013739/B0ED661FD23B04A879CA61B0D356140E8F42DA73/?imw=5000&imh=5000&ima=fit&impolicy=Letterbox&imcolor=%23000000&letterbox=false

[ 20 ] Pin Id: 496803402660871786

Title: Cheers to the Thirst
Link: https://www.tumblr.com/ribbonentrails/727285241117605888/love-them

[ 21 ] Pin Id: 496803402660871788

Title: shalizeh7
Link: https://shalizeh7.tumblr.com/

[ 22 ] Pin Id: 496803402660871790

Title: Baldur's Gate 3 - Dame Aylin, Wayne Chu
Link: https://www.artstation.com/artwork/RyB5Ye

[ 23 ] Pin Id: 496803402660871791

Title: ᨐᵉᵒʷ
Link: https://at.tumblr.com/leopardmuffinxo/664783827195101184/ybb7ye4farzz

[ 24 ] Pin Id: 496803402660871796

Title: Aeterna Amantes ♥ (help i can't stop drawing fanart)
Link: https://www.reddit.com/r/BaldursGate3/comments/1611qd2/aeterna_amantes_help_i_cant_stop_drawing_fanart/?utm_source=share&utm_medium=mweb

[ 25 ] Pin Id: 496803402660871800

Title: Shadowheart - White Hair

[ 26 ] Pin Id: 496803402660871802

Title: Shadowheart

[ 27 ] Pin Id: 496803402660871805

Title: Dark Urge

[ 28 ] Pin Id: 496803402660871819

Title: Sunburn
Link: https://www.tumblr.com/sunsetagain/728279126533865472/sunburn

[ 29 ] Pin Id: 496803402660913303

Title: My fanart of Shadowheart
Description: My fanart of Shadowheart : BaldursGate3
Link: https://www.reddit.com/r/BaldursGate3/comments/16nhxii/my_fanart_of_shadowheart/

[ 30 ] Pin Id: 496803402660913331

Title: 🌱GerryArt on X
Link: https://twitter.com/GerryArthur/status/1688447806657515521/photo/1

[ 31 ] Pin Id: 496803402661035949

Link: https://x.com/PaulinaKlime/status/1708395553594261672?t=VBsxyddZyk1uoJTd0mRCnQ&s=09

[ 32 ] Pin Id: 496803402661035955

Link: https://www.instagram.com/p/CxAj3QrqGDk/?igshid=MTc4MmM1YmI2Ng==

[ 33 ] Pin Id: 496803402661045654

Title: @amionna on Tumblr

[ 34 ] Pin Id: 496803402661045658

Title: ilikedetectives
Description: Virtual Photographer on Tumblr
Link: https://www.tumblr.com/blog/view/ilikedetectives/728389162251747328

[ 35 ] Pin Id: 496803402661045660

Title: ShadowHeart in DA:I Tarot Style!
Description: ShadowHeart in DA:I Tarot Style! : BaldursGate3
Link: https://www.reddit.com/r/BaldursGate3/comments/jowwis/shadowheart_in_dai_tarot_style/?utm_source=share&utm_medium=ios_app&utm_name=iossmf&utm_term=link

[ 36 ] Pin Id: 496803402661045666

Title: Baldur's Gate 3 - Lae'zel - Kazuliski
Link: https://www.youtube.com/playlist?list=PLOIsDPYijmGOJ4oDvuYeXGkFMVJjwhJr4

[ 37 ] Pin Id: 496803402661068465

Title: caffeinatedrogue (decaffeinated arc) on X
Link: https://twitter.com/CaffeineRogue/status/1700146780531278170?t=XQtwkyHX6aOIWcJQbAa0iA&s=19

[ 38 ] Pin Id: 496803402661191166

Title: #karlach ~ Baldur’s Gate 3

[ 39 ] Pin Id: 496803402661401636

Link: https://twitter.com/feyspeaker/status/1717085524198912161/photo/1

[ 40 ] Pin Id: 496803402661401643

Title: raiko on X
Link: https://twitter.com/raikoart/status/1704042735391719902?t=PVL0-E9TUAu8W5cDGw_eqw&s=19

[ 41 ] Pin Id: 496803402661464771

Title: Kiwipon (@kiwi_pon) on X
Description: Kiwipon on X: "The second in the series of Leyendecker inspired but make it BG3, this time the bb girl Shadowheart , God's favourite princess What can I say, she was my first choice in Early access, bestest girl, thank you very much for giving her life #JenniferEnglish @larianstudios https://t.co/lbyYR79R3i" / X
Link: https://twitter.com/kiwi_pon/status/1710581431783563402

[ 42 ] Pin Id: 496803402661464773

Description: A Misthios In Training (@misthiosvp) / X
Link: https://twitter.com/misthiosvp/status/1711781134520955117/photo/2

[ 43 ] Pin Id: 496803402661637193

Description: Home / X
Link: https://twitter.com/misthiosvp/status/1714310303696245216/photo/1

[ 44 ] Pin Id: 496803402661637205

Title: run through the jungle
Link: https://www.tumblr.com/blog/view/thenightsong/729171055976103936

[ 45 ] Pin Id: 496803402661644234

Title: shadowheart icon ᯤ

[ 46 ] Pin Id: 496803402661785789

Title: Baldur's Gate 3 / DOS2 | hello! I made a Shadowheart fanart :) I hope you'll like it 🥰 ( i want to to some more characters too ) Tools: 3d+painting >noai >humanmade | Facebook
Link: https://www.facebook.com/groups/293974777651067/permalink/2014067918975069/?sfnsn=scwspmo&ref=share

[ 47 ] Pin Id: 496803402661785790

Title: Tasca Skelton | Art (@tascaskelton) on X
Link: https://twitter.com/tascaskelton/status/1727421888551604293

[ 48 ] Pin Id: 496803402661785791

Title: Baldur's Gate 3 fanart Sep. 2023, Liu Yan
Link: https://www.artstation.com/artwork/PXkaVL

[ 49 ] Pin Id: 496803402661785794

Title: Gale from Waterdeep / Baldurs Gate 3 / Гейл -булочка / @okotleta

[ 50 ] Pin Id: 496803402661785795

Title: Shadowheart

[ 51 ] Pin Id: 496803402661785797

Title: meg ✶ on X
Link: https://twitter.com/bastila_ss/status/1698556747625992620?s=12&t=3Z-4hnCavccyWW9ansK30Q

[ 52 ] Pin Id: 496803402661785802

Title: Shadowheart || #bg3 #baldursgate3

[ 53 ] Pin Id: 496803402661785809

Title: on faerun's doorstep.
Link: https://www.tumblr.com/blog/view/thefaerun/728384792911101952

[ 54 ] Pin Id: 496803402661785811

Link: https://twitter.com/ilikedetectives/status/1717895170451214791/photo/1

[ 55 ] Pin Id: 496803402662633987

Title: Lae'zel

[ 56 ] Pin Id: 496803402662633988

Title: Steam Community :: Baldur's Gate 3
Link: https://steamcommunity.com/app/1086940/images/

[ 57 ] Pin Id: 496803402662633994

Title: Shadowheart
Description: White hair Shadowheart Baldur's Gate 3 screenshot
Link: https://www.pinterest.com/thedafy/baldurs-gate-3/

[ 58 ] Pin Id: 496803402662634018

Description: Karlach from BG3 — Twitter @PaulinaKlime

[ 59 ] Pin Id: 496803402662634020

Title: Baldur's Gate 3 - Shadowheart - Kazuliski - Larian Studios

[ 60 ] Pin Id: 496803402662634030

Title: Kyotospartyart

[ 61 ] Pin Id: 496803402662634036

Title: Steam Community :: Baldur's Gate 3
Description: Сообщество Steam :: Baldur's Gate 3
Link: https://steamcommunity.com/app/1086940/images/

[ 62 ] Pin Id: 496803402662634042

Title: Lae’zel ~ Gith Warrior

[ 63 ] Pin Id: 496803402662634054

Title: @momolith on Tumblr

[ 64 ] Pin Id: 496803402662634067

Title: Steam Community :: Baldur's Gate 3
Link: https://steamcommunity.com/app/1086940/images/

[ 65 ] Pin Id: 496803402662634077

Title: Withers Baldurs gate 3

