Pinterest Downloader: Version 1.9

Input URL: https://www.pinterest.com/tondafischer/fantasy-women-2/
Folder URL: https://www.pinterest.com/tondafischer/fantasy-women-2/

[ 1 ] Pin Id: 496803402657032732

Title: Sweetdemon-OC by DeFeNiXx on DeviantArt
Link: https://www.deviantart.com/defenixx/art/Sweetdemon-OC-872812869

[ 2 ] Pin Id: 496803402657057895

Title: Naked Girl paintings
Description: Naked Girl paintings
Link: https://www.artranked.com/topic/Naked+Girl

[ 3 ] Pin Id: 496803402657057896

Title: Sam Yang 🌻 on Twitter
Link: https://twitter.com/samyangart/status/1226075457101033473

[ 4 ] Pin Id: 496803402657109386

Title: Knight (personal work), Se young Lee
Link: https://www.artstation.com/artwork/8e2DrG

[ 5 ] Pin Id: 496803402657109394

Title: Knight (personal work), Se young Lee
Description: ArtStation - Knight (personal work), Se young Lee
Link: https://www.artstation.com/artwork/8e2DrG

[ 6 ] Pin Id: 496803402657109395

Title: May, NEMO Art
Description: ArtStation - May, NEMO Art
Link: https://www.artstation.com/artwork/R343Pr

[ 7 ] Pin Id: 496803402657109398

Title: Knight (personal work), Se young Lee
Description: ArtStation - Knight (个人作品)
Link: https://www.artstation.com/artwork/8e2DrG

[ 8 ] Pin Id: 496803402657109399

Title: 𝕹𝖆𝖓𝖈𝖞 𝖂𝖍𝖊𝖊𝖑𝖊𝖗

[ 9 ] Pin Id: 496803402657126780

Title: Commission: Tiwa by Cher-Ro on DeviantArt
Description: Commission: Tiwa by Cher-Ro on DeviantArt
Link: https://www.deviantart.com/cher-ro/art/Commission-Tiwa-703771155

[ 10 ] Pin Id: 496803402657126787

Title: Fantasy Characters
Link: https://imgur.com/gallery/PBSbIzi

[ 11 ] Pin Id: 496803402657126795

Title: Mobius FF - Pollensalta
Link: https://imgur.com/gallery/Lhsso7T

[ 12 ] Pin Id: 496803402657126800

Title: human female gypsy.jpg
Link: https://www.worldanvil.com/i/270242

[ 13 ] Pin Id: 496803402657126810

Title: doodle, Z.HAE (Jihae Park)
Link: https://www.artstation.com/artwork/68lGR5

[ 14 ] Pin Id: 496803402657126820

Title: illustration, Bella liu
Link: https://www.artstation.com/artwork/10k18

[ 15 ] Pin Id: 496803402657126822

Title: Pride of Exodar., Dmitry Prozorov
Link: https://www.artstation.com/artwork/8enWE6

[ 16 ] Pin Id: 496803402657126825

Title: Elven Maiden

[ 17 ] Pin Id: 496803402657126843

Title: Alynore, June Jenssen
Description: ArtStation - Alynore, June Jenssen
Link: https://www.artstation.com/artwork/VlOlZ

[ 18 ] Pin Id: 496803402657126846

Title: Женский образ в цифровых рисунках
Link: https://zen.yandex.ru/media/kaleidoscopelive/jenskii-obraz-v-cifrovyh-risunkah-5d65146d1ee34f00add99450

[ 19 ] Pin Id: 496803402657126849

Title: Chung Chohong

[ 20 ] Pin Id: 496803402657126851

Title: A R C H E R, N  I  X E U
Link: https://www.artstation.com/artwork/QzQgrr

[ 21 ] Pin Id: 496803402657132917

Title: Page not found
Description: Badass Illustrations by Kerem Beyit ROM Characters
Link: http://abduzeedo.com/badass-illustrations-kerem-beyit

[ 22 ] Pin Id: 496803402657132919

Title: Steam Community :: Error
Description: Comunidad Steam :: :: Ciri
Link: https://steamcommunity.com/sharedfiles/filedetails/?id=1794536303

[ 23 ] Pin Id: 496803402657132928

Title: Fantasy blog
Description: Source
Link: http://mystery-of-silence.tumblr.com/post/131353470715/found-on-drawcrowd-art-by-lee-jeehyung

[ 24 ] Pin Id: 496803402657132957

Title: On the starry skies' shore by avvart (detail)
Link: https://www.deviantart.com/avvart/art/On-the-starry-skies-shore-569044241

[ 25 ] Pin Id: 496803402657132960

Title: Starfire cover o1, Jeremy chong
Link: https://www.artstation.com/artwork/O1lOw

[ 26 ] Pin Id: 496803402657132961

Title: Cori

[ 27 ] Pin Id: 496803402657132964

Title: Purple, Aleksei Vinogradov
Link: https://www.artstation.com/artwork/4GGQl

[ 28 ] Pin Id: 496803402657132968

Title: Young Adult Fantasy Fiction
Link: https://www.homyarmistry.com/books-for-sale/

[ 29 ] Pin Id: 496803402657132980

Title: ArtStation - Explore
Link: https://www.artstation.com/artwork/jeehyung-32

[ 30 ] Pin Id: 496803402657132983

Title: Meanwhile Back in The Dungeon...
Link: http://meanwhilebackinthedungeon.tumblr.com/post/183818657854

[ 31 ] Pin Id: 496803402657132985

Title: Kaer - Commission by 1Enary1 on DeviantArt
Link: https://www.deviantart.com/1enary1/art/Kaer-Commission-827261681

[ 32 ] Pin Id: 496803402657132992

Title: Soulkeeper by Airyciel on DeviantArt
Link: https://www.deviantart.com/airyciel/art/Soulkeeper-675794552

[ 33 ] Pin Id: 496803402657132993

Title: Maori Pirate Princess, Nathascha Konieczka
Link: https://www.artstation.com/artwork/PeXDB

[ 34 ] Pin Id: 496803402657132994

Title: Steam Community :: Screenshot :: Eagle Bearer
Link: https://steamcommunity.com/sharedfiles/filedetails/?id=1882116154

[ 35 ] Pin Id: 496803402657132996

Title: tomb raider splash by calisto-lynn on DeviantArt
Link: http://www.deviantart.com/art/tomb-raider-splash-342034782

[ 36 ] Pin Id: 496803402657132999

Link: https://www.wattpad.com/story/256937786?utm_source=android&utm_medium=pinterest&utm_content=share_inline_media&wp_page=media_slideshow_button&wp_uname=Inez46&wp_originator=Xvzh0vlHrP%2BGG2b4DdJNsoOt7H1Lnc/1BJXxIPoz/nZhRBI7PDgPYrGKgFceUiphIFnaxEG%2BlYa2DGJ4mnhQ8jCqY4iVDnYsoUHDRV46RHM4Rx03RP/PLFxLOwCUpaGy

[ 37 ] Pin Id: 496803402657133006

Title: The Quiet of a Beating Heart, an art print by Leesha Hannigan
Description: This is a gallery-quality giclée art print on 100% cotton rag archival paper, printed with archival inks.
Link: https://www.inprnt.com/gallery/leeshahannigan/the-quiet-of-a-beating-heart/

[ 38 ] Pin Id: 496803402657133012

Title: Snow, Lisa Buijteweg
Link: https://www.artstation.com/artwork/dODd3

[ 39 ] Pin Id: 496803402657159551

Title: Shepherdess by IanPerks on DeviantArt
Description: Shepherdess by IanPerks
Link: https://www.deviantart.com/ianperks/art/Shepherdess-659216406

[ 40 ] Pin Id: 496803402657159554

Title: Embark the Journey (Zuko Love story)
Link: https://www.wattpad.com/story/75018747?utm_source=android&utm_medium=pinterest&utm_content=story_info&wp_page=story_details_button&wp_uname=ScarletWitchette&wp_originator=250YcCneekY0N5zY0TCc5fwz2T8NvjTVuumYmmbjVegm9WDvsrTiVC1/GZ1KeCtOtGFksu6HkPWDwlvdZHd1Owt4lamsQ1B92hIx13ruZjlTNMT0uOt6O21mSlowCLb2

[ 41 ] Pin Id: 496803402657159611

Title: Shadow on Twitter
Link: https://twitter.com/Shadowyahaha/status/1351572983605673985

[ 42 ] Pin Id: 496803402657159613

Title: You wake up in a dungeon, roll perception
Link: http://dndhomebrewandart.tumblr.com/post/168236134895/char-portraits-rangers-rest-by-alexander

[ 43 ] Pin Id: 496803402657199622

Title: ؘ on Twitter
Link: https://twitter.com/emiliaisobels/status/1254678968722247680/photo/1

[ 44 ] Pin Id: 496803402657199631

Title: FANTASY pirate
Link: https://m.youtube.com/channel/UClPzyZEd8hkqiqJ8goBpaEQ

[ 45 ] Pin Id: 496803402657199643

Title: Mhysa by Inna-Vjuzhanina on DeviantArt
Description: Mother of Dragons
Link: http://browse.deviantart.com/art/Mhysa-382311853

[ 46 ] Pin Id: 496803402657199644

Title: High Warrior by kainthebest on DeviantArt
Description: High Warrior by kainthebest
Link: https://www.deviantart.com/art/High-Warrior-708777153

[ 47 ] Pin Id: 496803402657199648

Title: Rogue, Krystopher Decker
Description: Vampira
Link: https://www.artstation.com/artwork/xzroQ2

[ 48 ] Pin Id: 496803402657199657

Title: I will rule by fdasuarez on DeviantArt
Description: I will rule by fdasuarez on @DeviantArt
Link: https://www.deviantart.com/fdasuarez/art/I-will-rule-459672147

[ 49 ] Pin Id: 496803402657199660

Title: targaryensource
Link: http://targaryensource.tumblr.com/post/163047708672/daenerys-by-arthurproject

[ 50 ] Pin Id: 496803402657199664

Title: The Crimson - Dominate, Jiunn Kuo
Link: https://www.artstation.com/artwork/18aEv8

[ 51 ] Pin Id: 496803402657199665

Title: Magali Villeneuve on Twitter
Description: “My Illustration for the "A Game of Thrones : The Illustrated Edition" 20th Anniversary. Daenerys & Khal Drogo #asoiaf #daenerys #khaleesi”
Link: https://twitter.com/Cathaoir1/status/790647551376650240

[ 52 ] Pin Id: 496803402657199666

Title: Metamorphosis by rossdraws on DeviantArt
Link: https://www.deviantart.com/rossdraws/art/Metamorphosis-809867792

[ 53 ] Pin Id: 496803402657199669

Title: 7 Female Archetypes: Awaken Your Inner Goddess
Link: https://solancha.com/10-female-archetypes-awaken-your-inner-goddess/

[ 54 ] Pin Id: 496803402657199673

Title: Crimson by rossdraws on DeviantArt
Description: Crimson by rossdraws on DeviantArt
Link: https://www.deviantart.com/rossdraws/art/Crimson-772862602

[ 55 ] Pin Id: 496803402657199675

Title: Greek Gods, Bachzim
Description: "Greek Gods" by Bachzim
Link: https://www.artstation.com/artwork/D5XrGy

[ 56 ] Pin Id: 496803402657199814

Title: spartan commander, JeongSeok Lee
Description: ArtStation - spartan commander, JeongSeok Lee
Link: https://www.artstation.com/artwork/nQ6en9

[ 57 ] Pin Id: 496803402657199820

Title: Lady Soldier, Jose Barrero
Link: https://www.artstation.com/artwork/OxBXv

[ 58 ] Pin Id: 496803402657199822

Title: Nilea, my new Vengeance Paladin
Link: https://www.reddit.com/r/DnD/comments/dtzukk/art_sorta_oc_nilea_my_new_vengeance_paladin/

[ 59 ] Pin Id: 496803402657199823

Link: https://cdna.artstation.com/p/assets/images/images/011/544/582/large/andrey-chernykh-18-wide.jpg

[ 60 ] Pin Id: 496803402657199826

Title: A esposa de Sukuna +18
Link: https://www.wattpad.com/story/261237580?utm_source=android&utm_medium=pinterest&utm_content=share_inline_media&wp_page=media_slideshow_button&wp_uname=UchihaCareca&wp_originator=6y/uV4LhPylWyLi1/qn2rtvW4DtnSGOg6ymjlyrIZTbUDqCp5hj0%2BfX/G6WTbcpQvmjt8/9eAEda%2BMzVp6iz3F%2BShe/xREw0f/U6EoOH3iHNQHGxhGlueb1o7vuMMrkA

[ 61 ] Pin Id: 496803402657199827

Title: Steam Community :: Error
Link: https://steamcommunity.com/sharedfiles/filedetails/?id=2137446744

[ 62 ] Pin Id: 496803402657199846

Title: Hope Mikaelson

[ 63 ] Pin Id: 496803402657199849

Title: Kaydis, Aleksei Vinogradov
Description: ArtStation - Kaydis, Aleksei Vinogradov
Link: https://www.artstation.com/artwork/XBWYra

[ 64 ] Pin Id: 496803402657199852

Title: 𝕌𝕞𝕒 𝕧𝕚𝕕𝕒 𝕗𝕠𝕣𝕒 𝕕𝕠 𝕟𝕠𝕣𝕞𝕒𝕝 (Pausada)
Description: Só lendo pra descobrir #fanfic # Fanfic # amreading # books # wattpad
Link: https://www.wattpad.com/story/296420815?utm_source=android&utm_medium=pinterest&utm_content=share_inline_media&wp_page=media_slideshow_button&wp_uname=HyuugaUzumakiChan&wp_originator=n/YqPGRP4FZIWl53/U6UtjZMDy/FyVTMjwX1ffTq6NYfep5651DYxtmyPxhEmuJSy2RalkZNccx%2BowggsyTdH9OGkBaMH7BdK9GWUg12v3Thz3/MwrEUvpn96GvZtOrW

[ 65 ] Pin Id: 496803402657199855

Title: Hope Mikaelson

[ 66 ] Pin Id: 496803402657199862

Title: ✨✨

[ 67 ] Pin Id: 496803402657203257

Title: Regretful Wind Furia REG , Diego Cunha
Link: https://www.artstation.com/artwork/vxQNE

[ 68 ] Pin Id: 496803402657203264

Title: 𝕶𝖆𝖙𝖍𝖊𝖗𝖎𝖓𝖊 𝕻𝖎𝖊𝖗𝖈𝖊

[ 69 ] Pin Id: 496803402657203265

Title: Brigitte Lindholm, Krystopher Decker
Link: https://www.artstation.com/artwork/wzyRZ

[ 70 ] Pin Id: 496803402657203267

Title: ArtStation - Explore
Link: https://www.artstation.com/artwork/YaLrAP

[ 71 ] Pin Id: 496803402657203270

Title: macarious - Professional, Digital Artist | DeviantArt
Link: https://www.deviantart.com/macarious/gallery

[ 72 ] Pin Id: 496803402657203279

Title: scifi gunslinger by macarious on DeviantArt
Link: https://www.deviantart.com/macarious/art/scifi-gunslinger-845905059

[ 73 ] Pin Id: 496803402657203281

Title: ArtStation - Explore
Description: -- Share via Artstation iOS App, Artstation © 2016
Link: https://www.artstation.com/p/51Pew

[ 74 ] Pin Id: 496803402657203282

Title: Entrance, Rashed AlAkroka ✦
Link: https://www.artstation.com/artwork/gJQGlx

[ 75 ] Pin Id: 496803402657203285

Title: Legend of The Cryptids 2, Tatiana Kirgetova
Description: ArtStation - Legend of The Cryptids 2, Tatiana Kirgetova
Link: https://www.artstation.com/artwork/kNO0

[ 76 ] Pin Id: 496803402657203287

Title: Practice., Michał Wojciechowski
Link: https://www.artstation.com/artwork/eVvgD

[ 77 ] Pin Id: 496803402657203290

Title: Olivia Black
Description: Cyberpunk
Link: http://o-blivia.tumblr.com/post/122173971164

[ 78 ] Pin Id: 496803402657203292

Title: Éowyn, Shieldmaiden of Rohan
Description: Tea at Trianon: Éowyn, Shieldmaiden of Rohan
Link: http://teaattrianon.blogspot.com/2019/04/eowyn-shieldmaiden-of-rohan.html

[ 79 ] Pin Id: 496803402657203293

Title: Nicole (commission) by AyyaSAP on DeviantArt
Link: https://www.deviantart.com/ayyasap/art/Nicole-commission-728490773

[ 80 ] Pin Id: 496803402657203295

Title: Lost in memories, Andrey Gevechanov
Link: https://www.artstation.com/artwork/a9vy8

[ 81 ] Pin Id: 496803402657203297

Title: Wonder Woman, BambooWu
Description: ArtStation - Wonder Woman, Wu XianDeng
Link: https://www.artstation.com/artwork/9egOAW

[ 82 ] Pin Id: 496803402657203300

Title: Mass Effect Galaxy
Link: https://mass-effect-galaxy.tumblr.com/post/189315146896/me-tyressa-shepard-by-thesalmonart

[ 83 ] Pin Id: 496803402657203301

Title: cyber, Veronika Kozlova
Description: -- Share via Artstation iOS App, Artstation © 2016
Link: https://www.artstation.com/p/dQD43

[ 84 ] Pin Id: 496803402657203304

Title: Mera Amber Heard , Logan Cure
Description: ArtStation - Mera Amber Heard , Logan Cure
Link: https://www.artstation.com/artwork/rRzeaO

[ 85 ] Pin Id: 496803402657203306

Title: Sistine by JuneJenssen on DeviantArt
Link: https://www.deviantart.com/junejenssen/art/Sistine-823834075

[ 86 ] Pin Id: 496803402657203309

Title: Military Nurse by AyyaSAP on DeviantArt
Link: https://www.deviantart.com/ayyasap/art/Military-Nurse-476305831

[ 87 ] Pin Id: 496803402657203310

Title: Dragon Dreams III by tjota on DeviantArt
Link: https://www.deviantart.com/tjota/art/Dragon-Dreams-III-720175802

[ 88 ] Pin Id: 496803402657203311

Title: SakimiArt
Description: future fantasy
Link: http://sakimichan.tumblr.com/post/66433235244/last-two-speed-paint-are-live-stream

[ 89 ] Pin Id: 496803402657203312

Title: Wonder woman 🍑🔥✨💥👄 sword 🗡️⚔️ #art #artist #love #ph...
Link: https://burrra.com/feed/248529

[ 90 ] Pin Id: 496803402657203313

Title: cyberpunk girl by AyyaSAP on DeviantArt
Link: https://www.deviantart.com/ayyasap/art/cyberpunk-girl-478675923

[ 91 ] Pin Id: 496803402657203315

Title: Sara Pezzini, Miguel Mercado
Link: https://www.artstation.com/artwork/aaE69

[ 92 ] Pin Id: 496803402657203317

Title: Girl  portrait, Felix Liu
Description: [ArtStation - Girl portrait, Felix Liu]
Link: https://www.artstation.com/artwork/50QBz

[ 93 ] Pin Id: 496803402657203318

Title: Selene (Underworld) .nsfw opt. by martaino on DeviantArt
Link: https://www.deviantart.com/martaino/art/Selene-Underworld-nsfw-opt-812356056

[ 94 ] Pin Id: 496803402657203321

Title: See you in another life, Rui Li
Description: ArtStation - See you in another life, Rui Li
Link: https://www.artstation.com/artwork/lVemee

[ 95 ] Pin Id: 496803402657203329

Title: Get You The Moon: Photo
Link: https://starsandskies.tumblr.com/image/634107958589063168

[ 96 ] Pin Id: 496803402657203360

Title: Commander Shepard by Jennifer-Manzanera on DeviantArt
Link: https://www.deviantart.com/jennifer-manzanera/art/Commander-Shepard-624130725

[ 97 ] Pin Id: 496803402657203365

Title: Cyberpunk 2077 Teaser by Fan-Film Produced
Link: https://omggamer.com/cyberpunk-2077-teaser/

[ 98 ] Pin Id: 496803402657206357

Title: Yira by Candy-L-Lan on DeviantArt
Link: https://www.deviantart.com/candy-l-lan/art/Yira-794723842

[ 99 ] Pin Id: 496803402657206361

Title: Cyberpunk Girl, Raijin Art
Description: ArtStation - Cyberpunk Girl, Raijin Art
Link: https://www.artstation.com/artwork/ybLZA9

[ 100 ] Pin Id: 496803402657206362

Title: Cyberpunk, game

[ 101 ] Pin Id: 496803402657206369

Title: Spranks on Twitter
Link: https://twitter.com/cspranklerun/status/1288167117687148544/photo/1

[ 102 ] Pin Id: 496803402657218308

Title: Ciri Cyberpunk 2077 by EzioMaverick on DeviantArt
Link: https://www.deviantart.com/eziomaverick/art/Ciri-Cyberpunk-2077-864986603

[ 103 ] Pin Id: 496803402657218314

Title: My Lavellan by MissQualle on DeviantArt
Description: My Lavellan by MissQualle on DeviantArt
Link: https://www.deviantart.com/missqualle/art/My-Lavellan-593325700

[ 104 ] Pin Id: 496803402657218315

Title: Cyberpunk 2077 Fan Creates Their Very Own Artistic Version of V
Link: https://www.dualshockers.com/cyberpunk-2077-fan-creates-version-of-v/

[ 105 ] Pin Id: 496803402657218323

Title: Ciri, The witcher, cyberpunk 2077, artwork, 1080x2160 wallpaper
Link: https://wallpapersmug.com/w/download/1080x2160/ciri-cyberpunk-2077-aa35db17615

[ 106 ] Pin Id: 496803402657218331

Link: https://www.wattpad.com/story/217121492?utm_source=android&utm_medium=pinterest&utm_content=share_inline_media&wp_page=media_slideshow_button&wp_uname=luciferDABI&wp_originator=OkqbIBZOJ3GerhJHqhxYQi5Uoty%2Bj3pSW3cYyqyt4JxP2vhxFoe/9TOcXQeUOS%2BAjMtF4ORBQtiavgI0OFBZrFTtDFdk%2Bo%2BFn%2Bxm%2BFn0OAZJBn5OH5g9EQ13hkXtgKlQ

[ 107 ] Pin Id: 496803402657239912

Title: Ice, Aleksei Vinogradov
Link: https://www.artstation.com/artwork/J2zQA

[ 108 ] Pin Id: 496803402657239987

Title: Lamia, Grace Zhu
Link: https://www.artstation.com/artwork/Qr3q0E

[ 109 ] Pin Id: 496803402657239999

Title: Amara, June Jenssen
Description: ArtStation - Amara, June Jenssen
Link: https://www.artstation.com/artwork/3oPAJD

[ 110 ] Pin Id: 496803402657240015

Title: BLIND ELF QUEEN, JOHN RIC DETO-ON
Link: https://www.artstation.com/artwork/d8B5JJ

[ 111 ] Pin Id: 496803402657240017

Title: Nightbreeze, Astri Lohne
Link: https://www.artstation.com/artwork/0rLBw

[ 112 ] Pin Id: 496803402657240023

Title: some fanart
Link: https://www.artstation.com/an-helme

[ 113 ] Pin Id: 496803402657240025

Title: Gedyneith Flaminica - Gwent Card, Anna Podedworna
Link: https://www.artstation.com/artwork/1D1e2

[ 114 ] Pin Id: 496803402657240027

Title: ArtStation - Explore
Description: ArtStation - Fey Light, Djamila Knopf
Link: https://www.artstation.com/artwork/fey-light

[ 115 ] Pin Id: 496803402657248383

Title: PROCrEATE art that is another level
Link: https://m.youtube.com/channel/UCL3bRvVRXoT0G3aZMGaF_JA

[ 116 ] Pin Id: 496803402657248386

Title: Lady Thor (Jane Foster) by John Staub
Link: https://www.reddit.com/r/Marvel/comments/ketxyr/lady_thor_jane_foster_by_john_staub/?utm_medium=android_app&utm_source=share

[ 117 ] Pin Id: 496803402657248394

Title: the memory wraith, Aleksandra Skiba
Link: https://www.artstation.com/artwork/mz85re

[ 118 ] Pin Id: 496803402657248399

Title: Renar by NeexSethe on DeviantArt
Description: Renar by NeexSethe on DeviantArt
Link: https://www.deviantart.com/neexsethe/art/Renar-678525228

[ 119 ] Pin Id: 496803402657248404

Description: Foto
Link: https://plus.google.com/communities/106489863990754279894?hl=es

[ 120 ] Pin Id: 496803402657248412

Title: Mighty Thor #705 Virgin Variant cover by Stanley Artgerm Lau
Description: Mighty Thor #705 Virgin Variant cover by Stanley Artgerm Lau
Link: https://www.reddit.com/r/ImaginaryMarvel/comments/bhz3j8/mighty_thor_705_virgin_variant_cover_by_stanley/

[ 121 ] Pin Id: 496803402657248419

Title: Gunilla | Rick Riordan
Description: Gunilla #Gunilla Valkyrie #MagnusChase #MagnusChaseAndTheGodsOfAsgard #RickRiordan #Viria #Fanart
Link: http://rickriordan.com/character/gunilla/

[ 122 ] Pin Id: 496803402657248424

Title: Comm: Girl With Braids by Tpiola on DeviantArt
Link: https://www.deviantart.com/tpiola/art/Comm-Girl-With-Braids-856104904

[ 123 ] Pin Id: 496803402657248427

Title: One Piece Closet Chronicles/20 Minutes in heaven - A cross and a bandana: 1K reader special - it's getting dirty (really dirty)
Link: https://www.wattpad.com/561833251-one-piece-closet-chronicles-20-minutes-in-heaven-a?utm_source=web&utm_medium=pinterest&utm_content=share_reading

[ 124 ] Pin Id: 496803402657248442

Title: 10 Modern Comic Creators that Rocked 2019! - GoCollect
Link: https://blog.gocollect.com/10-modern-comic-creators-that-rocked-2019/

[ 125 ] Pin Id: 496803402657275295

Title: Vi - Arcane Fan Art, Luis Omar
Link: https://www.artstation.com/artwork/2qYDQx

[ 126 ] Pin Id: 496803402657275296

Title: ArtStation - Explore
Link: https://www.artstation.com/artwork/8NJgq

[ 127 ] Pin Id: 496803402657275298

Title: Российский Сервис Онлайн-Дневников
Description: Мир фантастики и мистики. Художник-иллюстратор Selene Regener . Обсуждение на LiveInternet - Российский Сервис Онлайн-Дневников
Link: https://www.liveinternet.ru/users/lara_rimmer/post409769938

[ 128 ] Pin Id: 496803402657275300

Title: Therarda - Hobbyist, Digital Artist | DeviantArt
Description: Check out Therarda's art on DeviantArt. Browse the user profile and get inspired.
Link: https://www.deviantart.com/therarda

[ 129 ] Pin Id: 496803402657275304

Description: Alessandra

[ 130 ] Pin Id: 496803402657294406

Link: https://cdnb.artstation.com/p/assets/images/images/047/784/723/4k/luis-omar-violet-13.jpg?1648448707

[ 131 ] Pin Id: 496803402657294417

Title: Lana Solaris by RaSen by DrewDiddy1996 on DeviantArt
Link: https://www.deviantart.com/drewdiddy1996/art/Lana-Solaris-by-RaSen-867773657

[ 132 ] Pin Id: 496803402657294435

Title: Elena - My Room (Personal Project) by Razaras on DeviantArt
Link: https://www.deviantart.com/razaras/art/Elena-My-Room-Personal-Project-873411942

[ 133 ] Pin Id: 496803402657303884

Title: legend of the cryptids, woo chul lee
Description: ArtStation - legend of the cryptids, woo chul lee
Link: https://www.artstation.com/artwork/nEN3K

[ 134 ] Pin Id: 496803402657320616

Title: I Became A Supposed Villain After Dying [ON HOLD] - Servant + World Info
Link: https://www.wattpad.com/1140297724?utm_source=ios&utm_content=share_inline_media&wp_page=reading_inline&wp_uname=KylieTatyanaMartinez&wp_originator=a4d5INh8DHx4Ah4mdf6MFZDDzHZxzG8dzYRd2sLQWORV%2BgUqZeVs8yZz3v84cJlNn5cVD5Ang1d5W8r3%2Bm1KESwZFMzzJ5sde%2Bmxrg0O92eRp%2BDcN0IsWFzUdd5ySnLK

[ 135 ] Pin Id: 496803402657320631

Title: mis oc's
Description: aquí publicare mis oc's para las historias donde me inviten #fantasía # Fantasía # amreading # books # wattpad
Link: https://www.wattpad.com/story/288732050?utm_source=android&utm_medium=pinterest&utm_content=share_inline_media&wp_page=media_slideshow_button&wp_uname=Bloody_Shadow_666&wp_originator=2j07hWeNBH%2Bt8btJuGMzVLJOiuGykIO5SnUbLf%2B%2B%2BRlb9hG5uwiAX1sOenS8mJ1KqSQgdgzplZuXe1dm0hyy2Fk1RtZxkOjWRw2Ib/%2BizPsdfh0lVwso6EmbI1mVZdBi

[ 136 ] Pin Id: 496803402657320648

Title: S T U D Y 03 SUNSET, N  I  X E U
Link: https://www.artstation.com/artwork/bK98gn

[ 137 ] Pin Id: 496803402657320661

Title: Butterflies by RaidesArt on DeviantArt
Link: https://www.deviantart.com/raidesart/art/Butterflies-856101718

[ 138 ] Pin Id: 496803402657320662

Title: Image about girl in Illustrations by mynnsan on We Heart It
Description: 由mynnsan发现的图片。在We Heart It发现（并保存！）属于你自己的图片和视频
Link: https://weheartit.com/entry/330686226

[ 139 ] Pin Id: 496803402657320665

Description: 던파 일러스트, 도트 백업🌊 (@DNF_artwork) / Twitter
Link: https://twitter.com/coaxxxxx/status/1416358303429390341/photo/1

[ 140 ] Pin Id: 496803402657320666

Title: M I S S E , N  I  X E U
Link: https://www.artstation.com/artwork/XnmxEa

[ 141 ] Pin Id: 496803402657320667

Title: T W I L I G H T [Remake] by Nixeu on DeviantArt
Link: https://www.deviantart.com/nixeu/art/T-W-I-L-I-G-H-T-Remake-892361752

[ 142 ] Pin Id: 496803402657320670

Title: Artist: Chocofing R
Link: https://www.artstation.com/artwork/KaG0y9

[ 143 ] Pin Id: 496803402657320671

Link: https://www.wattpad.com/story/296447285?utm_source=android&utm_medium=pinterest&utm_content=share_inline_media&wp_page=media_slideshow_button&wp_uname=lawanzyk&wp_originator=0PRcPcGbJhF8rHDxPJIj2KYDEjDBoskNmogUJFjHn4Dptw8Jg/f%2Bz7x9Y3wvIfiHPf1%2BBWvcreXNF7OcS/8RK0Ms50VYpaumkaPi4DvNmisUI09t20qHNVKilYcZ9djZ

[ 144 ] Pin Id: 496803402657324903

Title: Hande Erçel @simonacalagreti73

[ 145 ] Pin Id: 496803402657324913

Title: LOKOnity on Twitter
Link: https://mobile.twitter.com/lokonity/status/1495752312312459265/photo/1

[ 146 ] Pin Id: 496803402657324938

Title: Hande Erçel @simonacalagreti73

[ 147 ] Pin Id: 496803402657324959

Title: Tumblr
Description: Tumblr est un lieu où vous pouvez vous exprimer, apprendre à vous connaître, et créer des liens autour de vos centres d'intérêts. C'est l'endroit où vos passions vous connectent avec les autres.
Link: https://www.tumblr.com/dashboard

[ 148 ] Pin Id: 496803402657343569

Title: Que que na-to-ra you will understand.. by Axsens on DeviantArt
Link: https://www.deviantart.com/axsens/art/Que-que-na-to-ra-you-will-understand-850501802

[ 149 ] Pin Id: 496803402657343580

Title: Beauty Click IPhone Wallpaper - IPhone Wallpapers
Link: https://iphoneswallpapers.com/beauty-click-iphone-wallpaper/

[ 150 ] Pin Id: 496803402657343680

Title: Overwatch • r/Overwatch
Link: https://www.reddit.com/r/Overwatch/#res:ner-page=2

[ 151 ] Pin Id: 496803402657343681

Title: April 13th, coco kim
Description: ArtStation - April 13th
Link: https://www.artstation.com/artwork/14XWEX

[ 152 ] Pin Id: 496803402657343722

Title: my ig : beast.graffiti.styleword

[ 153 ] Pin Id: 496803402657352290

Title: SNAKE, lovecacao *yunjeong
Link: https://www.artstation.com/artwork/m9qE8

[ 154 ] Pin Id: 496803402657352301

Title: Morning 2, WLOP
Description: ArtStation - WLOP
Link: https://www.artstation.com/artwork/bKZ2za

[ 155 ] Pin Id: 496803402657354630

Title: Triss Merigold | Miss Ally on Patreon
Link: https://www.patreon.com/posts/triss-merigold-35911160?utm_medium=social&utm_source=pinterest&utm_campaign=postshare

[ 156 ] Pin Id: 496803402657354699

Link: http://apps.samsung.com/theme/ProductDetail.as?appId=com.sec.Darkcherryblossompinkbeaut.common.wallpaperpack

[ 157 ] Pin Id: 496803402657358858

Title: Awesome Yakuza iPhone Wallpapers - WallpaperAccess
Description: Yakuza iPhone Wallpapers - Top Free Yakuza iPhone Backgrounds - WallpaperAccess
Link: https://wallpaperaccess.com/yakuza-iphone

[ 158 ] Pin Id: 496803402657358869

Title: Beauty wallpaper by xmirshad - Download on ZEDGE™ | 3405
Link: https://www.zedge.net/wallpaper/ef9a037d-9987-341c-b992-96fe0eb43405

[ 159 ] Pin Id: 496803402657370550

Title: Maikel te envió un Pin
Link: https://pin.it/UsDvrlv

[ 160 ] Pin Id: 496803402657370567

Title: Sin, WLOP
Link: https://www.artstation.com/artwork/rAykJ2

[ 161 ] Pin Id: 496803402657370574

Title: Butterfly3, WLOP
Link: https://www.artstation.com/artwork/2qKgbv

[ 162 ] Pin Id: 496803402657387921

Title: IronSight , seungmin Kim
Link: https://www.artstation.com/artwork/ln6V5

[ 163 ] Pin Id: 496803402657387924

Title: Jennifer Lawrence is on top of the world
Link: http://www.dailymail.co.uk/tvshowbiz/article-2520717/Jennifer-Lawrence-world-American-Hustle-press-conference.html

[ 164 ] Pin Id: 496803402657387936

Title: Chinese Zodiac.:Ox:. by sakimichan on DeviantArt
Link: https://www.deviantart.com/sakimichan/art/Chinese-Zodiac-Ox-651272446

[ 165 ] Pin Id: 496803402657387944

Title: Red-Head Pirate Girl, Fantasy Woman Art,Daz Studio by shibashake on DeviantArt
Link: https://www.deviantart.com/shibashake/art/Red-Head-Pirate-Girl-Fantasy-Woman-Art-Daz-Studio-806248723?src=MC_deviation_stack

[ 166 ] Pin Id: 496803402657387945

Title: Triss Merigold by gantzu on DeviantArt
Link: https://www.deviantart.com/gantzu/art/Triss-Merigold-824633975

[ 167 ] Pin Id: 496803402657387946

Title: Photo
Link: https://www.flickr.com/photos/147557624@N07/42453144700

[ 168 ] Pin Id: 496803402657387981

Title: Miranda Lawson by AyyaSAP on DeviantArt
Link: https://www.deviantart.com/ayyasap/art/Miranda-Lawson-837223932

[ 169 ] Pin Id: 496803402657389734

Title: Triss Merigold, 喵 小团
Link: https://www.artstation.com/artwork/gJA11P

[ 170 ] Pin Id: 496803402657389775

Title: Damsel, Caterina Kalymniou
Link: https://www.artstation.com/artwork/v2x0Kd

[ 171 ] Pin Id: 496803402657389777

Title: 莫甘娜Morgana, xin jin
Link: https://www.artstation.com/artwork/4Xodb4

[ 172 ] Pin Id: 496803402657389779

Title: Thiếu Nữ Hai Mươi Tám Tuổi
Link: https://www.flickr.com/photos/194456763@N05/51852089750/

[ 173 ] Pin Id: 496803402657389787

Title: Major Mags

[ 174 ] Pin Id: 496803402657389788

Title: Commission for RitterFeld by SonnizzleArt on DeviantArt
Link: https://www.deviantart.com/sonnizzleart/art/Commission-for-RitterFeld-887778705

[ 175 ] Pin Id: 496803402657389795

Description: Sofia anak yang nakal dan sering membuat kekacauan di sekelilingnya. … #fantasy #Fantasy #amreading #books #wattpad
Link: https://www.wattpad.com/story/250681523?utm_source=android&utm_medium=pinterest&utm_content=share_inline_media&wp_page=media_slideshow_button&wp_uname=ctu_08&wp_originator=MAWfp/t%2BNdv4msa1mMYxMHPaqlk78LwB%2BAVYET8/LmS6bQGzZObP0B1InLhTRE5mtC7BjTjIUqjLtCE6S4qmAiSlgffuwVnNmutjzPVgK1enFniYS/9Qlm5Rg8XLcp6d

[ 176 ] Pin Id: 496803402657389799

Title: Argentea by alrun-art on DeviantArt
Link: https://www.deviantart.com/alrooney/art/Argentea-780668458

[ 177 ] Pin Id: 496803402657412686

Link: https://www.wattpad.com/story/207086942?utm_source=android&utm_medium=pinterest&utm_content=share_inline_media&wp_page=media_slideshow_button&wp_uname=FebyWiyono&wp_originator=kqaJ2XHboPWxY9XrGvDedNRPBz0tbP61KEWqeA37dkQPNmIZmCROtYaHGKW%2BAmK9lcm5Um1cp53TLKRckZl20NcAQ9glCi/9iBsYPQEncY7oP7HGvV8weV3WYhPs6Mbw

[ 178 ] Pin Id: 496803402657417306

Title: Sabari by Jorsch on DeviantArt
Description: Sabari by Jorsch on DeviantArt
Link: https://www.deviantart.com/jorsch/art/Sabari-801545831

[ 179 ] Pin Id: 496803402657417385

Title: LAPD_for pursuit, AIN 이인원(ienwon Lee)
Description: ArtStation - LAPD_for pursuit, Ain (ienwon Lee)
Link: https://www.artstation.com/artwork/YQL8q

[ 180 ] Pin Id: 496803402657433137

Title: Wallpapers Karma
Description: Mizii : Wallpapers Karma
Link: https://mizii.tumblr.com/post/672472839784398848/wallpapers-karma

[ 181 ] Pin Id: 496803402657433187

Title: v2.3.71
Description: Чудо Женщина
Link: http://ageofwarringempireinfo.blogspot.com/2015/06/v2371.html

[ 182 ] Pin Id: 496803402657433193

Title: S'ava on Twitter
Link: https://mobile.twitter.com/f_oxa/status/1376941309659860998/photo/1

[ 183 ] Pin Id: 496803402657433197

Title: Akali True Damage, Nibelart .
Description: ArtStation - Akali True Damage, Nibelart .
Link: https://www.artstation.com/artwork/k49G9z

[ 184 ] Pin Id: 496803402657433215

Title: Dragon Keeper by Lee99 on DeviantArt
Description: Dragon Keeper by Lee99
Link: http://lee99.deviantart.com/art/Dragon-Keeper-565010237

[ 185 ] Pin Id: 496803402657433218

Title: Diana by YamiRakan on DeviantArt
Link: https://www.deviantart.com/yamirakan/art/Diana-821744465

[ 186 ] Pin Id: 496803402657433222

Title: 𝐆𝐚𝐥𝐞𝐫𝐢𝐚 𝐊/𝐃𝐀
Description: Imágenes de kda #humor # Humor # amreading # books # wattpad
Link: https://www.wattpad.com/story/203627819?utm_source=android&utm_medium=pinterest&utm_content=share_inline_media&wp_page=reader_long_pressed_action_bar&wp_uname=juanfrancisco333&wp_originator=izZz8HG5dpWRUA7f9XRfHoXYCTQB2UzUNTzV8xRkKl5skMsf3pjyWGEzBL0nIqBpinUA1BR8y8g4291Lcgw2Y3IkrS9ldvCkQBWrsngqvOER8jkO1GrfgLL4s%2B1sxRkk

[ 187 ] Pin Id: 496803402657433223

Title: Illuminate
Link: http://aurelinsol.tumblr.com/post/156329426710/a-new-moon-is-rising-blood-moon-diana

[ 188 ] Pin Id: 496803402657433225

Title: Akali by YamiRakan on DeviantArt
Link: https://www.deviantart.com/yamirakan/art/Akali-819081268

[ 189 ] Pin Id: 496803402657433229

Title: 霞（私人约稿）不可商用不可转载, 夫鬼
Link: https://www.artstation.com/artwork/bKZOBk

[ 190 ] Pin Id: 496803402657433234

Title: Diana League Of Legends 4k Wallpapers | hdqwalls.com
Link: https://hdqwalls.com/wallpaper/640x1136/diana-league-of-legends-4k

[ 191 ] Pin Id: 496803402657433240

Title: Everyone can change (Marvel and DC harem x ex-villian male reader)
Link: https://www.wattpad.com/story/209850816?utm_source=android&utm_medium=pinterest&utm_content=share_inline_media&wp_page=media_slideshow_button&wp_uname=RebelngSuperboy&wp_originator=GFIcag/n7GZKU8CqaHf9JZiV%2BK2Sm81bQ/3p1ptN5fdZAEb5x/2CoCoUgyF4WUfhy35RdkJYGn7zVh1C/UJgltubZkGR/Lv6ZzIFVPHnQOJ8p98NRomDsGQ1UKqRjdmT

[ 192 ] Pin Id: 496803402657433258

Title: Morgana by YamiRakan on DeviantArt
Link: https://www.deviantart.com/yamirakan/art/Morgana-872293464

[ 193 ] Pin Id: 496803402657433278

Title: Yasuo TD by YamiRakan on DeviantArt
Link: https://www.deviantart.com/yamirakan/art/Yasuo-TD-818554430

[ 194 ] Pin Id: 496803402657433280

Title: Lux by YamiRakan on DeviantArt
Link: https://www.deviantart.com/yamirakan/art/Lux-818553691

[ 195 ] Pin Id: 496803402657433309

Title: Djamila Knopf is creating Illustrations | Patreon
Link: https://www.patreon.com/djamilaknopf?utm_content=buffer13c5f&utm_medium=social&utm_source=pinterest.com&utm_campaign=buffer

[ 196 ] Pin Id: 496803402657467272

Title: Pursuer, Young June Choi  [ GPZANG ]
Link: https://www.artstation.com/artwork/4bbZN1

[ 197 ] Pin Id: 496803402657467273

Title: ArtStation - Explore
Link: https://www.artstation.com/artwork/LR9A5

[ 198 ] Pin Id: 496803402657467288

Title: Tuberosa, Varvara Paukova
Link: https://www.artstation.com/artwork/YaOVJK

[ 199 ] Pin Id: 496803402657467296

Title: Catwoman Pepper, Sean Tay
Link: https://www.artstation.com/p/kBdO2

[ 200 ] Pin Id: 496803402657467298

Title: Rogue ( X-Men Evolution ) by AyyaSAP on DeviantArt
Description: Rogue ( X-Men Evolution ) by AyyaSAP
Link: https://www.deviantart.com/ayyasap/art/Rogue-X-Men-Evolution-785496490

[ 201 ] Pin Id: 496803402657467303

Title: 🥵🤯
Link: https://youtu.be/YBvFEecxqyc

[ 202 ] Pin Id: 496803402657467307

Title: L. B. 💋 on Twitter
Link: https://twitter.com/lena58265425/status/1290688592784887811/photo/1

[ 203 ] Pin Id: 496803402657467309

Title: L. B. 💋 on Twitter
Link: https://twitter.com/lena58265425/status/1281255419034447875/photo/1

[ 204 ] Pin Id: 496803402657467311

Title: macarious - Professional, Digital Artist | DeviantArt
Link: https://www.deviantart.com/macarious/gallery

[ 205 ] Pin Id: 496803402657467314

Title: girl, 张 仔东
Link: https://www.artstation.com/artwork/mqL158

[ 206 ] Pin Id: 496803402657467324

Title: To Die With The Sun by dCTb on DeviantArt
Link: https://www.deviantart.com/dctb/art/To-Die-With-The-Sun-422627455

[ 207 ] Pin Id: 496803402657467329

Title: NoMoreMutants
Link: http://nomoremutants-com.tumblr.com/post/152437904999/the-perfect-rogue-by-douglas-martins-download

[ 208 ] Pin Id: 496803402657467338

Title: Rogue by Nikki Elder
Description: Rogue by Nikki Elder: xmen
Link: https://www.reddit.com/r/xmen/comments/lbcd6f/rogue_by_nikki_elder/?utm_medium=android_app&utm_source=share

[ 209 ] Pin Id: 496803402657467339

Title: stare, khadijah khatib
Link: https://www.artstation.com/artwork/8eey1x

[ 210 ] Pin Id: 496803402657472396

Title: Supergirl, NeoArtCorE
Link: https://www.artstation.com/artwork/oAy3Bw

[ 211 ] Pin Id: 496803402657472399

Title: Spider Gwen .final render. by sakimichan on DeviantArt
Description: Spider Gwen .final render. by sakimichan on @DeviantArt
Link: https://www.deviantart.com/sakimichan/art/Spider-Gwen-final-render-782535612

[ 212 ] Pin Id: 496803402657476021

Description: Scarlet Witch

[ 213 ] Pin Id: 496803402657476029

Link: https://www.wattpad.com/story/217121492?utm_source=android&utm_medium=pinterest&utm_content=share_inline_media&wp_page=media_slideshow_button&wp_uname=luciferDABI&wp_originator=OkqbIBZOJ3GerhJHqhxYQi5Uoty%2Bj3pSW3cYyqyt4JxP2vhxFoe/9TOcXQeUOS%2BAjMtF4ORBQtiavgI0OFBZrFTtDFdk%2Bo%2BFn%2Bxm%2BFn0OAZJBn5OH5g9EQ13hkXtgKlQ

[ 214 ] Pin Id: 496803402657476031

Title: Beautiful woman, green eyes, art, 1080x2160 wallpaper
Link: https://wallpapersmug.com/w/download/1080x2160/beautiful-woman-green-eyes-art-f86e2a22914

[ 215 ] Pin Id: 496803402657495300

Title: Aerith by Liang-Xing on DeviantArt
Link: https://www.deviantart.com/liang-xing/art/Aerith-804217150

[ 216 ] Pin Id: 496803402657495302

Title: [Florist], sungmoo heo
Link: https://www.artstation.com/artwork/xJ03z4

[ 217 ] Pin Id: 496803402657499579

Title: girl, Yi Jiang
Link: https://www.artstation.com/artwork/r9A0Xa

[ 218 ] Pin Id: 496803402657499587

Title: 👻
Description: Emma Stone Gwen Stacy

[ 219 ] Pin Id: 496803402657499597

Link: https://pbs.twimg.com/media/D2BAFVfU0AAdk7M.jpg

[ 220 ] Pin Id: 496803402657499599

Title: Pinterest
Link: https://pin.it/5RGslbu

[ 221 ] Pin Id: 496803402657499604

Title: Hope Mikaeson

[ 222 ] Pin Id: 496803402657515339

Title: Sentinel Irelia by BcoPy on Pixiv
Link: https://www.pixiv.net/en/artworks/91445540

[ 223 ] Pin Id: 496803402657515344

Title: Book Cover 3, Jeremy chong
Link: https://www.artstation.com/artwork/33bZo

[ 224 ] Pin Id: 496803402657518570

Title: Ascendo Tuum
Link: https://imanasoh.tumblr.com/tagged/sexy-art

[ 225 ] Pin Id: 496803402657518590

Description: # FURY OF THE BURNING BLADE

[ 226 ] Pin Id: 496803402657518599

Title: jeehyung, Jeehyung Lee
Link: https://www.artstation.com/artwork/NZEYb

[ 227 ] Pin Id: 496803402657518641

Title: Dzsozi ♂️ on Twitter
Link: https://twitter.com/Dzsozi22/status/1000794666588045312

[ 228 ] Pin Id: 496803402657523882

Title: Ciri, Prywinko Art
Link: https://www.artstation.com/artwork/nLLle

[ 229 ] Pin Id: 496803402657523885

Title: 0927_study_Katarina, Tim Liu
Description: ArtStation - 0927_study_Katarina, Tim Liu
Link: https://www.artstation.com/artwork/b4nGm

[ 230 ] Pin Id: 496803402657531288

Title: Aeajra the Sunelf by Elsiart
Link: https://www.reddit.com/r/ImaginaryElves/comments/u5o63r/aeajra_the_sunelf_by_elsiart/?utm_source=share&utm_medium=ios_app&utm_name=iossmf

[ 231 ] Pin Id: 496803402657531297

Title: Celtic girl by Venlian on DeviantArt
Link: https://www.deviantart.com/venlian/art/Celtic-girl-329653033

[ 232 ] Pin Id: 496803402657531300

Title: Thor, the Goddess of Thunder, Krystopher Decker
Description: ArtStation - Thor, the Goddess of Thunder, Krystopher Decker
Link: https://www.artstation.com/artwork/dOoLLK

[ 233 ] Pin Id: 496803402657531302

Title: Snow, Auto .
Link: https://www.artstation.com/artwork/Q1BoB

[ 234 ] Pin Id: 496803402657531313

Title: Lightning, by Ae-rie by Antsstyle on DeviantArt
Link: https://www.deviantart.com/antsstyle/art/Lightning-by-Ae-rie-819393884?fbclid=IwAR0qgAqQafTirxFmG9vNk2wb0xEVqZ-g2wFAJTa9E6bsor0nkenUVCrVoC0

[ 235 ] Pin Id: 496803402657543073

Title: Batgirl of Burnside - DC Comics - Character profile
Link: https://www.writeups.org/batgirl-burnside-dc-comics/

[ 236 ] Pin Id: 496803402657543079

Link: https://www.wattpad.com/story/217553829?utm_source=android&utm_medium=pinterest&utm_content=share_inline_media&wp_page=media_slideshow_button&wp_uname=AmazingCannon90&wp_originator=uemFdOpUSFc1t3iYpRBopfD1sd6UeG33%2BITHVqNMmClLkp80tZvQlcj4LyZmsXkeveJW0jNpkmqUBioC/Y0E5t3CP%2BNbwXm5/EbC7H4tNmgsuIcu7hJH63QobUA2gOn%2B

[ 237 ] Pin Id: 496803402657543121

Title: Laura, NOPEYS
Description: ArtStation - Laura, NOPEYS : Norman de Mesa
Link: https://www.artstation.com/artwork/eqdKY

[ 238 ] Pin Id: 496803402657589112

Title: POWER, imagines
Link: https://www.wattpad.com/story/201833349?utm_source=android&utm_medium=pinterest&utm_content=share_inline_media&wp_page=media_slideshow_button&wp_uname=Nay_Slytherin&wp_originator=y1HCaIlloIl4ZyIEVM0oXtVg9fFAdg5BqaET8R4zNMsunkQ8a7K3OxgVBPrRxTB/n3cuug7eHa82tU1ZvAiloOG7NYtHkukZ1Y893uCW%2BSw3WkvMG9wemWw2fB%2BsGP9o

[ 239 ] Pin Id: 496803402657589147

Title: X23, Ty Romsa
Link: https://www.artstation.com/artwork/ykk0gn

[ 240 ] Pin Id: 496803402657589165

Description: X-23 - an illustration that nicely makes the point illustrated so well in the first movie when Rogue asked Wolverine:  "Does it hurt when they come out?"

[ 241 ] Pin Id: 496803402657589168

Title: Portrait of Rose from Titanic , Katerina Strokach
Link: https://www.artstation.com/artwork/YKePZb

