Pinterest Downloader: Version 1.9

Input URL: https://www.pinterest.com/tondafischer/mage/
Folder URL: https://www.pinterest.com/tondafischer/mage/

[ 1 ] Pin Id: 496803402656024818

Title: Triss Merigold by Kuvshinov-Ilya on DeviantArt
Link: https://www.deviantart.com/kuvshinov-ilya/art/Triss-Merigold-535358609

[ 2 ] Pin Id: 496803402656024828

Title: Unpopular opinion: Triss > Yennefer
Link: https://www.reddit.com/r/witcher/comments/o2i3hb/unpopular_opinion_triss_yennefer/?utm_medium=android_app&utm_source=share

[ 3 ] Pin Id: 496803402656024854

Title: Priestess, Rui Li
Description: Priestess by Rui Li on ArtStation.
Link: https://www.artstation.com/artwork/neNoe

[ 4 ] Pin Id: 496803402656027288

Title: Triss Merigold by Coliandre on DeviantArt
Link: https://www.deviantart.com/coliandre/art/Triss-Merigold-613638890

[ 5 ] Pin Id: 496803402656027324

Title: Tyranny of Dragons Campaign - (Feanor44 DM) - Play-By-Post - D&D Beyond General - D&D Beyond Forums
Link: https://www.dndbeyond.com/forums/d-d-beyond-general/play-by-post/21057-tyranny-of-dragons-campaign-feanor44-dm?page=2

[ 6 ] Pin Id: 496803402656027341

Title: Time Mage, Chunyu Wang
Link: https://www.artstation.com/artwork/dOBBae

[ 7 ] Pin Id: 496803402656027345

Title: Fantasy Photo: Fantasy Art- John Howe
Link: https://www.fanpop.com/clubs/fantasy/images/3987382/title/fantasy-art-john-howe-photo?card

[ 8 ] Pin Id: 496803402656027347

Title: The Wise Wizard by BlackTalonArts on DeviantArt
Description: The Wise Wizard by BlackTalonArts
Link: https://www.deviantart.com/blacktalonarts/art/The-Wise-Wizard-773653071

[ 9 ] Pin Id: 496803402656027389

Title: Nesskain on Twitter
Description: Nesskain on Twitter: "The greatest wizard.… "
Link: https://twitter.com/nesskain/status/805205052034084864

[ 10 ] Pin Id: 496803402656027408

Title: Queen of the Crows, Hanho Lee
Link: https://www.artstation.com/artwork/68wJYO

[ 11 ] Pin Id: 496803402656027412

Title: ADPong - Professional, Digital Artist | DeviantArt
Description: Zelthis
Link: https://www.deviantart.com/adpong

[ 12 ] Pin Id: 496803402656392761

Title: Book Cover 3, Jeremy chong
Link: https://www.artstation.com/artwork/33bZo

[ 13 ] Pin Id: 496803402656392762

Title: Riathyra, Arya A. (NPye)
Description: ArtStation - Riathyra, N P y e
Link: https://www.artstation.com/artwork/ykWkaK

[ 14 ] Pin Id: 496803402656392765

Title: The Darkling Mage - Dustin by Monanu on DeviantArt
Link: https://www.deviantart.com/monanu/art/The-Darkling-Mage-Dustin-820175217

[ 15 ] Pin Id: 496803402656392769

Title: Nosso amo sem memória (Não Revisado)
Link: https://www.wattpad.com/story/286512738?utm_source=android&utm_medium=pinterest&utm_content=share_inline_media&wp_page=media_slideshow_button&wp_uname=Psisita&wp_originator=qONk5Iq10JqDVZou32Dlmj0F0ERlpyZve218LlNZMJ8VqRuvjxKT2r%2BeEzJBXZJ3zrsYBfaYgOATmW66k7%2Bm0Zz53AMgSghYpX1NjTXJ97xxlOB3ybMz%2BuD/uD04OkF6

[ 16 ] Pin Id: 496803402656392775

Title: │▌@NIXEU ⊳ illustration | league of legends | luxanna | lux

[ 17 ] Pin Id: 496803402656583063

Title: Scarlet Witch, xiangxiang lu
Description: ArtStation - Scarlet Witch, xiangxiang lu
Link: https://www.artstation.com/artwork/A9dqWy

[ 18 ] Pin Id: 496803402656589771

Title: ~FANART for BC♡MF~ — Doctor’s research mood :)
Link: https://sh2jw.tumblr.com/post/188190013789/doctors-research-mood/amp

[ 19 ] Pin Id: 496803402656639735

Title: World Of Warcraft Ren'dorei, Andya Dewakinnara
Description: ArtStation - World Of Warcraft Ren'dorei, Andya Dewakinnara
Link: https://www.artstation.com/artwork/k4elvx

[ 20 ] Pin Id: 496803402656772846

Title: Katara, Gavin Wynford
Link: https://www.artstation.com/artwork/nQVYbr

[ 21 ] Pin Id: 496803402656837935

Title: Fantasy Photo: Fantasy Art- John Howe
Link: https://www.fanpop.com/clubs/fantasy/images/3987382/title/fantasy-art-john-howe-photo?card

[ 22 ] Pin Id: 496803402656842602

Title: DnD Dark Elf, Art of Neight
Link: https://www.artstation.com/artwork/zA2nOD

[ 23 ] Pin Id: 496803402656851467

Title: I'm Ready! & More concept, Kan Liu(666K信譞)
Link: https://www.artstation.com/artwork/qQ6zbn

[ 24 ] Pin Id: 496803402656952056

Title: Sorceress by victter-le-fou on DeviantArt
Link: https://www.deviantart.com/victter-le-fou/art/Sorceress-694971873

