Pinterest Downloader: Version 1.9

Input URL: https://www.pinterest.com/tondafischer/fantasy-women-7/
Folder URL: https://www.pinterest.com/tondafischer/fantasy-women-7/

[ 1 ] Pin Id: 496803402661492442

Title: Haliyland - Etsy
Link: https://www.etsy.com/shop/Haliyland

[ 2 ] Pin Id: 496803402661558523

Title: Fantasy Character
Description: Hanzo’s Nijijourney Showcase (AI)
Link: https://www.instagram.com/hanzo.ai.art/

[ 3 ] Pin Id: 496803402661569952

Title: Woman in tavern

[ 4 ] Pin Id: 496803402661569953

Title: Pirate Maiden
Link: https://www.instagram.com/hanzo.ai.art/

[ 5 ] Pin Id: 496803402661603575

Title: Dog Breeds That Are Too Threatening To Have Around The House
Link: https://www.buzzerilla.com/en/dangerous-around-dog?utm_source=pinterest&utm_medium=aff&utm_campaign=dist&ly=native_one&mbid=6sscqq80fryggbhh_30c4c9

[ 6 ] Pin Id: 496803402661607027

Title: AIイラスト

[ 7 ] Pin Id: 496803402661635629

Link: https://i.pinimg.com/originals/08/1f/41/081f413c8114e8a6c0c62db195fc0a77.jpg

[ 8 ] Pin Id: 496803402661635635

Title: Midjourney Portrait Art
Description: Hanzo’s Midjourney(v6) Showcase (AI)
Link: https://www.instagram.com/hanzo.ai.art/

[ 9 ] Pin Id: 496803402661637173

Title: Celtic Warrior Princess Clipart With Fantasy Background 45 High Quality Jpgs Digital Download Card Making, Mixed Media - Etsy
Description: Unleash the Spirit of the Celtic Warrior Princess! 🗡️👑 Journey to a realm of strength and beauty with our Celtic Women Warrior Princess Clipart. These fierce and captivating illustrations are ready to infuse your projects with the bravery and mystique of ancient Celtic warriors.
Link: https://www.etsy.com/listing/1509761570/celtic-warrior-princess-clipart-with

[ 10 ] Pin Id: 496803402661637174

Title: Celtic Warrior Princess Clipart - 45 High Quality JPGs - Digital Download - Card Making, Mixed Media, Digital Paper Craft
Description: "Unbeatable value! Every set in my store includes between 30 and 50 images to give you the best possible value for money!  You can add these great value Clipart images to your digital craft stash, these beautiful pictures can be easily used for coasters, mugs, apparel, invitations, Journals, wall art, digital planners and much more! - Please note that the images are White Background JPG images.  I have created every piece of artwork and every set is totally exclusive to my store. I am constantly
Link: https://www.etsy.com/listing/1523936203/celtic-warrior-princess-clipart-45-high

[ 11 ] Pin Id: 496803402661637175

Title: Greek Women Warriors Grayscale Coloring Pages for Adults, Printable PDF File Instant Download
Description: Immerse yourself in the captivating world of ancient Greek women warriors with this unique collection of 45 grayscale coloring pages. Our meticulously designed printable coloring sheets bring to life the fearless warrior queens and powerful goddesses of Greek mythology. Unleash your creativity as you infuse vibrant colors into the grayscale illustrations, adding your personal touch to these high-detail mythological figures.
Link: https://raspiee.com/products/greek-women-warriors-grayscale-coloring-pages-for-adults-printable-pdf-file-instant-download

[ 12 ] Pin Id: 496803402661637200

Title: Blonde woman with her sword - Ai Art
Description: Character art created with Midjourney Ai #Artwork #Character #Fantasy #Anime #cartoon

[ 13 ] Pin Id: 496803402661637240

Title: Rules Set By The Queen That The Princess (and Others) Must Follow
Link: https://www.trendymatter.com/the-rules-kate-middleton-has-to-follow-prove-princess-life-is-not-easy/?utm_source=tdm&utm_campaign=PrincessRules_1017_hms5

[ 14 ] Pin Id: 496803402661673090

Title: People With Rare Features That Make Them Unique
Link: https://www.buzzerilla.com/en/make-rare-unique?utm_source=pinterest&utm_medium=aff&utm_campaign=dist&ly=native_one&mbid=aybqsu4pdxfqp822_2c1626

[ 15 ] Pin Id: 496803402661673108

Title: ꒰𝙰𝚒 𝙰𝚛𝚝꒱

[ 16 ] Pin Id: 496803402661673110

Link: https://i.pinimg.com/originals/17/57/ef/1757ef7fc40839e19e49cee6a1a9525a.png

[ 17 ] Pin Id: 496803402661682453

Title: People With Rare Features That Make Them Unique
Link: https://www.buzzerilla.com/en/make-rare-unique?utm_source=pinterest&utm_medium=aff&utm_campaign=dist&ly=native_one&mbid=79kid8kdmqirz2a4_7a7f72

[ 18 ] Pin Id: 496803402661689031

Title: Fantasy woman - Ai Art
Description: Created with Midjourney Ai #Artwork #Character #Fantasy #Anime #cartoon

[ 19 ] Pin Id: 496803402661689069

Title: Fantasy Maiden
Description: Hanzo Nijijourney Showcase (AI)
Link: https://www.instagram.com/hanzo.ai.art/

[ 20 ] Pin Id: 496803402661689094

Title: Pirate
Description: Source: Midjourney & Photoshop

[ 21 ] Pin Id: 496803402661725231

Description: Created with Midjourney Ai #Artwork #Character #Fantasy #Anime #cartoon #cyberpunk

[ 22 ] Pin Id: 496803402661742687

Title: Jinx Vibes
Link: https://www.instagram.com/hanzo.ai.art/

[ 23 ] Pin Id: 496803402661766554

Title: a woman sitting in a car with a steering wheel
Description: Best of Midjourney AI Showcase overseen by ThetaCursed, License: CC BY-NC 4.0

[ 24 ] Pin Id: 496803402661795564

Title: Warrior Maiden
Description: Hanzo’s Midjourney(v6) Showcase (AI)
Link: https://www.instagram.com/hanzo.ai.art/

[ 25 ] Pin Id: 496803402661821668

Title: Elven Fantasy Character
Description: Hanzo’s Midjourney(v6) Showcase (AI)
Link: https://www.instagram.com/hanzo.ai.art/

[ 26 ] Pin Id: 496803402661835888

Title: Midjourney Portrait Art
Description: Hanzo’s Midjourney(v6) Showcase (AI)
Link: https://www.instagram.com/hanzo.ai.art/

[ 27 ] Pin Id: 496803402661871419

Title: Elven Fantasy Character
Link: https://www.instagram.com/hanzo.ai.art/

[ 28 ] Pin Id: 496803402661871420

Title: Elven Fantasy Character
Description: Hanzo’s Midjourney(v6) Showcase (AI)
Link: https://www.instagram.com/hanzo.ai.art/

[ 29 ] Pin Id: 496803402661876708

Title: Midjourney Portrait Art
Link: https://www.instagram.com/hanzo.ai.art/

[ 30 ] Pin Id: 496803402661876711

Title: Midjourney Portrait Art
Description: Hanzo’s Midjourney(v6) Showcase (AI)
Link: https://www.instagram.com/hanzo.ai.art/

[ 31 ] Pin Id: 496803402661876714

Title: Midjourney Portrait Art
Description: Hanzo’s Midjourney(v6) Showcase (AI)
Link: https://www.instagram.com/hanzo.ai.art/

[ 32 ] Pin Id: 496803402661876725

Title: Blonde
Description: Hanzo’s Midjourney(v6) Showcase (AI)
Link: https://www.instagram.com/hanzo.ai.art/

[ 33 ] Pin Id: 496803402661876727

Title: Midjourney Portrait Art
Description: Hanzo’s Midjourney(v6) Showcase (AI)
Link: https://www.instagram.com/hanzo.ai.art/

[ 34 ] Pin Id: 496803402661876735

Title: Midjourney Portrait Art
Description: Hanzo’s Midjourney(v6) Showcase (AI)
Link: https://www.instagram.com/hanzo.ai.art/

[ 35 ] Pin Id: 496803402661876739

Title: Midjourney Portrait Art
Link: https://www.instagram.com/hanzo.ai.art/

[ 36 ] Pin Id: 496803402661892407

Title: Blonde
Description: Hanzo’s Midjourney(v6) Showcase (AI)
Link: https://www.instagram.com/hanzo.ai.art/

[ 37 ] Pin Id: 496803402661892441

Title: Midjourney Portrait Art
Description: Hanzo’s Midjourney(v6) Showcase (AI)
Link: https://www.instagram.com/hanzo.ai.art/

[ 38 ] Pin Id: 496803402661913476

Title: Midjourney Portrait Art
Description: Hanzo’s Midjourney(v6) Showcase (AI)
Link: https://www.instagram.com/hanzo.ai.art/

[ 39 ] Pin Id: 496803402661917744

Title: Fantasy Character
Description: Hanzo’s Midjourney(v6) Showcase (AI)
Link: https://www.instagram.com/hanzo.ai.art/

[ 40 ] Pin Id: 496803402661945128

Title: Midjourney Portrait Art
Description: Hanzo’s Midjourney(v6) Showcase (AI)
Link: https://www.instagram.com/hanzo.ai.art/

[ 41 ] Pin Id: 496803402661945135

Title: Elven Fantasy Character
Description: Hanzo’s Midjourney(v6) Showcase (AI)
Link: https://www.instagram.com/hanzo.ai.art/

[ 42 ] Pin Id: 496803402661945140

Title: Warrior Maiden
Description: Hanzo’s Midjourney(v6) Showcase (AI)
Link: https://www.instagram.com/hanzo.ai.art/

[ 43 ] Pin Id: 496803402661945141

Title: Midjourney Portrait Art
Description: Hanzo’s Midjourney(v6) Showcase (AI)
Link: https://www.instagram.com/hanzo.ai.art/

[ 44 ] Pin Id: 496803402661945142

Title: Fantasy Character
Description: Hanzo’s Midjourney(v6) Showcase (AI)
Link: https://www.instagram.com/hanzo.ai.art/

[ 45 ] Pin Id: 496803402661945144

Title: Midjourney Portrait Art
Description: Hanzo’s Midjourney(v6) Showcase (AI)
Link: https://www.instagram.com/hanzo.ai.art/

[ 46 ] Pin Id: 496803402661945145

Title: Elven Portrait
Link: https://www.instagram.com/hanzo.ai.art/

[ 47 ] Pin Id: 496803402661945147

Title: Elven Fantasy Character
Description: Hanzo’s Midjourney(v6) Showcase (AI)
Link: https://www.instagram.com/hanzo.ai.art/

[ 48 ] Pin Id: 496803402661945156

Title: Zelda Vibes
Description: Hanzo’s Midjourney(v6) Showcase (AI)
Link: https://www.instagram.com/hanzo.ai.art/

[ 49 ] Pin Id: 496803402661945161

Title: Android 18
Description: Hanzo’s Nijijourney Showcase (AI)
Link: https://www.instagram.com/hanzo.ai.art/

[ 50 ] Pin Id: 496803402661945166

Title: Alita
Description: Hanzo’s Nijijourney Showcase (AI)
Link: https://www.instagram.com/hanzo.ai.art/

[ 51 ] Pin Id: 496803402661945167

Title: Nijijourney Portrait Art
Description: Hanzo’s Nijijourney Showcase (AI)
Link: https://www.instagram.com/hanzo.ai.art/

[ 52 ] Pin Id: 496803402661945168

Title: Nijijourney Portrait Art
Description: Hanzo’s Nijijourney Showcase (AI)
Link: https://www.instagram.com/hanzo.ai.art/

[ 53 ] Pin Id: 496803402661945169

Title: Ahsoka
Description: Hanzo’s Nijijourney Showcase (AI)
Link: https://www.instagram.com/hanzo.ai.art/

[ 54 ] Pin Id: 496803402661948740

Title: Fantasy Portrait
Description: Hanzo’s Midjourney(v6) Showcase (AI)
Link: https://www.instagram.com/hanzo.ai.art/

[ 55 ] Pin Id: 496803402661948754

Title: Fantasy Character
Description: Hanzo’s Nijijourney Showcase (AI)
Link: https://www.instagram.com/hanzo.ai.art/

[ 56 ] Pin Id: 496803402661948765

Title: Ai Sketch Art
Description: Hanzo’s Nijijourney Showcase (AI)
Link: https://www.instagram.com/hanzo.ai.art/

[ 57 ] Pin Id: 496803402661948786

Title: Midjourney Portrait Art
Description: Hanzo’s Midjourney(v6) Showcase (AI)
Link: https://www.instagram.com/hanzo.ai.art/

[ 58 ] Pin Id: 496803402661953779

Title: NieR:Automata Vibes
Description: Hanzo’s Midjourney(v6) Showcase (AI)
Link: https://www.instagram.com/hanzo.ai.art/

[ 59 ] Pin Id: 496803402661953780

Title: Elven Fantasy Maiden
Description: Hanzo’s Midjourney(v6) Showcase (AI)
Link: https://www.instagram.com/hanzo.ai.art/

[ 60 ] Pin Id: 496803402661953795

Title: Nijijourney Portrait Art
Description: Hanzo’s Nijijourney Showcase (AI)
Link: https://www.instagram.com/hanzo.ai.art/

[ 61 ] Pin Id: 496803402661953804

Title: Nijijourney Portrait Art
Description: Hanzo’s Nijijourney Showcase (AI)
Link: https://www.instagram.com/hanzo.ai.art/

[ 62 ] Pin Id: 496803402661953806

Title: Midjourney Portrait Art
Description: Hanzo’s Midjourney(v6) Showcase (AI)
Link: https://www.instagram.com/hanzo.ai.art/

[ 63 ] Pin Id: 496803402661953807

Title: Nijijourney Portrait Art
Description: Hanzo’s Nijijourney Showcase (AI)
Link: https://www.instagram.com/hanzo.ai.art/

[ 64 ] Pin Id: 496803402661953817

Title: Nijijourney Portrait Art
Description: Hanzo’s Nijijourney Showcase (AI)
Link: https://www.instagram.com/hanzo.ai.art/

[ 65 ] Pin Id: 496803402661953822

Title: Zelda Vibes
Description: Hanzo’s Midjourney(v6) Showcase (AI)
Link: https://www.instagram.com/hanzo.ai.art/

[ 66 ] Pin Id: 496803402662025926

Title: Bautiful woman - Ai Art
Description: Created with Midjourney Ai #Artwork #Character #Fantasy #Anime #cartoon

[ 67 ] Pin Id: 496803402662025957

Title: Fantasy Portrait
Description: Hanzo’s Midjourney(v6) Showcase (AI)
Link: https://www.instagram.com/hanzo.ai.art/

[ 68 ] Pin Id: 496803402662038493

Title: Fantasy Character
Description: Hanzo’s Midjourney(v6) Showcase (AI)
Link: https://www.instagram.com/hanzo.ai.art/

[ 69 ] Pin Id: 496803402662086713

Title: Fantasy Character
Description: Hanzo’s Nijijourney Showcase (AI)
Link: https://www.instagram.com/hanzo.ai.art/

[ 70 ] Pin Id: 496803402662086728

Title: Ciri
Description: Hanzo’s Nijijourney Showcase (AI)
Link: https://www.instagram.com/hanzo.ai.art/

[ 71 ] Pin Id: 496803402662086731

Title: NieR:Automata Vibes
Description: Hanzo’s Midjourney(v6) Showcase (AI)
Link: https://www.instagram.com/hanzo.ai.art/

[ 72 ] Pin Id: 496803402662086740

Title: Fantasy Character
Description: Hanzo’s Midjourney(v6) Showcase (AI)
Link: https://www.instagram.com/hanzo.ai.art/

[ 73 ] Pin Id: 496803402662101994

Title: Midjourney Ai Photorealism
Description: Hanzo’s Midjourney(v6) Showcase (AI)
Link: https://www.instagram.com/hanzo.ai.art/

[ 74 ] Pin Id: 496803402662119450

Title: Elven Fantasy Character
Description: Hanzo’s Nijijourney Showcase (AI)
Link: https://www.instagram.com/hanzo.ai.art/

[ 75 ] Pin Id: 496803402662119465

Title: Elven Fantasy Character
Description: Hanzo’s Nijijourney Showcase (AI)
Link: https://www.instagram.com/hanzo.ai.art/

[ 76 ] Pin Id: 496803402662130349

Title: Fantasy Character
Description: Hanzo’s Midjourney(v6) Showcase (AI)
Link: https://www.instagram.com/hanzo.ai.art/

[ 77 ] Pin Id: 496803402662134464

Title: Elven Fantasy Maiden
Description: Hanzo’s Nijijourney Showcase (AI)
Link: https://www.instagram.com/hanzo.ai.art/

[ 78 ] Pin Id: 496803402662134505

Title: Fantasy Character
Description: Hanzo’s Nijijourney Showcase (AI)
Link: https://www.instagram.com/hanzo.ai.art/

[ 79 ] Pin Id: 496803402662136562

Title: Fantasy Character
Description: Hanzo’s Midjourney(v6) Showcase (AI)
Link: https://www.instagram.com/hanzo.ai.art/

[ 80 ] Pin Id: 496803402662136581

Title: Zelda Vibes
Description: Hanzo’s Midjourney(v6) Showcase (AI)
Link: https://www.instagram.com/hanzo.ai.art/

[ 81 ] Pin Id: 496803402662176338

Description: Created with Midjourney Ai #Character #Fantasy #Anime #cartoon #cyberpunk #sci-fi

[ 82 ] Pin Id: 496803402662176339

Description: Created with Midjourney Ai #Character #Fantasy #Anime #cartoon #cyberpunk #sci-fi

[ 83 ] Pin Id: 496803402662176347

Description: Created with Midjourney Ai #Character #Fantasy #Anime #cartoon #cyberpunk #sci-fi

[ 84 ] Pin Id: 496803402662176353

Description: Created with Midjourney Ai #Character #Fantasy #Anime #cartoon #cyberpunk #sci-fi

[ 85 ] Pin Id: 496803402662184224

Title: Melody

[ 86 ] Pin Id: 496803402662192779

Title: Nijijourney Portrait Art
Description: Hanzo’s Nijijourney Showcase (AI)
Link: https://www.instagram.com/hanzo.ai.art/

[ 87 ] Pin Id: 496803402662192790

Title: Elven Fantasy Maiden
Description: Hanzo’s Midjourney(v6) Showcase (AI)
Link: https://www.instagram.com/hanzo.ai.art/

[ 88 ] Pin Id: 496803402662200436

Title: Elven Fantasy Character
Description: Hanzo’s Nijijourney Showcase (AI)
Link: https://www.instagram.com/hanzo.ai.art/

[ 89 ] Pin Id: 496803402662200438

Title: Elven Fantasy Character
Description: Hanzo’s Nijijourney Showcase (AI)
Link: https://www.instagram.com/hanzo.ai.art/

[ 90 ] Pin Id: 496803402662200452

Title: Elven Fantasy Maiden
Description: Hanzo’s Nijijourney Showcase (AI)
Link: https://www.instagram.com/hanzo.ai.art/

[ 91 ] Pin Id: 496803402662208723

Title: Nijijourney Portrait Art
Description: Hanzo’s Nijijourney Showcase (AI)
Link: https://www.instagram.com/hanzo.ai.art/

[ 92 ] Pin Id: 496803402662229897

Description: Created with Midjourney Ai #Artwork #Character #Fantasy #Anime #cartoon #cyberpunk

[ 93 ] Pin Id: 496803402662229904

Title: ✰Uncharted

[ 94 ] Pin Id: 496803402662229931

Title: Elven Fantasy Maiden
Link: https://www.instagram.com/hanzo.ai.art/

[ 95 ] Pin Id: 496803402662229935

Title: Anime Portrait Art Ai Style
Description: Hanzo’s Nijijourney Showcase (AI)
Link: https://www.instagram.com/hanzo.ai.art/

[ 96 ] Pin Id: 496803402662259769

Title: AI Created a Barbie for Every State, Here's How They Turned Out
Link: https://www.trendexposed.com/en/barbie-every-turned-ai-created?utm_source=pinterest&utm_medium=aff&utm_campaign=dist&ly=native_one&mbid=yqpqd0d5zrfe4g9l_69331d

[ 97 ] Pin Id: 496803402662260649

Title: Elven Maiden
Description: Hanzo’s Nijijourney Showcase (AI)
Link: https://www.instagram.com/hanzo.ai.art/

[ 98 ] Pin Id: 496803402662267178

Title: Elven Fantasy Maiden
Description: Hanzo’s Nijijourney Showcase (AI)
Link: https://www.instagram.com/hanzo.ai.art/

[ 99 ] Pin Id: 496803402662274558

Title: Warrior Maiden
Link: https://www.instagram.com/hanzo.ai.art/

[ 100 ] Pin Id: 496803402662287621

Title: Nijijourney Portrait Art
Description: Hanzo’s Nijijourney Showcase (AI)
Link: https://www.instagram.com/hanzo.ai.art/

[ 101 ] Pin Id: 496803402662287629

Title: Elven Fantasy Maiden
Description: Hanzo’s Nijijourney Showcase (AI)
Link: https://www.instagram.com/hanzo.ai.art/

[ 102 ] Pin Id: 496803402662292449

Title: Fantasy Maiden
Link: https://www.instagram.com/hanzo.ai.art/

[ 103 ] Pin Id: 496803402662292450

Title: Nijijourney Portrait Art
Description: Hanzo’s Nijijourney Showcase (AI)
Link: https://www.instagram.com/hanzo.ai.art/

[ 104 ] Pin Id: 496803402662329696

Title: Blonde female elf - Ai Art

[ 105 ] Pin Id: 496803402662341742

Description: T (@mental.macrocosm) • Instagram photos and videos
Link: https://www.instagram.com/p/Ct42o3oSQS_/

[ 106 ] Pin Id: 496803402662392017

Title: Fantasy Character
Description: Hanzo’s Nijijourney Showcase (AI)
Link: https://www.instagram.com/hanzo.ai.art/

[ 107 ] Pin Id: 496803402662411066

Title: Elegance of mermaid
Link: https://www.etsy.com/listing/1546461613/30-mermaid-coloring-page-mermaid?ref=listings_manager_grid

[ 108 ] Pin Id: 496803402662423786

Title: Elven Fantasy Character
Description: Hanzo’s Nijijourney Showcase (AI)
Link: https://www.instagram.com/hanzo.ai.art/

[ 109 ] Pin Id: 496803402662456372

Title: Anime Portrait Art
Description: Hanzo’s Nijijourney Showcase (AI)
Link: https://www.instagram.com/hanzo.ai.art/

[ 110 ] Pin Id: 496803402662456377

Title: Nijijourney Portrait Art
Description: Hanzo’s Nijijourney Showcase (AI)
Link: https://www.instagram.com/hanzo.ai.art/

[ 111 ] Pin Id: 496803402662463473

Title: Fantasy Character
Description: Hanzo’s Nijijourney Showcase (AI)
Link: https://www.instagram.com/hanzo.ai.art/

[ 112 ] Pin Id: 496803402662463500

Description: Created with Midjourney Ai #Character #Fantasy #Anime #cartoon #cyberpunk #sci-fi

[ 113 ] Pin Id: 496803402662463529

Title: Top 90 Coolest Anime Characters Ever
Description: Girls Happy Wallpaper #realistic #realisticai #aiartwork #aiart #midjourney #phone #wallpaper #interiordesign #smartphone #design #apple #art #mobile #photography #ios #love #iphonex #decor #technology #homedecor #instagood #beautiful #iphoneology #instaiphone #interiors #appleiphone #photooftheday #samsung #designer #iphone8plus #travel #iphoneonly #nature #iphone8 #interiordesigner
Link: https://www.boredpanda.com/coolest-anime-characters/?utm_source=pinterest&utm_medium=link&utm_campaign=artzestic

[ 114 ] Pin Id: 496803402662463563

Title: Art Digital FREE << View more here
Description: Art Digital FREE << View more here
Link: https://creativemarket.com/John_London?page=1&q=cute%20animal

[ 115 ] Pin Id: 496803402662463569

Title: Fantasy Character
Description: Hanzo’s Nijijourney Showcase (AI)
Link: https://www.instagram.com/hanzo.ai.art/

[ 116 ] Pin Id: 496803402662463587

Title: Nijijourney Portrait Art
Description: Hanzo’s Nijijourney Showcase (AI)
Link: https://www.instagram.com/hanzo.ai.art/

[ 117 ] Pin Id: 496803402662463590

Description: Created with Midjourney Ai #Character #Fantasy #Anime #cartoon #cyberpunk #sci-fi

[ 118 ] Pin Id: 496803402662463592

Link: https://www.pinterest.com/pin/944700459329624633

[ 119 ] Pin Id: 496803402662477938

Title: Nijijourney Portrait Art
Description: Hanzo’s Nijijourney Showcase (AI)
Link: https://www.instagram.com/hanzo.ai.art/

[ 120 ] Pin Id: 496803402662477941

Description: Created with Midjourney Ai #Character #Fantasy #Anime #cartoon #cyberpunk #sci-fi

[ 121 ] Pin Id: 496803402662516714

Title: Woman dancing in the sunlight - Ai Art
Description: Character art created with Midjourney Ai #Artwork #Character #Fantasy

[ 122 ] Pin Id: 496803402662523734

Title: Elven Maiden
Description: Hanzo’s Nijijourney Showcase (AI)
Link: https://www.instagram.com/hanzo.ai.art/

[ 123 ] Pin Id: 496803402662523745

Title: Nijijourney Portrait Art
Description: Hanzo’s Nijijourney Showcase (AI)
Link: https://www.instagram.com/hanzo.ai.art/

[ 124 ] Pin Id: 496803402662523763

Title: One Who Left You Will Start Chasing You...
Description: psychology facts about women, psychology facts about human behavior, psychology of human behavior, amazing psychology facts about human, interesting psychology facts about women, women psychology facts, men psychology facts, psychology life, psychology facts about love, psychology facts about relationship, relationship,  Psychology says, psychology quotes, facts about human psychology, psychology facts about human behaviour, psychological facts, interesting psychology facts, psychology research, psychology study, psychology student, psychology tips, psychology tricks, psychology class, Psychological Facts, Psychology Facts, Psychology Of Human Behaviour, Psych Facts, random psychological facts about humans, unusual psychological facts about humans, interesting psychological facts

[ 125 ] Pin Id: 496803402662532629

Title: Dehya Phone Wallpaper
Link: https://linktr.ee/raziel619

[ 126 ] Pin Id: 496803402662532663

Title: Elvish Warrior
Link: https://www.patreon.com/posts/women-warriors-99614968?utm_medium=clipboard_copy&utm_source=copyLink&utm_campaign=postshare_creator&utm_content=join_link

[ 127 ] Pin Id: 496803402662532707

Title: Huntress
Description: #notanartman #midjourney #stablediffusion #dalle #bing #leonardo #universe #aiart #midjourneyart #AI #AmaZing #anime #midjourneyai #ai #samurai #aiartcommunity #digitalart #art #girl #love #trend #tiktoc #midjourneyartwork #generativeart #photooftheday #ronin #yokai #oni #spider #midjourneyportraits #cat #notanartguy #daily #followforfollowback #trendin #assassin #urban #cyberpunk #warhammer #wh40K #warhammer40K #spacemarines

[ 128 ] Pin Id: 496803402662547793

Title: Fantasy Character
Description: Hanzo’s Nijijourney Showcase (AI)
Link: https://www.instagram.com/hanzo.ai.art/

[ 129 ] Pin Id: 496803402662570456

Title: Fantasy Character
Description: Hanzo’s Nijijourney Showcase (AI)
Link: https://www.instagram.com/hanzo.ai.art/

[ 130 ] Pin Id: 496803402662587714

Title: Elven Maiden
Description: Hanzo’s Nijijourney Showcase (AI)
Link: https://www.instagram.com/hanzo.ai.art/

[ 131 ] Pin Id: 496803402662634254

Title: Fantasy Character
Description: Hanzo’s Nijijourney Showcase (AI)
Link: https://www.instagram.com/hanzo.ai.art/

[ 132 ] Pin Id: 496803402662637657

Title: Nijijourney Portrait Art
Description: Hanzo’s Nijijourney Showcase (AI)
Link: https://www.instagram.com/hanzo.ai.art/

[ 133 ] Pin Id: 496803402662637658

Title: Elven Maiden
Description: Hanzo Nijijourney Showcase (AI)
Link: https://www.instagram.com/hanzo.ai.art/

[ 134 ] Pin Id: 496803402662641613

Title: Nijijourney Portrait Art
Description: Hanzo’s Nijijourney Showcase (AI)
Link: https://www.instagram.com/hanzo.ai.art/

[ 135 ] Pin Id: 496803402662641622

Title: Fantasy Maiden
Link: https://www.instagram.com/hanzo.ai.art/

[ 136 ] Pin Id: 496803402662776108

Title: Fantasy Character
Description: Hanzo’s Nijijourney Showcase (AI)
Link: https://www.instagram.com/hanzo.ai.art/

[ 137 ] Pin Id: 496803402662776125

Title: Stunning Demoness
Description: Hanzo Nijijourney Showcase (AI)
Link: https://www.instagram.com/hanzo.ai.art/

[ 138 ] Pin Id: 496803402662819721

Link: https://i.pinimg.com/474x/0b/0e/13/0b0e13b07b2da9779994ac76506e8af9.jpg

[ 139 ] Pin Id: 496803402662819731

Title: Dark Elf Fantasy

[ 140 ] Pin Id: 496803402662838641

Title: Sci-Fi Character
Description: Hanzo’s Nijijourney Showcase (AI)
Link: https://www.instagram.com/hanzo.ai.art/

[ 141 ] Pin Id: 496803402662838668

Title: Fantasy Character
Description: Hanzo’s Nijijourney Showcase (AI)
Link: https://www.instagram.com/hanzo.ai.art/

[ 142 ] Pin Id: 496803402662862225

Title: Sci-Fi Character
Description: Hanzo’s Nijijourney Showcase (AI)
Link: https://www.instagram.com/hanzo.ai.art/

[ 143 ] Pin Id: 496803402662862227

Title: Fantasy Character
Description: Hanzo’s Nijijourney Showcase (AI)
Link: https://www.instagram.com/hanzo.ai.art/

[ 144 ] Pin Id: 496803402662869241

Title: Fantasy character
Link: https://www.tiktok.com/@v_i_s_i_88?_t=8m3cgiL4C6q&_r=1

[ 145 ] Pin Id: 496803402662874345

Title: Elf

[ 146 ] Pin Id: 496803402662888351

Title: Bryce Quinlan
Description: 🎨: venusfolk

[ 147 ] Pin Id: 496803402662889183

Title: Elven Character
Description: Hanzo’s Nijijourney Showcase (AI)
Link: https://www.instagram.com/hanzo.ai.art/

